2021-02-26 13:55:00,180:INFO:PyCaret Supervised Module
2021-02-26 13:55:00,182:INFO:ML Usecase: classification
2021-02-26 13:55:00,182:INFO:version 2.2.3
2021-02-26 13:55:00,182:INFO:Initializing setup()
2021-02-26 13:55:00,182:INFO:setup(target=Response, ml_usecase=classification, available_plots={'parameter': 'Hyperparameters', 'auc': 'AUC', 'confusion_matrix': 'Confusion Matrix', 'threshold': 'Threshold', 'pr': 'Precision Recall', 'error': 'Prediction Error', 'class_report': 'Class Report', 'rfe': 'Feature Selection', 'learning': 'Learning Curve', 'manifold': 'Manifold Learning', 'calibration': 'Calibration Curve', 'vc': 'Validation Curve', 'dimension': 'Dimensions', 'feature': 'Feature Importance', 'feature_all': 'Feature Importance (All)', 'boundary': 'Decision Boundary', 'lift': 'Lift Chart', 'gain': 'Gain Chart', 'tree': 'Decision Tree'}, train_size=0.7, test_data=None, preprocess=True, imputation_type=simple, iterative_imputation_iters=5, categorical_features=None, categorical_imputation=constant, categorical_iterative_imputer=lightgbm, ordinal_features=None, high_cardinality_features=None, high_cardinality_method=frequency, numeric_features=None, numeric_imputation=mean, numeric_iterative_imputer=lightgbm, date_features=None, ignore_features=None, normalize=False, normalize_method=zscore, transformation=False, transformation_method=yeo-johnson, handle_unknown_categorical=True, unknown_categorical_method=least_frequent, pca=False, pca_method=linear, pca_components=None, ignore_low_variance=False, combine_rare_levels=False, rare_level_threshold=0.1, bin_numeric_features=None, remove_outliers=False, outliers_threshold=0.05, remove_multicollinearity=False, multicollinearity_threshold=0.9, remove_perfect_collinearity=True, create_clusters=False, cluster_iter=20, polynomial_features=False, polynomial_degree=2, trigonometry_features=False, polynomial_threshold=0.1, group_features=None, group_names=None, feature_selection=False, feature_selection_threshold=0.8, feature_selection_method=classic, feature_interaction=False, feature_ratio=False, interaction_threshold=0.01, fix_imbalance=False, fix_imbalance_method=None, transform_target=False, transform_target_method=box-cox, data_split_shuffle=True, data_split_stratify=False, fold_strategy=stratifiedkfold, fold=10, fold_shuffle=False, fold_groups=None, n_jobs=-1, use_gpu=False, custom_pipeline=None, html=True, session_id=123, log_experiment=False, experiment_name=None, log_plots=False, log_profile=False, log_data=False, silent=False, verbose=True, profile=False, profile_kwargs=None, display=None)
2021-02-26 13:55:00,183:INFO:Checking environment
2021-02-26 13:55:00,183:INFO:python_version: 3.8.3
2021-02-26 13:55:00,183:INFO:python_build: ('default', 'Jul  2 2020 17:30:36')
2021-02-26 13:55:00,184:INFO:machine: AMD64
2021-02-26 13:55:00,185:INFO:platform: Windows-10-10.0.19041-SP0
2021-02-26 13:55:00,204:INFO:Memory: svmem(total=8473792512, available=3954405376, percent=53.3, used=4519387136, free=3954405376)
2021-02-26 13:55:00,205:INFO:Physical Core: 4
2021-02-26 13:55:00,205:INFO:Logical Core: 8
2021-02-26 13:55:00,205:INFO:Checking libraries
2021-02-26 13:55:00,205:INFO:pd==1.0.3
2021-02-26 13:55:00,206:INFO:numpy==1.20.1
2021-02-26 13:55:00,206:INFO:sklearn==0.23.2
2021-02-26 13:55:14,954:INFO:xgboost==1.1.1
2021-02-26 13:55:14,954:INFO:lightgbm==3.1.1
2021-02-26 13:55:15,944:INFO:catboost==0.24.4
2021-02-26 13:55:31,295:INFO:mlflow==1.13.1
2021-02-26 13:55:31,296:INFO:Checking Exceptions
2021-02-26 13:55:31,297:INFO:Declaring global variables
2021-02-26 13:55:31,297:INFO:USI: a240
2021-02-26 13:55:31,298:INFO:pycaret_globals: {'transform_target_method_param', 'stratify_param', '_all_metrics', '_all_models_internal', 'fold_groups_param', 'fold_param', 'target_param', 'y_test', 'fold_generator', 'logging_param', 'imputation_classifier', 'iterative_imputation_iters_param', 'X', 'fix_imbalance_param', '_ml_usecase', 'create_model_container', 'X_train', 'fix_imbalance_method_param', 'prep_pipe', 'gpu_param', 'transform_target_param', 'experiment__', 'n_jobs_param', 'imputation_regressor', 'exp_name_log', 'X_test', 'y_train', 'USI', 'fold_shuffle_param', 'master_model_container', '_available_plots', '_internal_pipeline', 'log_plots_param', 'html_param', '_all_models', 'seed', '_gpu_n_jobs_param', 'data_before_preprocess', 'y', 'pycaret_globals', 'display_container'}
2021-02-26 13:55:31,298:INFO:Preparing display monitor
2021-02-26 13:55:31,299:INFO:Preparing display monitor
2021-02-26 13:55:31,453:INFO:Importing libraries
2021-02-26 13:55:31,455:INFO:Copying data for preprocessing
2021-02-26 13:55:31,519:INFO:Declaring preprocessing parameters
2021-02-26 13:55:31,624:INFO:Creating preprocessing pipeline
2021-02-26 13:55:32,045:INFO:Preprocessing pipeline created successfully
2021-02-26 13:55:32,045:ERROR:(Process Exit): setup has been interupted with user command 'quit'. setup must rerun.
2021-02-26 13:55:32,047:INFO:Creating global containers
2021-02-26 13:55:32,047:INFO:Internal pipeline: Pipeline(memory=None, steps=[('empty_step', 'passthrough')], verbose=False)
2021-02-26 13:59:14,829:INFO:PyCaret Supervised Module
2021-02-26 13:59:14,829:INFO:ML Usecase: classification
2021-02-26 13:59:14,829:INFO:version 2.2.3
2021-02-26 13:59:14,830:INFO:Initializing setup()
2021-02-26 13:59:14,830:INFO:setup(target=Response, ml_usecase=classification, available_plots={'parameter': 'Hyperparameters', 'auc': 'AUC', 'confusion_matrix': 'Confusion Matrix', 'threshold': 'Threshold', 'pr': 'Precision Recall', 'error': 'Prediction Error', 'class_report': 'Class Report', 'rfe': 'Feature Selection', 'learning': 'Learning Curve', 'manifold': 'Manifold Learning', 'calibration': 'Calibration Curve', 'vc': 'Validation Curve', 'dimension': 'Dimensions', 'feature': 'Feature Importance', 'feature_all': 'Feature Importance (All)', 'boundary': 'Decision Boundary', 'lift': 'Lift Chart', 'gain': 'Gain Chart', 'tree': 'Decision Tree'}, train_size=0.7, test_data=None, preprocess=True, imputation_type=simple, iterative_imputation_iters=5, categorical_features=None, categorical_imputation=constant, categorical_iterative_imputer=lightgbm, ordinal_features=None, high_cardinality_features=None, high_cardinality_method=frequency, numeric_features=None, numeric_imputation=mean, numeric_iterative_imputer=lightgbm, date_features=None, ignore_features=None, normalize=False, normalize_method=zscore, transformation=False, transformation_method=yeo-johnson, handle_unknown_categorical=True, unknown_categorical_method=least_frequent, pca=False, pca_method=linear, pca_components=None, ignore_low_variance=False, combine_rare_levels=False, rare_level_threshold=0.1, bin_numeric_features=None, remove_outliers=False, outliers_threshold=0.05, remove_multicollinearity=False, multicollinearity_threshold=0.9, remove_perfect_collinearity=True, create_clusters=False, cluster_iter=20, polynomial_features=False, polynomial_degree=2, trigonometry_features=False, polynomial_threshold=0.1, group_features=None, group_names=None, feature_selection=False, feature_selection_threshold=0.8, feature_selection_method=classic, feature_interaction=False, feature_ratio=False, interaction_threshold=0.01, fix_imbalance=False, fix_imbalance_method=None, transform_target=False, transform_target_method=box-cox, data_split_shuffle=True, data_split_stratify=False, fold_strategy=stratifiedkfold, fold=10, fold_shuffle=False, fold_groups=None, n_jobs=-1, use_gpu=False, custom_pipeline=None, html=True, session_id=123, log_experiment=False, experiment_name=None, log_plots=False, log_profile=False, log_data=False, silent=False, verbose=True, profile=False, profile_kwargs=None, display=None)
2021-02-26 13:59:14,830:INFO:Checking environment
2021-02-26 13:59:14,830:INFO:python_version: 3.8.3
2021-02-26 13:59:14,830:INFO:python_build: ('default', 'Jul  2 2020 17:30:36')
2021-02-26 13:59:14,831:INFO:machine: AMD64
2021-02-26 13:59:14,831:INFO:platform: Windows-10-10.0.19041-SP0
2021-02-26 13:59:14,831:INFO:Memory: svmem(total=8473792512, available=4023025664, percent=52.5, used=4450766848, free=4023025664)
2021-02-26 13:59:14,831:INFO:Physical Core: 4
2021-02-26 13:59:14,831:INFO:Logical Core: 8
2021-02-26 13:59:14,831:INFO:Checking libraries
2021-02-26 13:59:14,831:INFO:pd==1.0.3
2021-02-26 13:59:14,831:INFO:numpy==1.20.1
2021-02-26 13:59:14,831:INFO:sklearn==0.23.2
2021-02-26 13:59:14,832:INFO:xgboost==1.1.1
2021-02-26 13:59:14,832:INFO:lightgbm==3.1.1
2021-02-26 13:59:14,832:INFO:catboost==0.24.4
2021-02-26 13:59:14,832:INFO:mlflow==1.13.1
2021-02-26 13:59:14,832:INFO:Checking Exceptions
2021-02-26 13:59:14,832:INFO:Declaring global variables
2021-02-26 13:59:14,833:INFO:USI: 4353
2021-02-26 13:59:14,833:INFO:pycaret_globals: {'transform_target_method_param', 'stratify_param', '_all_metrics', '_all_models_internal', 'fold_groups_param', 'fold_param', 'target_param', 'y_test', 'fold_generator', 'logging_param', 'imputation_classifier', 'iterative_imputation_iters_param', 'X', 'fix_imbalance_param', '_ml_usecase', 'create_model_container', 'X_train', 'fix_imbalance_method_param', 'prep_pipe', 'gpu_param', 'transform_target_param', 'experiment__', 'n_jobs_param', 'imputation_regressor', 'exp_name_log', 'X_test', 'y_train', 'USI', 'fold_shuffle_param', 'master_model_container', '_available_plots', '_internal_pipeline', 'log_plots_param', 'html_param', '_all_models', 'seed', '_gpu_n_jobs_param', 'data_before_preprocess', 'y', 'pycaret_globals', 'display_container'}
2021-02-26 13:59:14,833:INFO:Preparing display monitor
2021-02-26 13:59:14,833:INFO:Preparing display monitor
2021-02-26 13:59:14,855:INFO:Importing libraries
2021-02-26 13:59:14,855:INFO:Copying data for preprocessing
2021-02-26 13:59:14,881:INFO:Declaring preprocessing parameters
2021-02-26 13:59:14,902:INFO:Creating preprocessing pipeline
2021-02-26 13:59:15,118:INFO:Preprocessing pipeline created successfully
2021-02-26 13:59:15,119:ERROR:(Process Exit): setup has been interupted with user command 'quit'. setup must rerun.
2021-02-26 13:59:15,119:INFO:Creating global containers
2021-02-26 13:59:15,120:INFO:Internal pipeline: Pipeline(memory=None, steps=[('empty_step', 'passthrough')], verbose=False)
2021-02-26 14:19:02,805:INFO:PyCaret Supervised Module
2021-02-26 14:19:02,806:INFO:ML Usecase: classification
2021-02-26 14:19:02,806:INFO:version 2.2.3
2021-02-26 14:19:02,806:INFO:Initializing setup()
2021-02-26 14:19:02,806:INFO:setup(target=Response, ml_usecase=classification, available_plots={'parameter': 'Hyperparameters', 'auc': 'AUC', 'confusion_matrix': 'Confusion Matrix', 'threshold': 'Threshold', 'pr': 'Precision Recall', 'error': 'Prediction Error', 'class_report': 'Class Report', 'rfe': 'Feature Selection', 'learning': 'Learning Curve', 'manifold': 'Manifold Learning', 'calibration': 'Calibration Curve', 'vc': 'Validation Curve', 'dimension': 'Dimensions', 'feature': 'Feature Importance', 'feature_all': 'Feature Importance (All)', 'boundary': 'Decision Boundary', 'lift': 'Lift Chart', 'gain': 'Gain Chart', 'tree': 'Decision Tree'}, train_size=0.7, test_data=None, preprocess=True, imputation_type=simple, iterative_imputation_iters=5, categorical_features=None, categorical_imputation=constant, categorical_iterative_imputer=lightgbm, ordinal_features=None, high_cardinality_features=None, high_cardinality_method=frequency, numeric_features=None, numeric_imputation=mean, numeric_iterative_imputer=lightgbm, date_features=None, ignore_features=None, normalize=False, normalize_method=zscore, transformation=False, transformation_method=yeo-johnson, handle_unknown_categorical=True, unknown_categorical_method=least_frequent, pca=False, pca_method=linear, pca_components=None, ignore_low_variance=False, combine_rare_levels=False, rare_level_threshold=0.1, bin_numeric_features=None, remove_outliers=False, outliers_threshold=0.05, remove_multicollinearity=False, multicollinearity_threshold=0.9, remove_perfect_collinearity=True, create_clusters=False, cluster_iter=20, polynomial_features=False, polynomial_degree=2, trigonometry_features=False, polynomial_threshold=0.1, group_features=None, group_names=None, feature_selection=False, feature_selection_threshold=0.8, feature_selection_method=classic, feature_interaction=False, feature_ratio=False, interaction_threshold=0.01, fix_imbalance=False, fix_imbalance_method=None, transform_target=False, transform_target_method=box-cox, data_split_shuffle=True, data_split_stratify=False, fold_strategy=stratifiedkfold, fold=10, fold_shuffle=False, fold_groups=None, n_jobs=-1, use_gpu=False, custom_pipeline=None, html=True, session_id=123, log_experiment=False, experiment_name=None, log_plots=False, log_profile=False, log_data=False, silent=False, verbose=True, profile=False, profile_kwargs=None, display=None)
2021-02-26 14:19:02,806:INFO:Checking environment
2021-02-26 14:19:02,807:INFO:python_version: 3.8.3
2021-02-26 14:19:02,807:INFO:python_build: ('default', 'Jul  2 2020 17:30:36')
2021-02-26 14:19:02,807:INFO:machine: AMD64
2021-02-26 14:19:02,807:INFO:platform: Windows-10-10.0.19041-SP0
2021-02-26 14:19:02,807:INFO:Memory: svmem(total=8473792512, available=3775250432, percent=55.4, used=4698542080, free=3775250432)
2021-02-26 14:19:02,807:INFO:Physical Core: 4
2021-02-26 14:19:02,808:INFO:Logical Core: 8
2021-02-26 14:19:02,808:INFO:Checking libraries
2021-02-26 14:19:02,808:INFO:pd==1.0.3
2021-02-26 14:19:02,808:INFO:numpy==1.20.1
2021-02-26 14:19:02,808:INFO:sklearn==0.23.2
2021-02-26 14:19:02,808:INFO:xgboost==1.1.1
2021-02-26 14:19:02,809:INFO:lightgbm==3.1.1
2021-02-26 14:19:02,809:INFO:catboost==0.24.4
2021-02-26 14:19:02,810:INFO:mlflow==1.13.1
2021-02-26 14:19:02,810:INFO:Checking Exceptions
2021-02-26 14:19:02,810:INFO:Declaring global variables
2021-02-26 14:19:02,810:INFO:USI: e0e7
2021-02-26 14:19:02,810:INFO:pycaret_globals: {'transform_target_method_param', 'stratify_param', '_all_metrics', '_all_models_internal', 'fold_groups_param', 'fold_param', 'target_param', 'y_test', 'fold_generator', 'logging_param', 'imputation_classifier', 'iterative_imputation_iters_param', 'X', 'fix_imbalance_param', '_ml_usecase', 'create_model_container', 'X_train', 'fix_imbalance_method_param', 'prep_pipe', 'gpu_param', 'transform_target_param', 'experiment__', 'n_jobs_param', 'imputation_regressor', 'exp_name_log', 'X_test', 'y_train', 'USI', 'fold_shuffle_param', 'master_model_container', '_available_plots', '_internal_pipeline', 'log_plots_param', 'html_param', '_all_models', 'seed', '_gpu_n_jobs_param', 'data_before_preprocess', 'y', 'pycaret_globals', 'display_container'}
2021-02-26 14:19:02,810:INFO:Preparing display monitor
2021-02-26 14:19:02,810:INFO:Preparing display monitor
2021-02-26 14:19:02,834:INFO:Importing libraries
2021-02-26 14:19:02,835:INFO:Copying data for preprocessing
2021-02-26 14:19:02,858:INFO:Declaring preprocessing parameters
2021-02-26 14:19:02,868:INFO:Creating preprocessing pipeline
2021-02-26 14:19:03,019:INFO:Preprocessing pipeline created successfully
2021-02-26 14:19:03,019:ERROR:(Process Exit): setup has been interupted with user command 'quit'. setup must rerun.
2021-02-26 14:19:03,020:INFO:Creating global containers
2021-02-26 14:19:03,020:INFO:Internal pipeline: Pipeline(memory=None, steps=[('empty_step', 'passthrough')], verbose=False)
2021-02-26 14:19:06,585:INFO:Creating grid variables
2021-02-26 14:19:06,750:INFO:create_model_container: 0
2021-02-26 14:19:06,751:INFO:master_model_container: 0
2021-02-26 14:19:06,751:INFO:display_container: 1
2021-02-26 14:19:06,765:INFO:Pipeline(memory=None,
         steps=[('dtypes',
                 DataTypes_Auto_infer(categorical_features=[],
                                      display_types=True, features_todrop=[],
                                      id_columns=['ID'],
                                      ml_usecase='classification',
                                      numerical_features=[], target='Response',
                                      time_features=[])),
                ('imputer',
                 Simple_Imputer(categorical_strategy='not_available',
                                fill_value_categorical=None,
                                fill_value_numerical=None,
                                numeric...
                ('scaling', 'passthrough'), ('P_transform', 'passthrough'),
                ('binn', 'passthrough'), ('rem_outliers', 'passthrough'),
                ('cluster_all', 'passthrough'),
                ('dummy', Dummify(target='Response')),
                ('fix_perfect', Remove_100(target='Response')),
                ('clean_names', Clean_Colum_Names()),
                ('feature_select', 'passthrough'), ('fix_multi', 'passthrough'),
                ('dfs', 'passthrough'), ('pca', 'passthrough')],
         verbose=False)
2021-02-26 14:19:06,766:INFO:setup() succesfully completed......................................
2021-02-26 14:19:15,091:INFO:Initializing compare_models()
2021-02-26 14:19:15,091:INFO:compare_models(include=None, fold=None, round=4, cross_validation=True, sort=Accuracy, n_select=1, budget_time=None, turbo=True, errors=ignore, fit_kwargs=None, groups=None, verbose=True, display=None, exclude=None)
2021-02-26 14:19:15,092:INFO:Checking exceptions
2021-02-26 14:19:15,095:INFO:Preparing display monitor
2021-02-26 14:19:15,096:INFO:Preparing display monitor
2021-02-28 23:08:48,221:INFO:PyCaret Supervised Module
2021-02-28 23:08:48,232:INFO:ML Usecase: classification
2021-02-28 23:08:48,232:INFO:version 2.2.3
2021-02-28 23:08:48,232:INFO:Initializing setup()
2021-02-28 23:08:48,232:INFO:setup(target=Response, ml_usecase=classification, available_plots={'parameter': 'Hyperparameters', 'auc': 'AUC', 'confusion_matrix': 'Confusion Matrix', 'threshold': 'Threshold', 'pr': 'Precision Recall', 'error': 'Prediction Error', 'class_report': 'Class Report', 'rfe': 'Feature Selection', 'learning': 'Learning Curve', 'manifold': 'Manifold Learning', 'calibration': 'Calibration Curve', 'vc': 'Validation Curve', 'dimension': 'Dimensions', 'feature': 'Feature Importance', 'feature_all': 'Feature Importance (All)', 'boundary': 'Decision Boundary', 'lift': 'Lift Chart', 'gain': 'Gain Chart', 'tree': 'Decision Tree'}, train_size=0.7, test_data=None, preprocess=True, imputation_type=simple, iterative_imputation_iters=5, categorical_features=None, categorical_imputation=constant, categorical_iterative_imputer=lightgbm, ordinal_features=None, high_cardinality_features=None, high_cardinality_method=frequency, numeric_features=None, numeric_imputation=mean, numeric_iterative_imputer=lightgbm, date_features=None, ignore_features=None, normalize=False, normalize_method=zscore, transformation=False, transformation_method=yeo-johnson, handle_unknown_categorical=True, unknown_categorical_method=least_frequent, pca=False, pca_method=linear, pca_components=None, ignore_low_variance=False, combine_rare_levels=False, rare_level_threshold=0.1, bin_numeric_features=None, remove_outliers=False, outliers_threshold=0.05, remove_multicollinearity=False, multicollinearity_threshold=0.9, remove_perfect_collinearity=True, create_clusters=False, cluster_iter=20, polynomial_features=False, polynomial_degree=2, trigonometry_features=False, polynomial_threshold=0.1, group_features=None, group_names=None, feature_selection=False, feature_selection_threshold=0.8, feature_selection_method=classic, feature_interaction=False, feature_ratio=False, interaction_threshold=0.01, fix_imbalance=False, fix_imbalance_method=None, transform_target=False, transform_target_method=box-cox, data_split_shuffle=True, data_split_stratify=False, fold_strategy=stratifiedkfold, fold=10, fold_shuffle=False, fold_groups=None, n_jobs=-1, use_gpu=False, custom_pipeline=None, html=True, session_id=123, log_experiment=False, experiment_name=None, log_plots=False, log_profile=False, log_data=False, silent=False, verbose=True, profile=False, profile_kwargs=None, display=None)
2021-02-28 23:08:48,232:INFO:Checking environment
2021-02-28 23:08:48,232:INFO:python_version: 3.8.3
2021-02-28 23:08:48,232:INFO:python_build: ('default', 'Jul  2 2020 17:30:36')
2021-02-28 23:08:48,232:INFO:machine: AMD64
2021-02-28 23:08:48,232:INFO:platform: Windows-10-10.0.19041-SP0
2021-02-28 23:08:48,232:INFO:Memory: svmem(total=8473792512, available=2478624768, percent=70.7, used=5995167744, free=2478624768)
2021-02-28 23:08:48,232:INFO:Physical Core: 4
2021-02-28 23:08:48,233:INFO:Logical Core: 8
2021-02-28 23:08:48,233:INFO:Checking libraries
2021-02-28 23:08:48,233:INFO:pd==1.0.3
2021-02-28 23:08:48,233:INFO:numpy==1.20.1
2021-02-28 23:08:48,233:INFO:sklearn==0.23.2
2021-02-28 23:08:57,007:INFO:xgboost==1.1.1
2021-02-28 23:08:57,007:INFO:lightgbm==3.1.1
2021-02-28 23:08:57,906:INFO:catboost==0.24.4
2021-02-28 23:09:09,659:INFO:mlflow==1.13.1
2021-02-28 23:09:09,660:INFO:Checking Exceptions
2021-02-28 23:09:09,661:INFO:Declaring global variables
2021-02-28 23:09:09,661:INFO:USI: 21d6
2021-02-28 23:09:09,661:INFO:pycaret_globals: {'imputation_classifier', 'X_test', 'display_container', 'fold_param', 'seed', 'y', '_gpu_n_jobs_param', 'transform_target_param', 'logging_param', 'n_jobs_param', 'target_param', 'data_before_preprocess', 'pycaret_globals', '_all_models', 'html_param', '_ml_usecase', 'gpu_param', 'fix_imbalance_param', 'exp_name_log', 'prep_pipe', 'fold_generator', 'log_plots_param', 'transform_target_method_param', 'fold_shuffle_param', 'iterative_imputation_iters_param', '_all_metrics', '_available_plots', 'y_test', 'y_train', 'stratify_param', 'X_train', 'fold_groups_param', 'master_model_container', 'USI', 'fix_imbalance_method_param', '_internal_pipeline', 'imputation_regressor', 'X', 'create_model_container', '_all_models_internal', 'experiment__'}
2021-02-28 23:09:09,661:INFO:Preparing display monitor
2021-02-28 23:09:09,662:INFO:Preparing display monitor
2021-02-28 23:09:09,700:INFO:Importing libraries
2021-02-28 23:09:09,700:INFO:Copying data for preprocessing
2021-02-28 23:09:09,709:INFO:Declaring preprocessing parameters
2021-02-28 23:09:09,714:INFO:Creating preprocessing pipeline
2021-02-28 23:09:09,787:INFO:Preprocessing pipeline created successfully
2021-02-28 23:09:09,787:ERROR:(Process Exit): setup has been interupted with user command 'quit'. setup must rerun.
2021-02-28 23:09:09,787:INFO:Creating global containers
2021-02-28 23:09:09,804:INFO:Internal pipeline: Pipeline(memory=None, steps=[('empty_step', 'passthrough')], verbose=False)
2021-02-28 23:10:38,013:INFO:PyCaret Supervised Module
2021-02-28 23:10:38,013:INFO:ML Usecase: classification
2021-02-28 23:10:38,014:INFO:version 2.2.3
2021-02-28 23:10:38,014:INFO:Initializing setup()
2021-02-28 23:10:38,014:INFO:setup(target=Response, ml_usecase=classification, available_plots={'parameter': 'Hyperparameters', 'auc': 'AUC', 'confusion_matrix': 'Confusion Matrix', 'threshold': 'Threshold', 'pr': 'Precision Recall', 'error': 'Prediction Error', 'class_report': 'Class Report', 'rfe': 'Feature Selection', 'learning': 'Learning Curve', 'manifold': 'Manifold Learning', 'calibration': 'Calibration Curve', 'vc': 'Validation Curve', 'dimension': 'Dimensions', 'feature': 'Feature Importance', 'feature_all': 'Feature Importance (All)', 'boundary': 'Decision Boundary', 'lift': 'Lift Chart', 'gain': 'Gain Chart', 'tree': 'Decision Tree'}, train_size=0.7, test_data=None, preprocess=True, imputation_type=simple, iterative_imputation_iters=5, categorical_features=None, categorical_imputation=constant, categorical_iterative_imputer=lightgbm, ordinal_features=None, high_cardinality_features=None, high_cardinality_method=frequency, numeric_features=None, numeric_imputation=mean, numeric_iterative_imputer=lightgbm, date_features=None, ignore_features=None, normalize=False, normalize_method=zscore, transformation=False, transformation_method=yeo-johnson, handle_unknown_categorical=True, unknown_categorical_method=least_frequent, pca=False, pca_method=linear, pca_components=None, ignore_low_variance=False, combine_rare_levels=False, rare_level_threshold=0.1, bin_numeric_features=None, remove_outliers=False, outliers_threshold=0.05, remove_multicollinearity=False, multicollinearity_threshold=0.9, remove_perfect_collinearity=True, create_clusters=False, cluster_iter=20, polynomial_features=False, polynomial_degree=2, trigonometry_features=False, polynomial_threshold=0.1, group_features=None, group_names=None, feature_selection=False, feature_selection_threshold=0.8, feature_selection_method=classic, feature_interaction=False, feature_ratio=False, interaction_threshold=0.01, fix_imbalance=False, fix_imbalance_method=None, transform_target=False, transform_target_method=box-cox, data_split_shuffle=True, data_split_stratify=False, fold_strategy=stratifiedkfold, fold=10, fold_shuffle=False, fold_groups=None, n_jobs=-1, use_gpu=False, custom_pipeline=None, html=True, session_id=123, log_experiment=False, experiment_name=None, log_plots=False, log_profile=False, log_data=False, silent=False, verbose=True, profile=False, profile_kwargs=None, display=None)
2021-02-28 23:10:38,014:INFO:Checking environment
2021-02-28 23:10:38,014:INFO:python_version: 3.8.3
2021-02-28 23:10:38,015:INFO:python_build: ('default', 'Jul  2 2020 17:30:36')
2021-02-28 23:10:38,015:INFO:machine: AMD64
2021-02-28 23:10:38,015:INFO:platform: Windows-10-10.0.19041-SP0
2021-02-28 23:10:38,015:INFO:Memory: svmem(total=8473792512, available=2427731968, percent=71.4, used=6046060544, free=2427731968)
2021-02-28 23:10:38,015:INFO:Physical Core: 4
2021-02-28 23:10:38,015:INFO:Logical Core: 8
2021-02-28 23:10:38,015:INFO:Checking libraries
2021-02-28 23:10:38,015:INFO:pd==1.0.3
2021-02-28 23:10:38,015:INFO:numpy==1.20.1
2021-02-28 23:10:38,015:INFO:sklearn==0.23.2
2021-02-28 23:10:38,015:INFO:xgboost==1.1.1
2021-02-28 23:10:38,016:INFO:lightgbm==3.1.1
2021-02-28 23:10:38,016:INFO:catboost==0.24.4
2021-02-28 23:10:38,016:INFO:mlflow==1.13.1
2021-02-28 23:10:38,016:INFO:Checking Exceptions
2021-02-28 23:10:38,016:INFO:Declaring global variables
2021-02-28 23:10:38,016:INFO:USI: bc53
2021-02-28 23:10:38,016:INFO:pycaret_globals: {'imputation_classifier', 'X_test', 'display_container', 'fold_param', 'seed', 'y', '_gpu_n_jobs_param', 'transform_target_param', 'logging_param', 'n_jobs_param', 'target_param', 'data_before_preprocess', 'pycaret_globals', '_all_models', 'html_param', '_ml_usecase', 'gpu_param', 'fix_imbalance_param', 'exp_name_log', 'prep_pipe', 'fold_generator', 'log_plots_param', 'transform_target_method_param', 'fold_shuffle_param', 'iterative_imputation_iters_param', '_all_metrics', '_available_plots', 'y_test', 'y_train', 'stratify_param', 'X_train', 'fold_groups_param', 'master_model_container', 'USI', 'fix_imbalance_method_param', '_internal_pipeline', 'imputation_regressor', 'X', 'create_model_container', '_all_models_internal', 'experiment__'}
2021-02-28 23:10:38,016:INFO:Preparing display monitor
2021-02-28 23:10:38,017:INFO:Preparing display monitor
2021-02-28 23:10:38,033:INFO:Importing libraries
2021-02-28 23:10:38,033:INFO:Copying data for preprocessing
2021-02-28 23:10:38,046:INFO:Declaring preprocessing parameters
2021-02-28 23:10:38,051:INFO:Creating preprocessing pipeline
2021-02-28 23:10:38,134:INFO:Preprocessing pipeline created successfully
2021-02-28 23:10:38,134:ERROR:(Process Exit): setup has been interupted with user command 'quit'. setup must rerun.
2021-02-28 23:10:38,134:INFO:Creating global containers
2021-02-28 23:10:38,135:INFO:Internal pipeline: Pipeline(memory=None, steps=[('empty_step', 'passthrough')], verbose=False)
2021-02-28 23:10:48,925:INFO:PyCaret Supervised Module
2021-02-28 23:10:48,925:INFO:ML Usecase: classification
2021-02-28 23:10:48,925:INFO:version 2.2.3
2021-02-28 23:10:48,925:INFO:Initializing setup()
2021-02-28 23:10:48,925:INFO:setup(target=Response, ml_usecase=classification, available_plots={'parameter': 'Hyperparameters', 'auc': 'AUC', 'confusion_matrix': 'Confusion Matrix', 'threshold': 'Threshold', 'pr': 'Precision Recall', 'error': 'Prediction Error', 'class_report': 'Class Report', 'rfe': 'Feature Selection', 'learning': 'Learning Curve', 'manifold': 'Manifold Learning', 'calibration': 'Calibration Curve', 'vc': 'Validation Curve', 'dimension': 'Dimensions', 'feature': 'Feature Importance', 'feature_all': 'Feature Importance (All)', 'boundary': 'Decision Boundary', 'lift': 'Lift Chart', 'gain': 'Gain Chart', 'tree': 'Decision Tree'}, train_size=0.7, test_data=None, preprocess=True, imputation_type=simple, iterative_imputation_iters=5, categorical_features=None, categorical_imputation=constant, categorical_iterative_imputer=lightgbm, ordinal_features=None, high_cardinality_features=None, high_cardinality_method=frequency, numeric_features=None, numeric_imputation=mean, numeric_iterative_imputer=lightgbm, date_features=None, ignore_features=None, normalize=False, normalize_method=zscore, transformation=False, transformation_method=yeo-johnson, handle_unknown_categorical=True, unknown_categorical_method=least_frequent, pca=False, pca_method=linear, pca_components=None, ignore_low_variance=False, combine_rare_levels=False, rare_level_threshold=0.1, bin_numeric_features=None, remove_outliers=False, outliers_threshold=0.05, remove_multicollinearity=False, multicollinearity_threshold=0.9, remove_perfect_collinearity=True, create_clusters=False, cluster_iter=20, polynomial_features=False, polynomial_degree=2, trigonometry_features=False, polynomial_threshold=0.1, group_features=None, group_names=None, feature_selection=False, feature_selection_threshold=0.8, feature_selection_method=classic, feature_interaction=False, feature_ratio=False, interaction_threshold=0.01, fix_imbalance=False, fix_imbalance_method=None, transform_target=False, transform_target_method=box-cox, data_split_shuffle=True, data_split_stratify=False, fold_strategy=stratifiedkfold, fold=10, fold_shuffle=False, fold_groups=None, n_jobs=-1, use_gpu=False, custom_pipeline=None, html=True, session_id=123, log_experiment=False, experiment_name=None, log_plots=False, log_profile=False, log_data=False, silent=False, verbose=True, profile=False, profile_kwargs=None, display=None)
2021-02-28 23:10:48,926:INFO:Checking environment
2021-02-28 23:10:48,926:INFO:python_version: 3.8.3
2021-02-28 23:10:48,926:INFO:python_build: ('default', 'Jul  2 2020 17:30:36')
2021-02-28 23:10:48,926:INFO:machine: AMD64
2021-02-28 23:10:48,926:INFO:platform: Windows-10-10.0.19041-SP0
2021-02-28 23:10:48,926:INFO:Memory: svmem(total=8473792512, available=2384277504, percent=71.9, used=6089515008, free=2384277504)
2021-02-28 23:10:48,926:INFO:Physical Core: 4
2021-02-28 23:10:48,926:INFO:Logical Core: 8
2021-02-28 23:10:48,927:INFO:Checking libraries
2021-02-28 23:10:48,927:INFO:pd==1.0.3
2021-02-28 23:10:48,927:INFO:numpy==1.20.1
2021-02-28 23:10:48,927:INFO:sklearn==0.23.2
2021-02-28 23:10:48,927:INFO:xgboost==1.1.1
2021-02-28 23:10:48,927:INFO:lightgbm==3.1.1
2021-02-28 23:10:48,927:INFO:catboost==0.24.4
2021-02-28 23:10:48,927:INFO:mlflow==1.13.1
2021-02-28 23:10:48,927:INFO:Checking Exceptions
2021-02-28 23:10:48,927:INFO:Declaring global variables
2021-02-28 23:10:48,927:INFO:USI: 61e9
2021-02-28 23:10:48,927:INFO:pycaret_globals: {'imputation_classifier', 'X_test', 'display_container', 'fold_param', 'seed', 'y', '_gpu_n_jobs_param', 'transform_target_param', 'logging_param', 'n_jobs_param', 'target_param', 'data_before_preprocess', 'pycaret_globals', '_all_models', 'html_param', '_ml_usecase', 'gpu_param', 'fix_imbalance_param', 'exp_name_log', 'prep_pipe', 'fold_generator', 'log_plots_param', 'transform_target_method_param', 'fold_shuffle_param', 'iterative_imputation_iters_param', '_all_metrics', '_available_plots', 'y_test', 'y_train', 'stratify_param', 'X_train', 'fold_groups_param', 'master_model_container', 'USI', 'fix_imbalance_method_param', '_internal_pipeline', 'imputation_regressor', 'X', 'create_model_container', '_all_models_internal', 'experiment__'}
2021-02-28 23:10:48,927:INFO:Preparing display monitor
2021-02-28 23:10:48,927:INFO:Preparing display monitor
2021-02-28 23:10:48,939:INFO:Importing libraries
2021-02-28 23:10:48,939:INFO:Copying data for preprocessing
2021-02-28 23:10:48,948:INFO:Declaring preprocessing parameters
2021-02-28 23:10:48,953:INFO:Creating preprocessing pipeline
2021-02-28 23:10:49,040:INFO:Preprocessing pipeline created successfully
2021-02-28 23:10:49,040:ERROR:(Process Exit): setup has been interupted with user command 'quit'. setup must rerun.
2021-02-28 23:10:49,040:INFO:Creating global containers
2021-02-28 23:10:49,041:INFO:Internal pipeline: Pipeline(memory=None, steps=[('empty_step', 'passthrough')], verbose=False)
2021-02-28 23:19:52,466:INFO:PyCaret Supervised Module
2021-02-28 23:19:52,466:INFO:ML Usecase: classification
2021-02-28 23:19:52,466:INFO:version 2.3.0
2021-02-28 23:19:52,466:INFO:Initializing setup()
2021-02-28 23:19:52,466:INFO:setup(target=Response, ml_usecase=classification, available_plots={'parameter': 'Hyperparameters', 'auc': 'AUC', 'confusion_matrix': 'Confusion Matrix', 'threshold': 'Threshold', 'pr': 'Precision Recall', 'error': 'Prediction Error', 'class_report': 'Class Report', 'rfe': 'Feature Selection', 'learning': 'Learning Curve', 'manifold': 'Manifold Learning', 'calibration': 'Calibration Curve', 'vc': 'Validation Curve', 'dimension': 'Dimensions', 'feature': 'Feature Importance', 'feature_all': 'Feature Importance (All)', 'boundary': 'Decision Boundary', 'lift': 'Lift Chart', 'gain': 'Gain Chart', 'tree': 'Decision Tree'}, train_size=0.7, test_data=None, preprocess=True, imputation_type=simple, iterative_imputation_iters=5, categorical_features=None, categorical_imputation=constant, categorical_iterative_imputer=lightgbm, ordinal_features=None, high_cardinality_features=None, high_cardinality_method=frequency, numeric_features=None, numeric_imputation=mean, numeric_iterative_imputer=lightgbm, date_features=None, ignore_features=None, normalize=False, normalize_method=zscore, transformation=False, transformation_method=yeo-johnson, handle_unknown_categorical=True, unknown_categorical_method=least_frequent, pca=False, pca_method=linear, pca_components=None, ignore_low_variance=False, combine_rare_levels=False, rare_level_threshold=0.1, bin_numeric_features=None, remove_outliers=False, outliers_threshold=0.05, remove_multicollinearity=False, multicollinearity_threshold=0.9, remove_perfect_collinearity=True, create_clusters=False, cluster_iter=20, polynomial_features=False, polynomial_degree=2, trigonometry_features=False, polynomial_threshold=0.1, group_features=None, group_names=None, feature_selection=False, feature_selection_threshold=0.8, feature_selection_method=classic, feature_interaction=False, feature_ratio=False, interaction_threshold=0.01, fix_imbalance=False, fix_imbalance_method=None, transform_target=False, transform_target_method=box-cox, data_split_shuffle=True, data_split_stratify=False, fold_strategy=stratifiedkfold, fold=10, fold_shuffle=False, fold_groups=None, n_jobs=-1, use_gpu=False, custom_pipeline=None, html=True, session_id=123, log_experiment=False, experiment_name=None, log_plots=False, log_profile=False, log_data=False, silent=False, verbose=True, profile=False, profile_kwargs=None, display=None)
2021-02-28 23:19:52,466:INFO:Checking environment
2021-02-28 23:19:52,466:INFO:python_version: 3.8.3
2021-02-28 23:19:52,466:INFO:python_build: ('default', 'Jul  2 2020 17:30:36')
2021-02-28 23:19:52,466:INFO:machine: AMD64
2021-02-28 23:19:52,466:INFO:platform: Windows-10-10.0.19041-SP0
2021-02-28 23:19:52,466:INFO:Memory: svmem(total=8473792512, available=3336003584, percent=60.6, used=5137788928, free=3336003584)
2021-02-28 23:19:52,467:INFO:Physical Core: 4
2021-02-28 23:19:52,467:INFO:Logical Core: 8
2021-02-28 23:19:52,467:INFO:Checking libraries
2021-02-28 23:19:52,467:INFO:pd==1.0.3
2021-02-28 23:19:52,467:INFO:numpy==1.19.5
2021-02-28 23:19:52,467:INFO:sklearn==0.23.2
2021-02-28 23:19:52,467:INFO:lightgbm==3.1.1
2021-02-28 23:19:52,479:INFO:catboost==0.24.4
2021-02-28 23:19:52,902:INFO:xgboost==1.1.1
2021-02-28 23:19:53,676:INFO:mlflow==1.13.1
2021-02-28 23:19:53,676:INFO:Checking Exceptions
2021-02-28 23:19:53,676:INFO:Declaring global variables
2021-02-28 23:19:53,677:INFO:USI: 538a
2021-02-28 23:19:53,677:INFO:pycaret_globals: {'y_train', '_all_models_internal', 'gpu_param', 'imputation_classifier', 'logging_param', 'display_container', '_available_plots', 'transform_target_param', '_ml_usecase', 'fold_param', 'create_model_container', 'transform_target_method_param', 'X_train', 'seed', 'stratify_param', 'experiment__', '_all_metrics', 'data_before_preprocess', 'fix_imbalance_param', 'master_model_container', 'html_param', 'fold_groups_param', 'exp_name_log', 'log_plots_param', 'target_param', 'X_test', 'fix_imbalance_method_param', '_gpu_n_jobs_param', 'iterative_imputation_iters_param', 'fold_shuffle_param', 'fold_generator', '_all_models', 'pycaret_globals', '_internal_pipeline', 'n_jobs_param', 'y_test', 'X', 'prep_pipe', 'imputation_regressor', 'y', 'USI'}
2021-02-28 23:19:53,677:INFO:Preparing display monitor
2021-02-28 23:19:53,677:INFO:Preparing display monitor
2021-02-28 23:19:53,688:INFO:Importing libraries
2021-02-28 23:19:53,688:INFO:Copying data for preprocessing
2021-02-28 23:19:53,704:INFO:Declaring preprocessing parameters
2021-02-28 23:19:53,709:INFO:Creating preprocessing pipeline
2021-02-28 23:19:53,782:INFO:Preprocessing pipeline created successfully
2021-02-28 23:19:53,782:ERROR:(Process Exit): setup has been interupted with user command 'quit'. setup must rerun.
2021-02-28 23:19:53,782:INFO:Creating global containers
2021-02-28 23:19:53,784:INFO:Internal pipeline: Pipeline(memory=None, steps=[('empty_step', 'passthrough')], verbose=False)
2021-02-28 23:19:56,433:INFO:Creating grid variables
2021-02-28 23:19:56,489:INFO:create_model_container: 0
2021-02-28 23:19:56,489:INFO:master_model_container: 0
2021-02-28 23:19:56,489:INFO:display_container: 1
2021-02-28 23:19:56,493:INFO:Pipeline(memory=None,
         steps=[('dtypes',
                 DataTypes_Auto_infer(categorical_features=[],
                                      display_types=True, features_todrop=[],
                                      id_columns=['ID'],
                                      ml_usecase='classification',
                                      numerical_features=[], target='Response',
                                      time_features=[])),
                ('imputer',
                 Simple_Imputer(categorical_strategy='not_available',
                                fill_value_categorical=None,
                                fill_value_numerical=None,
                                numeric...
                ('scaling', 'passthrough'), ('P_transform', 'passthrough'),
                ('binn', 'passthrough'), ('rem_outliers', 'passthrough'),
                ('cluster_all', 'passthrough'),
                ('dummy', Dummify(target='Response')),
                ('fix_perfect', Remove_100(target='Response')),
                ('clean_names', Clean_Colum_Names()),
                ('feature_select', 'passthrough'), ('fix_multi', 'passthrough'),
                ('dfs', 'passthrough'), ('pca', 'passthrough')],
         verbose=False)
2021-02-28 23:19:56,494:INFO:setup() succesfully completed......................................
2021-02-28 23:20:07,246:INFO:Initializing compare_models()
2021-02-28 23:20:07,247:INFO:compare_models(include=None, fold=None, round=4, cross_validation=True, sort=Accuracy, n_select=1, budget_time=None, turbo=True, errors=ignore, fit_kwargs=None, groups=None, verbose=True, display=None, exclude=None)
2021-02-28 23:20:07,247:INFO:Checking exceptions
2021-02-28 23:20:07,249:INFO:Preparing display monitor
2021-02-28 23:20:07,249:INFO:Preparing display monitor
2021-02-28 23:20:07,276:INFO:Initializing Logistic Regression
2021-02-28 23:20:07,277:INFO:Total runtime is 1.651446024576823e-05 minutes
2021-02-28 23:20:07,289:INFO:SubProcess create_model() called ==================================
2021-02-28 23:20:07,289:INFO:Initializing create_model()
2021-02-28 23:20:07,289:INFO:create_model(estimator=lr, fold=StratifiedKFold(n_splits=10, random_state=None, shuffle=False), round=4, cross_validation=True, predict=True, fit_kwargs={}, groups=None, refit=False, verbose=False, system=False, metrics=None, display=<pycaret.internal.Display.Display object at 0x000001AD38354FA0>, kwargs={})
2021-02-28 23:20:07,289:INFO:Checking exceptions
2021-02-28 23:20:07,290:INFO:Importing libraries
2021-02-28 23:20:07,290:INFO:Copying training dataset
2021-02-28 23:20:07,291:INFO:Defining folds
2021-02-28 23:20:07,291:INFO:Declaring metric variables
2021-02-28 23:20:07,299:INFO:Importing untrained model
2021-02-28 23:20:07,312:INFO:Logistic Regression Imported succesfully
2021-02-28 23:20:07,333:INFO:Starting cross validation
2021-02-28 23:20:07,334:INFO:Cross validating with StratifiedKFold(n_splits=10, random_state=None, shuffle=False), n_jobs=-1
2021-02-28 23:20:13,292:INFO:Calculating mean and std
2021-02-28 23:20:13,295:INFO:Creating metrics dataframe
2021-02-28 23:20:13,306:INFO:Uploading results into container
2021-02-28 23:20:13,306:INFO:Uploading model into container now
2021-02-28 23:20:13,306:INFO:create_model_container: 1
2021-02-28 23:20:13,306:INFO:master_model_container: 1
2021-02-28 23:20:13,306:INFO:display_container: 2
2021-02-28 23:20:13,308:INFO:LogisticRegression(C=1.0, class_weight=None, dual=False, fit_intercept=True,
                   intercept_scaling=1, l1_ratio=None, max_iter=1000,
                   multi_class='auto', n_jobs=None, penalty='l2',
                   random_state=123, solver='lbfgs', tol=0.0001, verbose=0,
                   warm_start=False)
2021-02-28 23:20:13,308:INFO:create_model() succesfully completed......................................
2021-02-28 23:20:13,378:INFO:SubProcess create_model() end ==================================
2021-02-28 23:20:13,378:INFO:Creating metrics dataframe
2021-02-28 23:20:13,446:INFO:Initializing K Neighbors Classifier
2021-02-28 23:20:13,446:INFO:Total runtime is 0.10283732414245605 minutes
2021-02-28 23:20:13,455:INFO:SubProcess create_model() called ==================================
2021-02-28 23:20:13,455:INFO:Initializing create_model()
2021-02-28 23:20:13,455:INFO:create_model(estimator=knn, fold=StratifiedKFold(n_splits=10, random_state=None, shuffle=False), round=4, cross_validation=True, predict=True, fit_kwargs={}, groups=None, refit=False, verbose=False, system=False, metrics=None, display=<pycaret.internal.Display.Display object at 0x000001AD38354FA0>, kwargs={})
2021-02-28 23:20:13,455:INFO:Checking exceptions
2021-02-28 23:20:13,455:INFO:Importing libraries
2021-02-28 23:20:13,455:INFO:Copying training dataset
2021-02-28 23:20:13,457:INFO:Defining folds
2021-02-28 23:20:13,457:INFO:Declaring metric variables
2021-02-28 23:20:13,465:INFO:Importing untrained model
2021-02-28 23:20:13,473:INFO:K Neighbors Classifier Imported succesfully
2021-02-28 23:20:13,494:INFO:Starting cross validation
2021-02-28 23:20:13,494:INFO:Cross validating with StratifiedKFold(n_splits=10, random_state=None, shuffle=False), n_jobs=-1
2021-02-28 23:20:14,578:INFO:Calculating mean and std
2021-02-28 23:20:14,581:INFO:Creating metrics dataframe
2021-02-28 23:20:14,593:INFO:Uploading results into container
2021-02-28 23:20:14,593:INFO:Uploading model into container now
2021-02-28 23:20:14,593:INFO:create_model_container: 2
2021-02-28 23:20:14,593:INFO:master_model_container: 2
2021-02-28 23:20:14,593:INFO:display_container: 2
2021-02-28 23:20:14,594:INFO:KNeighborsClassifier(algorithm='auto', leaf_size=30, metric='minkowski',
                     metric_params=None, n_jobs=-1, n_neighbors=5, p=2,
                     weights='uniform')
2021-02-28 23:20:14,595:INFO:create_model() succesfully completed......................................
2021-02-28 23:20:14,673:INFO:SubProcess create_model() end ==================================
2021-02-28 23:20:14,673:INFO:Creating metrics dataframe
2021-02-28 23:20:14,688:INFO:Initializing Naive Bayes
2021-02-28 23:20:14,689:INFO:Total runtime is 0.1235330621401469 minutes
2021-02-28 23:20:14,696:INFO:SubProcess create_model() called ==================================
2021-02-28 23:20:14,696:INFO:Initializing create_model()
2021-02-28 23:20:14,696:INFO:create_model(estimator=nb, fold=StratifiedKFold(n_splits=10, random_state=None, shuffle=False), round=4, cross_validation=True, predict=True, fit_kwargs={}, groups=None, refit=False, verbose=False, system=False, metrics=None, display=<pycaret.internal.Display.Display object at 0x000001AD38354FA0>, kwargs={})
2021-02-28 23:20:14,697:INFO:Checking exceptions
2021-02-28 23:20:14,697:INFO:Importing libraries
2021-02-28 23:20:14,697:INFO:Copying training dataset
2021-02-28 23:20:14,698:INFO:Defining folds
2021-02-28 23:20:14,698:INFO:Declaring metric variables
2021-02-28 23:20:14,707:INFO:Importing untrained model
2021-02-28 23:20:14,714:INFO:Naive Bayes Imported succesfully
2021-02-28 23:20:14,731:INFO:Starting cross validation
2021-02-28 23:20:14,731:INFO:Cross validating with StratifiedKFold(n_splits=10, random_state=None, shuffle=False), n_jobs=-1
2021-02-28 23:20:14,969:INFO:Calculating mean and std
2021-02-28 23:20:14,971:INFO:Creating metrics dataframe
2021-02-28 23:20:14,985:INFO:Uploading results into container
2021-02-28 23:20:14,985:INFO:Uploading model into container now
2021-02-28 23:20:14,985:INFO:create_model_container: 3
2021-02-28 23:20:14,986:INFO:master_model_container: 3
2021-02-28 23:20:14,986:INFO:display_container: 2
2021-02-28 23:20:14,986:INFO:GaussianNB(priors=None, var_smoothing=1e-09)
2021-02-28 23:20:14,986:INFO:create_model() succesfully completed......................................
2021-02-28 23:20:15,062:INFO:SubProcess create_model() end ==================================
2021-02-28 23:20:15,062:INFO:Creating metrics dataframe
2021-02-28 23:20:15,080:INFO:Initializing Decision Tree Classifier
2021-02-28 23:20:15,080:INFO:Total runtime is 0.13007931311925253 minutes
2021-02-28 23:20:15,088:INFO:SubProcess create_model() called ==================================
2021-02-28 23:20:15,088:INFO:Initializing create_model()
2021-02-28 23:20:15,089:INFO:create_model(estimator=dt, fold=StratifiedKFold(n_splits=10, random_state=None, shuffle=False), round=4, cross_validation=True, predict=True, fit_kwargs={}, groups=None, refit=False, verbose=False, system=False, metrics=None, display=<pycaret.internal.Display.Display object at 0x000001AD38354FA0>, kwargs={})
2021-02-28 23:20:15,089:INFO:Checking exceptions
2021-02-28 23:20:15,089:INFO:Importing libraries
2021-02-28 23:20:15,089:INFO:Copying training dataset
2021-02-28 23:20:15,091:INFO:Defining folds
2021-02-28 23:20:15,091:INFO:Declaring metric variables
2021-02-28 23:20:15,097:INFO:Importing untrained model
2021-02-28 23:20:15,106:INFO:Decision Tree Classifier Imported succesfully
2021-02-28 23:20:15,128:INFO:Starting cross validation
2021-02-28 23:20:15,129:INFO:Cross validating with StratifiedKFold(n_splits=10, random_state=None, shuffle=False), n_jobs=-1
2021-02-28 23:20:15,787:INFO:Calculating mean and std
2021-02-28 23:20:15,790:INFO:Creating metrics dataframe
2021-02-28 23:20:15,802:INFO:Uploading results into container
2021-02-28 23:20:15,802:INFO:Uploading model into container now
2021-02-28 23:20:15,802:INFO:create_model_container: 4
2021-02-28 23:20:15,803:INFO:master_model_container: 4
2021-02-28 23:20:15,803:INFO:display_container: 2
2021-02-28 23:20:15,804:INFO:DecisionTreeClassifier(ccp_alpha=0.0, class_weight=None, criterion='gini',
                       max_depth=None, max_features=None, max_leaf_nodes=None,
                       min_impurity_decrease=0.0, min_impurity_split=None,
                       min_samples_leaf=1, min_samples_split=2,
                       min_weight_fraction_leaf=0.0, presort='deprecated',
                       random_state=123, splitter='best')
2021-02-28 23:20:15,804:INFO:create_model() succesfully completed......................................
2021-02-28 23:20:15,872:INFO:SubProcess create_model() end ==================================
2021-02-28 23:20:15,872:INFO:Creating metrics dataframe
2021-02-28 23:20:15,891:INFO:Initializing SVM - Linear Kernel
2021-02-28 23:20:15,891:INFO:Total runtime is 0.1435934543609619 minutes
2021-02-28 23:20:15,900:INFO:SubProcess create_model() called ==================================
2021-02-28 23:20:15,901:INFO:Initializing create_model()
2021-02-28 23:20:15,901:INFO:create_model(estimator=svm, fold=StratifiedKFold(n_splits=10, random_state=None, shuffle=False), round=4, cross_validation=True, predict=True, fit_kwargs={}, groups=None, refit=False, verbose=False, system=False, metrics=None, display=<pycaret.internal.Display.Display object at 0x000001AD38354FA0>, kwargs={})
2021-02-28 23:20:15,902:INFO:Checking exceptions
2021-02-28 23:20:15,902:INFO:Importing libraries
2021-02-28 23:20:15,902:INFO:Copying training dataset
2021-02-28 23:20:15,903:INFO:Defining folds
2021-02-28 23:20:15,904:INFO:Declaring metric variables
2021-02-28 23:20:15,913:INFO:Importing untrained model
2021-02-28 23:20:15,924:INFO:SVM - Linear Kernel Imported succesfully
2021-02-28 23:20:15,943:INFO:Starting cross validation
2021-02-28 23:20:15,944:INFO:Cross validating with StratifiedKFold(n_splits=10, random_state=None, shuffle=False), n_jobs=-1
2021-02-28 23:20:18,429:INFO:Calculating mean and std
2021-02-28 23:20:18,432:INFO:Creating metrics dataframe
2021-02-28 23:20:18,435:INFO:Uploading results into container
2021-02-28 23:20:18,435:INFO:Uploading model into container now
2021-02-28 23:20:18,435:INFO:create_model_container: 5
2021-02-28 23:20:18,436:INFO:master_model_container: 5
2021-02-28 23:20:18,436:INFO:display_container: 2
2021-02-28 23:20:18,436:INFO:SGDClassifier(alpha=0.0001, average=False, class_weight=None,
              early_stopping=False, epsilon=0.1, eta0=0.001, fit_intercept=True,
              l1_ratio=0.15, learning_rate='optimal', loss='hinge',
              max_iter=1000, n_iter_no_change=5, n_jobs=-1, penalty='l2',
              power_t=0.5, random_state=123, shuffle=True, tol=0.001,
              validation_fraction=0.1, verbose=0, warm_start=False)
2021-02-28 23:20:18,436:INFO:create_model() succesfully completed......................................
2021-02-28 23:20:18,497:INFO:SubProcess create_model() end ==================================
2021-02-28 23:20:18,497:INFO:Creating metrics dataframe
2021-02-28 23:20:18,516:INFO:Initializing Ridge Classifier
2021-02-28 23:20:18,516:INFO:Total runtime is 0.18734471400578817 minutes
2021-02-28 23:20:18,523:INFO:SubProcess create_model() called ==================================
2021-02-28 23:20:18,523:INFO:Initializing create_model()
2021-02-28 23:20:18,523:INFO:create_model(estimator=ridge, fold=StratifiedKFold(n_splits=10, random_state=None, shuffle=False), round=4, cross_validation=True, predict=True, fit_kwargs={}, groups=None, refit=False, verbose=False, system=False, metrics=None, display=<pycaret.internal.Display.Display object at 0x000001AD38354FA0>, kwargs={})
2021-02-28 23:20:18,523:INFO:Checking exceptions
2021-02-28 23:20:18,523:INFO:Importing libraries
2021-02-28 23:20:18,524:INFO:Copying training dataset
2021-02-28 23:20:18,525:INFO:Defining folds
2021-02-28 23:20:18,525:INFO:Declaring metric variables
2021-02-28 23:20:18,532:INFO:Importing untrained model
2021-02-28 23:20:18,540:INFO:Ridge Classifier Imported succesfully
2021-02-28 23:20:18,558:INFO:Starting cross validation
2021-02-28 23:20:18,559:INFO:Cross validating with StratifiedKFold(n_splits=10, random_state=None, shuffle=False), n_jobs=-1
2021-02-28 23:20:19,183:INFO:Calculating mean and std
2021-02-28 23:20:19,186:INFO:Creating metrics dataframe
2021-02-28 23:20:19,198:INFO:Uploading results into container
2021-02-28 23:20:19,198:INFO:Uploading model into container now
2021-02-28 23:20:19,198:INFO:create_model_container: 6
2021-02-28 23:20:19,198:INFO:master_model_container: 6
2021-02-28 23:20:19,198:INFO:display_container: 2
2021-02-28 23:20:19,200:INFO:RidgeClassifier(alpha=1.0, class_weight=None, copy_X=True, fit_intercept=True,
                max_iter=None, normalize=False, random_state=123, solver='auto',
                tol=0.001)
2021-02-28 23:20:19,200:INFO:create_model() succesfully completed......................................
2021-02-28 23:20:19,267:INFO:SubProcess create_model() end ==================================
2021-02-28 23:20:19,267:INFO:Creating metrics dataframe
2021-02-28 23:20:19,290:INFO:Initializing Random Forest Classifier
2021-02-28 23:20:19,290:INFO:Total runtime is 0.20024205446243287 minutes
2021-02-28 23:20:19,298:INFO:SubProcess create_model() called ==================================
2021-02-28 23:20:19,298:INFO:Initializing create_model()
2021-02-28 23:20:19,298:INFO:create_model(estimator=rf, fold=StratifiedKFold(n_splits=10, random_state=None, shuffle=False), round=4, cross_validation=True, predict=True, fit_kwargs={}, groups=None, refit=False, verbose=False, system=False, metrics=None, display=<pycaret.internal.Display.Display object at 0x000001AD38354FA0>, kwargs={})
2021-02-28 23:20:19,298:INFO:Checking exceptions
2021-02-28 23:20:19,298:INFO:Importing libraries
2021-02-28 23:20:19,298:INFO:Copying training dataset
2021-02-28 23:20:19,300:INFO:Defining folds
2021-02-28 23:20:19,300:INFO:Declaring metric variables
2021-02-28 23:20:19,309:INFO:Importing untrained model
2021-02-28 23:20:19,319:INFO:Random Forest Classifier Imported succesfully
2021-02-28 23:20:19,337:INFO:Starting cross validation
2021-02-28 23:20:19,338:INFO:Cross validating with StratifiedKFold(n_splits=10, random_state=None, shuffle=False), n_jobs=-1
2021-02-28 23:20:28,934:INFO:Calculating mean and std
2021-02-28 23:20:28,937:INFO:Creating metrics dataframe
2021-02-28 23:20:28,950:INFO:Uploading results into container
2021-02-28 23:20:28,951:INFO:Uploading model into container now
2021-02-28 23:20:28,952:INFO:create_model_container: 7
2021-02-28 23:20:28,952:INFO:master_model_container: 7
2021-02-28 23:20:28,953:INFO:display_container: 2
2021-02-28 23:20:28,954:INFO:RandomForestClassifier(bootstrap=True, ccp_alpha=0.0, class_weight=None,
                       criterion='gini', max_depth=None, max_features='auto',
                       max_leaf_nodes=None, max_samples=None,
                       min_impurity_decrease=0.0, min_impurity_split=None,
                       min_samples_leaf=1, min_samples_split=2,
                       min_weight_fraction_leaf=0.0, n_estimators=100,
                       n_jobs=-1, oob_score=False, random_state=123, verbose=0,
                       warm_start=False)
2021-02-28 23:20:28,954:INFO:create_model() succesfully completed......................................
2021-02-28 23:20:29,049:INFO:SubProcess create_model() end ==================================
2021-02-28 23:20:29,049:INFO:Creating metrics dataframe
2021-02-28 23:20:29,073:INFO:Initializing Quadratic Discriminant Analysis
2021-02-28 23:20:29,073:INFO:Total runtime is 0.36328337987264 minutes
2021-02-28 23:20:29,079:INFO:SubProcess create_model() called ==================================
2021-02-28 23:20:29,080:INFO:Initializing create_model()
2021-02-28 23:20:29,080:INFO:create_model(estimator=qda, fold=StratifiedKFold(n_splits=10, random_state=None, shuffle=False), round=4, cross_validation=True, predict=True, fit_kwargs={}, groups=None, refit=False, verbose=False, system=False, metrics=None, display=<pycaret.internal.Display.Display object at 0x000001AD38354FA0>, kwargs={})
2021-02-28 23:20:29,080:INFO:Checking exceptions
2021-02-28 23:20:29,080:INFO:Importing libraries
2021-02-28 23:20:29,080:INFO:Copying training dataset
2021-02-28 23:20:29,081:INFO:Defining folds
2021-02-28 23:20:29,081:INFO:Declaring metric variables
2021-02-28 23:20:29,089:INFO:Importing untrained model
2021-02-28 23:20:29,096:INFO:Quadratic Discriminant Analysis Imported succesfully
2021-02-28 23:20:29,114:INFO:Starting cross validation
2021-02-28 23:20:29,114:INFO:Cross validating with StratifiedKFold(n_splits=10, random_state=None, shuffle=False), n_jobs=-1
2021-02-28 23:20:29,403:INFO:Calculating mean and std
2021-02-28 23:20:29,406:INFO:Creating metrics dataframe
2021-02-28 23:20:29,418:INFO:Uploading results into container
2021-02-28 23:20:29,418:INFO:Uploading model into container now
2021-02-28 23:20:29,418:INFO:create_model_container: 8
2021-02-28 23:20:29,419:INFO:master_model_container: 8
2021-02-28 23:20:29,419:INFO:display_container: 2
2021-02-28 23:20:29,419:INFO:QuadraticDiscriminantAnalysis(priors=None, reg_param=0.0,
                              store_covariance=False, tol=0.0001)
2021-02-28 23:20:29,420:INFO:create_model() succesfully completed......................................
2021-02-28 23:20:29,506:INFO:SubProcess create_model() end ==================================
2021-02-28 23:20:29,506:INFO:Creating metrics dataframe
2021-02-28 23:20:29,532:INFO:Initializing Ada Boost Classifier
2021-02-28 23:20:29,532:INFO:Total runtime is 0.37094622055689497 minutes
2021-02-28 23:20:29,545:INFO:SubProcess create_model() called ==================================
2021-02-28 23:20:29,545:INFO:Initializing create_model()
2021-02-28 23:20:29,545:INFO:create_model(estimator=ada, fold=StratifiedKFold(n_splits=10, random_state=None, shuffle=False), round=4, cross_validation=True, predict=True, fit_kwargs={}, groups=None, refit=False, verbose=False, system=False, metrics=None, display=<pycaret.internal.Display.Display object at 0x000001AD38354FA0>, kwargs={})
2021-02-28 23:20:29,545:INFO:Checking exceptions
2021-02-28 23:20:29,545:INFO:Importing libraries
2021-02-28 23:20:29,545:INFO:Copying training dataset
2021-02-28 23:20:29,546:INFO:Defining folds
2021-02-28 23:20:29,546:INFO:Declaring metric variables
2021-02-28 23:20:29,554:INFO:Importing untrained model
2021-02-28 23:20:29,561:INFO:Ada Boost Classifier Imported succesfully
2021-02-28 23:20:29,578:INFO:Starting cross validation
2021-02-28 23:20:29,578:INFO:Cross validating with StratifiedKFold(n_splits=10, random_state=None, shuffle=False), n_jobs=-1
2021-02-28 23:20:32,290:INFO:Calculating mean and std
2021-02-28 23:20:32,292:INFO:Creating metrics dataframe
2021-02-28 23:20:32,304:INFO:Uploading results into container
2021-02-28 23:20:32,304:INFO:Uploading model into container now
2021-02-28 23:20:32,304:INFO:create_model_container: 9
2021-02-28 23:20:32,304:INFO:master_model_container: 9
2021-02-28 23:20:32,304:INFO:display_container: 2
2021-02-28 23:20:32,305:INFO:AdaBoostClassifier(algorithm='SAMME.R', base_estimator=None, learning_rate=1.0,
                   n_estimators=50, random_state=123)
2021-02-28 23:20:32,305:INFO:create_model() succesfully completed......................................
2021-02-28 23:20:32,373:INFO:SubProcess create_model() end ==================================
2021-02-28 23:20:32,373:INFO:Creating metrics dataframe
2021-02-28 23:20:32,403:INFO:Initializing Gradient Boosting Classifier
2021-02-28 23:20:32,403:INFO:Total runtime is 0.4187950094540914 minutes
2021-02-28 23:20:32,411:INFO:SubProcess create_model() called ==================================
2021-02-28 23:20:32,411:INFO:Initializing create_model()
2021-02-28 23:20:32,411:INFO:create_model(estimator=gbc, fold=StratifiedKFold(n_splits=10, random_state=None, shuffle=False), round=4, cross_validation=True, predict=True, fit_kwargs={}, groups=None, refit=False, verbose=False, system=False, metrics=None, display=<pycaret.internal.Display.Display object at 0x000001AD38354FA0>, kwargs={})
2021-02-28 23:20:32,411:INFO:Checking exceptions
2021-02-28 23:20:32,412:INFO:Importing libraries
2021-02-28 23:20:32,412:INFO:Copying training dataset
2021-02-28 23:20:32,413:INFO:Defining folds
2021-02-28 23:20:32,413:INFO:Declaring metric variables
2021-02-28 23:20:32,424:INFO:Importing untrained model
2021-02-28 23:20:32,432:INFO:Gradient Boosting Classifier Imported succesfully
2021-02-28 23:20:32,452:INFO:Starting cross validation
2021-02-28 23:20:32,453:INFO:Cross validating with StratifiedKFold(n_splits=10, random_state=None, shuffle=False), n_jobs=-1
2021-02-28 23:20:41,499:INFO:Calculating mean and std
2021-02-28 23:20:41,502:INFO:Creating metrics dataframe
2021-02-28 23:20:41,505:INFO:Uploading results into container
2021-02-28 23:20:41,506:INFO:Uploading model into container now
2021-02-28 23:20:41,506:INFO:create_model_container: 10
2021-02-28 23:20:41,506:INFO:master_model_container: 10
2021-02-28 23:20:41,506:INFO:display_container: 2
2021-02-28 23:20:41,506:INFO:GradientBoostingClassifier(ccp_alpha=0.0, criterion='friedman_mse', init=None,
                           learning_rate=0.1, loss='deviance', max_depth=3,
                           max_features=None, max_leaf_nodes=None,
                           min_impurity_decrease=0.0, min_impurity_split=None,
                           min_samples_leaf=1, min_samples_split=2,
                           min_weight_fraction_leaf=0.0, n_estimators=100,
                           n_iter_no_change=None, presort='deprecated',
                           random_state=123, subsample=1.0, tol=0.0001,
                           validation_fraction=0.1, verbose=0,
                           warm_start=False)
2021-02-28 23:20:41,507:INFO:create_model() succesfully completed......................................
2021-02-28 23:20:41,572:INFO:SubProcess create_model() end ==================================
2021-02-28 23:20:41,572:INFO:Creating metrics dataframe
2021-02-28 23:20:41,601:INFO:Initializing Linear Discriminant Analysis
2021-02-28 23:20:41,601:INFO:Total runtime is 0.5720898906389873 minutes
2021-02-28 23:20:41,608:INFO:SubProcess create_model() called ==================================
2021-02-28 23:20:41,608:INFO:Initializing create_model()
2021-02-28 23:20:41,608:INFO:create_model(estimator=lda, fold=StratifiedKFold(n_splits=10, random_state=None, shuffle=False), round=4, cross_validation=True, predict=True, fit_kwargs={}, groups=None, refit=False, verbose=False, system=False, metrics=None, display=<pycaret.internal.Display.Display object at 0x000001AD38354FA0>, kwargs={})
2021-02-28 23:20:41,609:INFO:Checking exceptions
2021-02-28 23:20:41,609:INFO:Importing libraries
2021-02-28 23:20:41,609:INFO:Copying training dataset
2021-02-28 23:20:41,610:INFO:Defining folds
2021-02-28 23:20:41,610:INFO:Declaring metric variables
2021-02-28 23:20:41,622:INFO:Importing untrained model
2021-02-28 23:20:41,631:INFO:Linear Discriminant Analysis Imported succesfully
2021-02-28 23:20:41,655:INFO:Starting cross validation
2021-02-28 23:20:41,656:INFO:Cross validating with StratifiedKFold(n_splits=10, random_state=None, shuffle=False), n_jobs=-1
2021-02-28 23:20:42,674:INFO:Calculating mean and std
2021-02-28 23:20:42,677:INFO:Creating metrics dataframe
2021-02-28 23:20:42,689:INFO:Uploading results into container
2021-02-28 23:20:42,689:INFO:Uploading model into container now
2021-02-28 23:20:42,690:INFO:create_model_container: 11
2021-02-28 23:20:42,690:INFO:master_model_container: 11
2021-02-28 23:20:42,690:INFO:display_container: 2
2021-02-28 23:20:42,691:INFO:LinearDiscriminantAnalysis(n_components=None, priors=None, shrinkage=None,
                           solver='svd', store_covariance=False, tol=0.0001)
2021-02-28 23:20:42,691:INFO:create_model() succesfully completed......................................
2021-02-28 23:20:42,766:INFO:SubProcess create_model() end ==================================
2021-02-28 23:20:42,766:INFO:Creating metrics dataframe
2021-02-28 23:20:42,796:INFO:Initializing Extra Trees Classifier
2021-02-28 23:20:42,796:INFO:Total runtime is 0.592009214560191 minutes
2021-02-28 23:20:42,803:INFO:SubProcess create_model() called ==================================
2021-02-28 23:20:42,804:INFO:Initializing create_model()
2021-02-28 23:20:42,804:INFO:create_model(estimator=et, fold=StratifiedKFold(n_splits=10, random_state=None, shuffle=False), round=4, cross_validation=True, predict=True, fit_kwargs={}, groups=None, refit=False, verbose=False, system=False, metrics=None, display=<pycaret.internal.Display.Display object at 0x000001AD38354FA0>, kwargs={})
2021-02-28 23:20:42,804:INFO:Checking exceptions
2021-02-28 23:20:42,804:INFO:Importing libraries
2021-02-28 23:20:42,804:INFO:Copying training dataset
2021-02-28 23:20:42,805:INFO:Defining folds
2021-02-28 23:20:42,806:INFO:Declaring metric variables
2021-02-28 23:20:42,812:INFO:Importing untrained model
2021-02-28 23:20:42,819:INFO:Extra Trees Classifier Imported succesfully
2021-02-28 23:20:42,838:INFO:Starting cross validation
2021-02-28 23:20:42,838:INFO:Cross validating with StratifiedKFold(n_splits=10, random_state=None, shuffle=False), n_jobs=-1
2021-02-28 23:20:50,883:INFO:Calculating mean and std
2021-02-28 23:20:50,884:INFO:Creating metrics dataframe
2021-02-28 23:20:50,888:INFO:Uploading results into container
2021-02-28 23:20:50,888:INFO:Uploading model into container now
2021-02-28 23:20:50,888:INFO:create_model_container: 12
2021-02-28 23:20:50,888:INFO:master_model_container: 12
2021-02-28 23:20:50,888:INFO:display_container: 2
2021-02-28 23:20:50,889:INFO:ExtraTreesClassifier(bootstrap=False, ccp_alpha=0.0, class_weight=None,
                     criterion='gini', max_depth=None, max_features='auto',
                     max_leaf_nodes=None, max_samples=None,
                     min_impurity_decrease=0.0, min_impurity_split=None,
                     min_samples_leaf=1, min_samples_split=2,
                     min_weight_fraction_leaf=0.0, n_estimators=100, n_jobs=-1,
                     oob_score=False, random_state=123, verbose=0,
                     warm_start=False)
2021-02-28 23:20:50,889:INFO:create_model() succesfully completed......................................
2021-02-28 23:20:50,989:INFO:SubProcess create_model() end ==================================
2021-02-28 23:20:50,990:INFO:Creating metrics dataframe
2021-02-28 23:20:51,026:INFO:Initializing Extreme Gradient Boosting
2021-02-28 23:20:51,026:INFO:Total runtime is 0.7291714787483217 minutes
2021-02-28 23:20:51,033:INFO:SubProcess create_model() called ==================================
2021-02-28 23:20:51,033:INFO:Initializing create_model()
2021-02-28 23:20:51,033:INFO:create_model(estimator=xgboost, fold=StratifiedKFold(n_splits=10, random_state=None, shuffle=False), round=4, cross_validation=True, predict=True, fit_kwargs={}, groups=None, refit=False, verbose=False, system=False, metrics=None, display=<pycaret.internal.Display.Display object at 0x000001AD38354FA0>, kwargs={})
2021-02-28 23:20:51,033:INFO:Checking exceptions
2021-02-28 23:20:51,033:INFO:Importing libraries
2021-02-28 23:20:51,033:INFO:Copying training dataset
2021-02-28 23:20:51,034:INFO:Defining folds
2021-02-28 23:20:51,035:INFO:Declaring metric variables
2021-02-28 23:20:51,041:INFO:Importing untrained model
2021-02-28 23:20:51,048:INFO:Extreme Gradient Boosting Imported succesfully
2021-02-28 23:20:51,064:INFO:Starting cross validation
2021-02-28 23:20:51,064:WARNING:create_model() for xgboost raised an exception or returned all 0.0, trying without fit_kwargs:
2021-02-28 23:20:51,468:WARNING:Traceback (most recent call last):
  File "C:\Users\LOKSUNDAR\anaconda3\lib\site-packages\pycaret\internal\pipeline.py", line 223, in add_estimator_to_pipeline
    assert hasattr(pipeline._final_estimator, "predict")
AssertionError

During handling of the above exception, another exception occurred:

Traceback (most recent call last):
  File "C:\Users\LOKSUNDAR\anaconda3\lib\site-packages\pycaret\internal\tabular.py", line 2163, in compare_models
    model, model_fit_time = create_model_supervised(
  File "C:\Users\LOKSUNDAR\anaconda3\lib\site-packages\pycaret\internal\tabular.py", line 3107, in create_model_supervised
    with estimator_pipeline(_internal_pipeline, model) as pipeline_with_model:
  File "C:\Users\LOKSUNDAR\anaconda3\lib\site-packages\pycaret\internal\pipeline.py", line 205, in __enter__
    add_estimator_to_pipeline(self.pipeline, self.estimator)
  File "C:\Users\LOKSUNDAR\anaconda3\lib\site-packages\pycaret\internal\pipeline.py", line 228, in add_estimator_to_pipeline
    pipeline._carry_over_final_estimator_fit_vars()
  File "C:\Users\LOKSUNDAR\anaconda3\lib\site-packages\pycaret\internal\pipeline.py", line 57, in _carry_over_final_estimator_fit_vars
    for k, v in get_all_object_vars_and_properties(
  File "C:\Users\LOKSUNDAR\anaconda3\lib\site-packages\pycaret\internal\utils.py", line 571, in get_all_object_vars_and_properties
    return {
  File "C:\Users\LOKSUNDAR\anaconda3\lib\site-packages\pycaret\internal\utils.py", line 574, in <dictcomp>
    if k[:2] != "__" and type(getattr(object, k, "")).__name__ != "method"
  File "C:\Users\LOKSUNDAR\anaconda3\lib\site-packages\xgboost\sklearn.py", line 687, in feature_importances_
    b = self.get_booster()
  File "C:\Users\LOKSUNDAR\anaconda3\lib\site-packages\xgboost\sklearn.py", line 261, in get_booster
    raise XGBoostError('need to call fit or load_model beforehand')
xgboost.core.XGBoostError: need to call fit or load_model beforehand

2021-02-28 23:20:51,469:INFO:Initializing create_model()
2021-02-28 23:20:51,469:INFO:create_model(estimator=xgboost, fold=StratifiedKFold(n_splits=10, random_state=None, shuffle=False), round=4, cross_validation=True, predict=True, fit_kwargs=None, groups=None, refit=False, verbose=False, system=False, metrics=None, display=<pycaret.internal.Display.Display object at 0x000001AD38354FA0>, kwargs={})
2021-02-28 23:20:51,469:INFO:Checking exceptions
2021-02-28 23:20:51,469:INFO:Importing libraries
2021-02-28 23:20:51,469:INFO:Copying training dataset
2021-02-28 23:20:51,470:INFO:Defining folds
2021-02-28 23:20:51,471:INFO:Declaring metric variables
2021-02-28 23:20:51,478:INFO:Importing untrained model
2021-02-28 23:20:51,486:INFO:Extreme Gradient Boosting Imported succesfully
2021-02-28 23:20:51,503:INFO:Starting cross validation
2021-02-28 23:20:51,504:ERROR:create_model() for xgboost raised an exception:
2021-02-28 23:20:51,505:ERROR:Traceback (most recent call last):
  File "C:\Users\LOKSUNDAR\anaconda3\lib\site-packages\pycaret\internal\pipeline.py", line 223, in add_estimator_to_pipeline
    assert hasattr(pipeline._final_estimator, "predict")
AssertionError

During handling of the above exception, another exception occurred:

Traceback (most recent call last):
  File "C:\Users\LOKSUNDAR\anaconda3\lib\site-packages\pycaret\internal\tabular.py", line 2163, in compare_models
    model, model_fit_time = create_model_supervised(
  File "C:\Users\LOKSUNDAR\anaconda3\lib\site-packages\pycaret\internal\tabular.py", line 3107, in create_model_supervised
    with estimator_pipeline(_internal_pipeline, model) as pipeline_with_model:
  File "C:\Users\LOKSUNDAR\anaconda3\lib\site-packages\pycaret\internal\pipeline.py", line 205, in __enter__
    add_estimator_to_pipeline(self.pipeline, self.estimator)
  File "C:\Users\LOKSUNDAR\anaconda3\lib\site-packages\pycaret\internal\pipeline.py", line 228, in add_estimator_to_pipeline
    pipeline._carry_over_final_estimator_fit_vars()
  File "C:\Users\LOKSUNDAR\anaconda3\lib\site-packages\pycaret\internal\pipeline.py", line 57, in _carry_over_final_estimator_fit_vars
    for k, v in get_all_object_vars_and_properties(
  File "C:\Users\LOKSUNDAR\anaconda3\lib\site-packages\pycaret\internal\utils.py", line 571, in get_all_object_vars_and_properties
    return {
  File "C:\Users\LOKSUNDAR\anaconda3\lib\site-packages\pycaret\internal\utils.py", line 574, in <dictcomp>
    if k[:2] != "__" and type(getattr(object, k, "")).__name__ != "method"
  File "C:\Users\LOKSUNDAR\anaconda3\lib\site-packages\xgboost\sklearn.py", line 687, in feature_importances_
    b = self.get_booster()
  File "C:\Users\LOKSUNDAR\anaconda3\lib\site-packages\xgboost\sklearn.py", line 261, in get_booster
    raise XGBoostError('need to call fit or load_model beforehand')
xgboost.core.XGBoostError: need to call fit or load_model beforehand

During handling of the above exception, another exception occurred:

Traceback (most recent call last):
  File "C:\Users\LOKSUNDAR\anaconda3\lib\site-packages\pycaret\internal\pipeline.py", line 223, in add_estimator_to_pipeline
    assert hasattr(pipeline._final_estimator, "predict")
AssertionError

During handling of the above exception, another exception occurred:

Traceback (most recent call last):
  File "C:\Users\LOKSUNDAR\anaconda3\lib\site-packages\pycaret\internal\tabular.py", line 2183, in compare_models
    model, model_fit_time = create_model_supervised(
  File "C:\Users\LOKSUNDAR\anaconda3\lib\site-packages\pycaret\internal\tabular.py", line 3107, in create_model_supervised
    with estimator_pipeline(_internal_pipeline, model) as pipeline_with_model:
  File "C:\Users\LOKSUNDAR\anaconda3\lib\site-packages\pycaret\internal\pipeline.py", line 205, in __enter__
    add_estimator_to_pipeline(self.pipeline, self.estimator)
  File "C:\Users\LOKSUNDAR\anaconda3\lib\site-packages\pycaret\internal\pipeline.py", line 228, in add_estimator_to_pipeline
    pipeline._carry_over_final_estimator_fit_vars()
  File "C:\Users\LOKSUNDAR\anaconda3\lib\site-packages\pycaret\internal\pipeline.py", line 57, in _carry_over_final_estimator_fit_vars
    for k, v in get_all_object_vars_and_properties(
  File "C:\Users\LOKSUNDAR\anaconda3\lib\site-packages\pycaret\internal\utils.py", line 571, in get_all_object_vars_and_properties
    return {
  File "C:\Users\LOKSUNDAR\anaconda3\lib\site-packages\pycaret\internal\utils.py", line 574, in <dictcomp>
    if k[:2] != "__" and type(getattr(object, k, "")).__name__ != "method"
  File "C:\Users\LOKSUNDAR\anaconda3\lib\site-packages\xgboost\sklearn.py", line 687, in feature_importances_
    b = self.get_booster()
  File "C:\Users\LOKSUNDAR\anaconda3\lib\site-packages\xgboost\sklearn.py", line 261, in get_booster
    raise XGBoostError('need to call fit or load_model beforehand')
xgboost.core.XGBoostError: need to call fit or load_model beforehand

2021-02-28 23:20:51,505:INFO:Initializing Light Gradient Boosting Machine
2021-02-28 23:20:51,505:INFO:Total runtime is 0.7371530175209047 minutes
2021-02-28 23:20:51,512:INFO:SubProcess create_model() called ==================================
2021-02-28 23:20:51,513:INFO:Initializing create_model()
2021-02-28 23:20:51,513:INFO:create_model(estimator=lightgbm, fold=StratifiedKFold(n_splits=10, random_state=None, shuffle=False), round=4, cross_validation=True, predict=True, fit_kwargs={}, groups=None, refit=False, verbose=False, system=False, metrics=None, display=<pycaret.internal.Display.Display object at 0x000001AD38354FA0>, kwargs={})
2021-02-28 23:20:51,513:INFO:Checking exceptions
2021-02-28 23:20:51,513:INFO:Importing libraries
2021-02-28 23:20:51,513:INFO:Copying training dataset
2021-02-28 23:20:51,514:INFO:Defining folds
2021-02-28 23:20:51,515:INFO:Declaring metric variables
2021-02-28 23:20:51,522:INFO:Importing untrained model
2021-02-28 23:20:51,529:INFO:Light Gradient Boosting Machine Imported succesfully
2021-02-28 23:20:51,546:INFO:Starting cross validation
2021-02-28 23:20:51,547:INFO:Cross validating with StratifiedKFold(n_splits=10, random_state=None, shuffle=False), n_jobs=-1
2021-02-28 23:20:52,809:INFO:Calculating mean and std
2021-02-28 23:20:52,812:INFO:Creating metrics dataframe
2021-02-28 23:20:52,816:INFO:Uploading results into container
2021-02-28 23:20:52,816:INFO:Uploading model into container now
2021-02-28 23:20:52,816:INFO:create_model_container: 13
2021-02-28 23:20:52,816:INFO:master_model_container: 13
2021-02-28 23:20:52,816:INFO:display_container: 2
2021-02-28 23:20:52,817:INFO:LGBMClassifier(boosting_type='gbdt', class_weight=None, colsample_bytree=1.0,
               importance_type='split', learning_rate=0.1, max_depth=-1,
               min_child_samples=20, min_child_weight=0.001, min_split_gain=0.0,
               n_estimators=100, n_jobs=-1, num_leaves=31, objective=None,
               random_state=123, reg_alpha=0.0, reg_lambda=0.0, silent=True,
               subsample=1.0, subsample_for_bin=200000, subsample_freq=0)
2021-02-28 23:20:52,817:INFO:create_model() succesfully completed......................................
2021-02-28 23:20:52,882:INFO:SubProcess create_model() end ==================================
2021-02-28 23:20:52,882:INFO:Creating metrics dataframe
2021-02-28 23:20:52,917:INFO:Initializing CatBoost Classifier
2021-02-28 23:20:52,917:INFO:Total runtime is 0.7606932123502097 minutes
2021-02-28 23:20:52,925:INFO:SubProcess create_model() called ==================================
2021-02-28 23:20:52,925:INFO:Initializing create_model()
2021-02-28 23:20:52,925:INFO:create_model(estimator=catboost, fold=StratifiedKFold(n_splits=10, random_state=None, shuffle=False), round=4, cross_validation=True, predict=True, fit_kwargs={}, groups=None, refit=False, verbose=False, system=False, metrics=None, display=<pycaret.internal.Display.Display object at 0x000001AD38354FA0>, kwargs={})
2021-02-28 23:20:52,925:INFO:Checking exceptions
2021-02-28 23:20:52,925:INFO:Importing libraries
2021-02-28 23:20:52,926:INFO:Copying training dataset
2021-02-28 23:20:52,927:INFO:Defining folds
2021-02-28 23:20:52,927:INFO:Declaring metric variables
2021-02-28 23:20:52,935:INFO:Importing untrained model
2021-02-28 23:20:52,943:INFO:CatBoost Classifier Imported succesfully
2021-02-28 23:20:52,961:INFO:Starting cross validation
2021-02-28 23:20:52,992:INFO:Cross validating with StratifiedKFold(n_splits=10, random_state=None, shuffle=False), n_jobs=-1
2021-02-28 23:21:31,451:INFO:Calculating mean and std
2021-02-28 23:21:31,453:INFO:Creating metrics dataframe
2021-02-28 23:21:31,458:INFO:Uploading results into container
2021-02-28 23:21:31,458:INFO:Uploading model into container now
2021-02-28 23:21:31,458:INFO:create_model_container: 14
2021-02-28 23:21:31,458:INFO:master_model_container: 14
2021-02-28 23:21:31,458:INFO:display_container: 2
2021-02-28 23:21:31,458:INFO:<catboost.core.CatBoostClassifier object at 0x000001AD3B646E20>
2021-02-28 23:21:31,458:INFO:create_model() succesfully completed......................................
2021-02-28 23:21:31,528:WARNING:create_model() for <catboost.core.CatBoostClassifier object at 0x000001AD3B646E20> raised an exception or returned all 0.0, trying without fit_kwargs:
2021-02-28 23:21:31,529:WARNING:Traceback (most recent call last):
  File "C:\Users\LOKSUNDAR\anaconda3\lib\site-packages\pycaret\internal\tabular.py", line 2176, in compare_models
    assert np.sum(model_results.iloc[0]) != 0.0
AssertionError

2021-02-28 23:21:31,529:INFO:Initializing create_model()
2021-02-28 23:21:31,529:INFO:create_model(estimator=<catboost.core.CatBoostClassifier object at 0x000001AD3B646E20>, fold=StratifiedKFold(n_splits=10, random_state=None, shuffle=False), round=4, cross_validation=True, predict=True, fit_kwargs=None, groups=None, refit=False, verbose=False, system=False, metrics=None, display=<pycaret.internal.Display.Display object at 0x000001AD38354FA0>, kwargs={})
2021-02-28 23:21:31,529:INFO:Checking exceptions
2021-02-28 23:21:31,529:INFO:Importing libraries
2021-02-28 23:21:31,529:INFO:Copying training dataset
2021-02-28 23:21:31,530:INFO:Defining folds
2021-02-28 23:21:31,530:INFO:Declaring metric variables
2021-02-28 23:21:31,538:INFO:Importing untrained model
2021-02-28 23:21:31,538:INFO:Declaring custom model
2021-02-28 23:21:31,546:INFO:CatBoost Classifier Imported succesfully
2021-02-28 23:21:31,562:INFO:Starting cross validation
2021-02-28 23:21:31,563:INFO:Cross validating with StratifiedKFold(n_splits=10, random_state=None, shuffle=False), n_jobs=-1
2021-02-28 23:23:42,460:INFO:Calculating mean and std
2021-02-28 23:23:42,461:INFO:Creating metrics dataframe
2021-02-28 23:23:42,465:INFO:Uploading results into container
2021-02-28 23:23:42,465:INFO:Uploading model into container now
2021-02-28 23:23:42,465:INFO:create_model_container: 15
2021-02-28 23:23:42,465:INFO:master_model_container: 15
2021-02-28 23:23:42,465:INFO:display_container: 2
2021-02-28 23:23:42,465:INFO:<catboost.core.CatBoostClassifier object at 0x000001AD310DD610>
2021-02-28 23:23:42,465:INFO:create_model() succesfully completed......................................
2021-02-28 23:23:42,607:INFO:SubProcess create_model() end ==================================
2021-02-28 23:23:42,607:INFO:Creating metrics dataframe
2021-02-28 23:23:42,730:INFO:Initializing create_model()
2021-02-28 23:23:42,730:INFO:create_model(estimator=LogisticRegression(C=1.0, class_weight=None, dual=False, fit_intercept=True,
                   intercept_scaling=1, l1_ratio=None, max_iter=1000,
                   multi_class='auto', n_jobs=None, penalty='l2',
                   random_state=123, solver='lbfgs', tol=0.0001, verbose=0,
                   warm_start=False), fold=StratifiedKFold(n_splits=10, random_state=None, shuffle=False), round=4, cross_validation=False, predict=False, fit_kwargs={}, groups=None, refit=True, verbose=False, system=False, metrics=None, display=None, kwargs={})
2021-02-28 23:23:42,730:INFO:Checking exceptions
2021-02-28 23:23:42,730:INFO:Importing libraries
2021-02-28 23:23:42,731:INFO:Copying training dataset
2021-02-28 23:23:42,732:INFO:Defining folds
2021-02-28 23:23:42,733:INFO:Declaring metric variables
2021-02-28 23:23:42,733:INFO:Importing untrained model
2021-02-28 23:23:42,733:INFO:Declaring custom model
2021-02-28 23:23:42,734:INFO:Logistic Regression Imported succesfully
2021-02-28 23:23:42,734:INFO:Cross validation set to False
2021-02-28 23:23:42,734:INFO:Fitting Model
2021-02-28 23:23:43,336:INFO:LogisticRegression(C=1.0, class_weight=None, dual=False, fit_intercept=True,
                   intercept_scaling=1, l1_ratio=None, max_iter=1000,
                   multi_class='auto', n_jobs=None, penalty='l2',
                   random_state=123, solver='lbfgs', tol=0.0001, verbose=0,
                   warm_start=False)
2021-02-28 23:23:43,336:INFO:create_models() succesfully completed......................................
2021-02-28 23:23:43,579:INFO:create_model_container: 15
2021-02-28 23:23:43,579:INFO:master_model_container: 15
2021-02-28 23:23:43,579:INFO:display_container: 2
2021-02-28 23:23:43,580:INFO:LogisticRegression(C=1.0, class_weight=None, dual=False, fit_intercept=True,
                   intercept_scaling=1, l1_ratio=None, max_iter=1000,
                   multi_class='auto', n_jobs=None, penalty='l2',
                   random_state=123, solver='lbfgs', tol=0.0001, verbose=0,
                   warm_start=False)
2021-02-28 23:23:43,580:INFO:compare_models() succesfully completed......................................
2021-02-28 23:25:41,369:INFO:Initializing create_model()
2021-02-28 23:25:41,370:INFO:create_model(estimator=catboost, fold=None, round=4, cross_validation=True, predict=True, fit_kwargs=None, groups=None, refit=True, verbose=True, system=True, metrics=None, display=None, kwargs={})
2021-02-28 23:25:41,370:INFO:Checking exceptions
2021-02-28 23:25:41,370:INFO:Preparing display monitor
2021-02-28 23:25:41,389:INFO:Importing libraries
2021-02-28 23:25:41,389:INFO:Copying training dataset
2021-02-28 23:25:41,390:INFO:Defining folds
2021-02-28 23:25:41,390:INFO:Declaring metric variables
2021-02-28 23:25:41,398:INFO:Importing untrained model
2021-02-28 23:25:41,412:INFO:CatBoost Classifier Imported succesfully
2021-02-28 23:25:41,433:INFO:Starting cross validation
2021-02-28 23:25:41,434:INFO:Cross validating with StratifiedKFold(n_splits=10, random_state=None, shuffle=False), n_jobs=-1
2021-02-28 23:27:50,103:INFO:Calculating mean and std
2021-02-28 23:27:50,104:INFO:Creating metrics dataframe
2021-02-28 23:27:50,116:INFO:Finalizing model
2021-02-28 23:28:02,617:INFO:Uploading results into container
2021-02-28 23:28:02,617:INFO:Uploading model into container now
2021-02-28 23:28:02,650:INFO:create_model_container: 16
2021-02-28 23:28:02,651:INFO:master_model_container: 16
2021-02-28 23:28:02,651:INFO:display_container: 3
2021-02-28 23:28:02,651:INFO:<catboost.core.CatBoostClassifier object at 0x000001AD3B110640>
2021-02-28 23:28:02,651:INFO:create_model() succesfully completed......................................
2021-02-28 23:28:02,728:INFO:Initializing create_model()
2021-02-28 23:28:02,728:INFO:create_model(estimator=gbc, fold=None, round=4, cross_validation=True, predict=True, fit_kwargs=None, groups=None, refit=True, verbose=True, system=True, metrics=None, display=None, kwargs={})
2021-02-28 23:28:02,728:INFO:Checking exceptions
2021-02-28 23:28:02,728:INFO:Preparing display monitor
2021-02-28 23:28:02,743:INFO:Importing libraries
2021-02-28 23:28:02,743:INFO:Copying training dataset
2021-02-28 23:28:02,745:INFO:Defining folds
2021-02-28 23:28:02,745:INFO:Declaring metric variables
2021-02-28 23:28:02,752:INFO:Importing untrained model
2021-02-28 23:28:02,762:INFO:Gradient Boosting Classifier Imported succesfully
2021-02-28 23:28:02,782:INFO:Starting cross validation
2021-02-28 23:28:02,783:INFO:Cross validating with StratifiedKFold(n_splits=10, random_state=None, shuffle=False), n_jobs=-1
2021-02-28 23:28:12,688:INFO:Calculating mean and std
2021-02-28 23:28:12,691:INFO:Creating metrics dataframe
2021-02-28 23:28:12,716:INFO:Finalizing model
2021-02-28 23:28:16,212:INFO:Uploading results into container
2021-02-28 23:28:16,212:INFO:Uploading model into container now
2021-02-28 23:28:16,240:INFO:create_model_container: 17
2021-02-28 23:28:16,241:INFO:master_model_container: 17
2021-02-28 23:28:16,241:INFO:display_container: 4
2021-02-28 23:28:16,242:INFO:GradientBoostingClassifier(ccp_alpha=0.0, criterion='friedman_mse', init=None,
                           learning_rate=0.1, loss='deviance', max_depth=3,
                           max_features=None, max_leaf_nodes=None,
                           min_impurity_decrease=0.0, min_impurity_split=None,
                           min_samples_leaf=1, min_samples_split=2,
                           min_weight_fraction_leaf=0.0, n_estimators=100,
                           n_iter_no_change=None, presort='deprecated',
                           random_state=123, subsample=1.0, tol=0.0001,
                           validation_fraction=0.1, verbose=0,
                           warm_start=False)
2021-02-28 23:28:16,242:INFO:create_model() succesfully completed......................................
2021-02-28 23:28:16,313:INFO:Initializing create_model()
2021-02-28 23:28:16,313:INFO:create_model(estimator=ada, fold=None, round=4, cross_validation=True, predict=True, fit_kwargs=None, groups=None, refit=True, verbose=True, system=True, metrics=None, display=None, kwargs={})
2021-02-28 23:28:16,313:INFO:Checking exceptions
2021-02-28 23:28:16,313:INFO:Preparing display monitor
2021-02-28 23:28:16,328:INFO:Importing libraries
2021-02-28 23:28:16,328:INFO:Copying training dataset
2021-02-28 23:28:16,330:INFO:Defining folds
2021-02-28 23:28:16,330:INFO:Declaring metric variables
2021-02-28 23:28:16,337:INFO:Importing untrained model
2021-02-28 23:28:16,344:INFO:Ada Boost Classifier Imported succesfully
2021-02-28 23:28:16,359:INFO:Starting cross validation
2021-02-28 23:28:16,360:INFO:Cross validating with StratifiedKFold(n_splits=10, random_state=None, shuffle=False), n_jobs=-1
2021-02-28 23:28:19,092:INFO:Calculating mean and std
2021-02-28 23:28:19,093:INFO:Creating metrics dataframe
2021-02-28 23:28:19,104:INFO:Finalizing model
2021-02-28 23:28:19,980:INFO:Uploading results into container
2021-02-28 23:28:19,980:INFO:Uploading model into container now
2021-02-28 23:28:20,009:INFO:create_model_container: 18
2021-02-28 23:28:20,009:INFO:master_model_container: 18
2021-02-28 23:28:20,009:INFO:display_container: 5
2021-02-28 23:28:20,009:INFO:AdaBoostClassifier(algorithm='SAMME.R', base_estimator=None, learning_rate=1.0,
                   n_estimators=50, random_state=123)
2021-02-28 23:28:20,009:INFO:create_model() succesfully completed......................................
2021-02-28 23:28:20,073:INFO:Initializing create_model()
2021-02-28 23:28:20,073:INFO:create_model(estimator=rf, fold=None, round=4, cross_validation=True, predict=True, fit_kwargs=None, groups=None, refit=True, verbose=True, system=True, metrics=None, display=None, kwargs={})
2021-02-28 23:28:20,073:INFO:Checking exceptions
2021-02-28 23:28:20,074:INFO:Preparing display monitor
2021-02-28 23:28:20,091:INFO:Importing libraries
2021-02-28 23:28:20,091:INFO:Copying training dataset
2021-02-28 23:28:20,093:INFO:Defining folds
2021-02-28 23:28:20,093:INFO:Declaring metric variables
2021-02-28 23:28:20,100:INFO:Importing untrained model
2021-02-28 23:28:20,109:INFO:Random Forest Classifier Imported succesfully
2021-02-28 23:28:20,126:INFO:Starting cross validation
2021-02-28 23:28:20,127:INFO:Cross validating with StratifiedKFold(n_splits=10, random_state=None, shuffle=False), n_jobs=-1
2021-02-28 23:28:30,665:INFO:Calculating mean and std
2021-02-28 23:28:30,667:INFO:Creating metrics dataframe
2021-02-28 23:28:30,693:INFO:Finalizing model
2021-02-28 23:28:32,122:INFO:Uploading results into container
2021-02-28 23:28:32,122:INFO:Uploading model into container now
2021-02-28 23:28:32,162:INFO:create_model_container: 19
2021-02-28 23:28:32,162:INFO:master_model_container: 19
2021-02-28 23:28:32,163:INFO:display_container: 6
2021-02-28 23:28:32,164:INFO:RandomForestClassifier(bootstrap=True, ccp_alpha=0.0, class_weight=None,
                       criterion='gini', max_depth=None, max_features='auto',
                       max_leaf_nodes=None, max_samples=None,
                       min_impurity_decrease=0.0, min_impurity_split=None,
                       min_samples_leaf=1, min_samples_split=2,
                       min_weight_fraction_leaf=0.0, n_estimators=100,
                       n_jobs=-1, oob_score=False, random_state=123, verbose=0,
                       warm_start=False)
2021-02-28 23:28:32,164:INFO:create_model() succesfully completed......................................
2021-02-28 23:28:32,273:INFO:Initializing create_model()
2021-02-28 23:28:32,273:INFO:create_model(estimator=et, fold=None, round=4, cross_validation=True, predict=True, fit_kwargs=None, groups=None, refit=True, verbose=True, system=True, metrics=None, display=None, kwargs={})
2021-02-28 23:28:32,273:INFO:Checking exceptions
2021-02-28 23:28:32,273:INFO:Preparing display monitor
2021-02-28 23:28:32,292:INFO:Importing libraries
2021-02-28 23:28:32,292:INFO:Copying training dataset
2021-02-28 23:28:32,294:INFO:Defining folds
2021-02-28 23:28:32,294:INFO:Declaring metric variables
2021-02-28 23:28:32,302:INFO:Importing untrained model
2021-02-28 23:28:32,312:INFO:Extra Trees Classifier Imported succesfully
2021-02-28 23:28:32,331:INFO:Starting cross validation
2021-02-28 23:28:32,331:INFO:Cross validating with StratifiedKFold(n_splits=10, random_state=None, shuffle=False), n_jobs=-1
2021-02-28 23:28:42,136:INFO:Calculating mean and std
2021-02-28 23:28:42,138:INFO:Creating metrics dataframe
2021-02-28 23:28:42,148:INFO:Finalizing model
2021-02-28 23:28:43,206:INFO:Uploading results into container
2021-02-28 23:28:43,206:INFO:Uploading model into container now
2021-02-28 23:28:43,242:INFO:create_model_container: 20
2021-02-28 23:28:43,243:INFO:master_model_container: 20
2021-02-28 23:28:43,243:INFO:display_container: 7
2021-02-28 23:28:43,243:INFO:ExtraTreesClassifier(bootstrap=False, ccp_alpha=0.0, class_weight=None,
                     criterion='gini', max_depth=None, max_features='auto',
                     max_leaf_nodes=None, max_samples=None,
                     min_impurity_decrease=0.0, min_impurity_split=None,
                     min_samples_leaf=1, min_samples_split=2,
                     min_weight_fraction_leaf=0.0, n_estimators=100, n_jobs=-1,
                     oob_score=False, random_state=123, verbose=0,
                     warm_start=False)
2021-02-28 23:28:43,243:INFO:create_model() succesfully completed......................................
2021-02-28 23:28:43,338:INFO:Initializing create_model()
2021-02-28 23:28:43,338:INFO:create_model(estimator=lightgbm, fold=None, round=4, cross_validation=True, predict=True, fit_kwargs=None, groups=None, refit=True, verbose=True, system=True, metrics=None, display=None, kwargs={})
2021-02-28 23:28:43,338:INFO:Checking exceptions
2021-02-28 23:28:43,338:INFO:Preparing display monitor
2021-02-28 23:28:43,352:INFO:Importing libraries
2021-02-28 23:28:43,353:INFO:Copying training dataset
2021-02-28 23:28:43,354:INFO:Defining folds
2021-02-28 23:28:43,354:INFO:Declaring metric variables
2021-02-28 23:28:43,361:INFO:Importing untrained model
2021-02-28 23:28:43,367:INFO:Light Gradient Boosting Machine Imported succesfully
2021-02-28 23:28:43,380:INFO:Starting cross validation
2021-02-28 23:28:43,380:INFO:Cross validating with StratifiedKFold(n_splits=10, random_state=None, shuffle=False), n_jobs=-1
2021-02-28 23:28:44,973:INFO:Calculating mean and std
2021-02-28 23:28:44,974:INFO:Creating metrics dataframe
2021-02-28 23:28:44,984:INFO:Finalizing model
2021-02-28 23:28:45,323:INFO:Uploading results into container
2021-02-28 23:28:45,323:INFO:Uploading model into container now
2021-02-28 23:28:45,405:INFO:create_model_container: 21
2021-02-28 23:28:45,405:INFO:master_model_container: 21
2021-02-28 23:28:45,406:INFO:display_container: 8
2021-02-28 23:28:45,406:INFO:LGBMClassifier(boosting_type='gbdt', class_weight=None, colsample_bytree=1.0,
               importance_type='split', learning_rate=0.1, max_depth=-1,
               min_child_samples=20, min_child_weight=0.001, min_split_gain=0.0,
               n_estimators=100, n_jobs=-1, num_leaves=31, objective=None,
               random_state=123, reg_alpha=0.0, reg_lambda=0.0, silent=True,
               subsample=1.0, subsample_for_bin=200000, subsample_freq=0)
2021-02-28 23:28:45,406:INFO:create_model() succesfully completed......................................
2021-02-28 23:33:26,686:INFO:PyCaret Supervised Module
2021-02-28 23:33:26,686:INFO:ML Usecase: classification
2021-02-28 23:33:26,686:INFO:version 2.3.0
2021-02-28 23:33:26,686:INFO:Initializing setup()
2021-02-28 23:33:26,687:INFO:setup(target=Response, ml_usecase=classification, available_plots={'parameter': 'Hyperparameters', 'auc': 'AUC', 'confusion_matrix': 'Confusion Matrix', 'threshold': 'Threshold', 'pr': 'Precision Recall', 'error': 'Prediction Error', 'class_report': 'Class Report', 'rfe': 'Feature Selection', 'learning': 'Learning Curve', 'manifold': 'Manifold Learning', 'calibration': 'Calibration Curve', 'vc': 'Validation Curve', 'dimension': 'Dimensions', 'feature': 'Feature Importance', 'feature_all': 'Feature Importance (All)', 'boundary': 'Decision Boundary', 'lift': 'Lift Chart', 'gain': 'Gain Chart', 'tree': 'Decision Tree'}, train_size=0.7, test_data=None, preprocess=True, imputation_type=simple, iterative_imputation_iters=5, categorical_features=None, categorical_imputation=constant, categorical_iterative_imputer=lightgbm, ordinal_features=None, high_cardinality_features=None, high_cardinality_method=frequency, numeric_features=None, numeric_imputation=mean, numeric_iterative_imputer=lightgbm, date_features=None, ignore_features=None, normalize=False, normalize_method=zscore, transformation=False, transformation_method=yeo-johnson, handle_unknown_categorical=True, unknown_categorical_method=least_frequent, pca=False, pca_method=linear, pca_components=None, ignore_low_variance=False, combine_rare_levels=False, rare_level_threshold=0.1, bin_numeric_features=None, remove_outliers=False, outliers_threshold=0.05, remove_multicollinearity=False, multicollinearity_threshold=0.9, remove_perfect_collinearity=True, create_clusters=False, cluster_iter=20, polynomial_features=False, polynomial_degree=2, trigonometry_features=False, polynomial_threshold=0.1, group_features=None, group_names=None, feature_selection=False, feature_selection_threshold=0.8, feature_selection_method=classic, feature_interaction=False, feature_ratio=False, interaction_threshold=0.01, fix_imbalance=False, fix_imbalance_method=None, transform_target=False, transform_target_method=box-cox, data_split_shuffle=True, data_split_stratify=False, fold_strategy=stratifiedkfold, fold=10, fold_shuffle=False, fold_groups=None, n_jobs=-1, use_gpu=False, custom_pipeline=None, html=True, session_id=123, log_experiment=False, experiment_name=None, log_plots=False, log_profile=False, log_data=False, silent=False, verbose=True, profile=False, profile_kwargs=None, display=None)
2021-02-28 23:33:26,687:INFO:Checking environment
2021-02-28 23:33:26,687:INFO:python_version: 3.8.3
2021-02-28 23:33:26,687:INFO:python_build: ('default', 'Jul  2 2020 17:30:36')
2021-02-28 23:33:26,687:INFO:machine: AMD64
2021-02-28 23:33:26,687:INFO:platform: Windows-10-10.0.19041-SP0
2021-02-28 23:33:26,687:INFO:Memory: svmem(total=8473792512, available=2317832192, percent=72.6, used=6155960320, free=2317832192)
2021-02-28 23:33:26,688:INFO:Physical Core: 4
2021-02-28 23:33:26,688:INFO:Logical Core: 8
2021-02-28 23:33:26,688:INFO:Checking libraries
2021-02-28 23:33:26,688:INFO:pd==1.0.3
2021-02-28 23:33:26,688:INFO:numpy==1.19.5
2021-02-28 23:33:26,688:INFO:sklearn==0.23.2
2021-02-28 23:33:26,688:INFO:lightgbm==3.1.1
2021-02-28 23:33:26,688:INFO:catboost==0.24.4
2021-02-28 23:33:26,688:INFO:xgboost==1.1.1
2021-02-28 23:33:26,688:INFO:mlflow==1.13.1
2021-02-28 23:33:26,688:INFO:Checking Exceptions
2021-02-28 23:33:26,688:INFO:Declaring global variables
2021-02-28 23:33:26,688:INFO:USI: c595
2021-02-28 23:33:26,688:INFO:pycaret_globals: {'y_train', '_all_models_internal', 'gpu_param', 'imputation_classifier', 'logging_param', 'display_container', '_available_plots', 'transform_target_param', '_ml_usecase', 'fold_param', 'create_model_container', 'transform_target_method_param', 'X_train', 'seed', 'stratify_param', 'experiment__', '_all_metrics', 'data_before_preprocess', 'fix_imbalance_param', 'master_model_container', 'html_param', 'fold_groups_param', 'exp_name_log', 'log_plots_param', 'target_param', 'X_test', 'fix_imbalance_method_param', '_gpu_n_jobs_param', 'iterative_imputation_iters_param', 'fold_shuffle_param', 'fold_generator', '_all_models', 'pycaret_globals', '_internal_pipeline', 'n_jobs_param', 'y_test', 'X', 'prep_pipe', 'imputation_regressor', 'y', 'USI'}
2021-02-28 23:33:26,688:INFO:Preparing display monitor
2021-02-28 23:33:26,688:INFO:Preparing display monitor
2021-02-28 23:33:26,700:INFO:Importing libraries
2021-02-28 23:33:26,700:INFO:Copying data for preprocessing
2021-02-28 23:33:26,709:INFO:Declaring preprocessing parameters
2021-02-28 23:33:26,713:INFO:Creating preprocessing pipeline
2021-02-28 23:33:26,771:INFO:Preprocessing pipeline created successfully
2021-02-28 23:33:26,771:ERROR:(Process Exit): setup has been interupted with user command 'quit'. setup must rerun.
2021-02-28 23:33:26,771:INFO:Creating global containers
2021-02-28 23:33:26,771:INFO:Internal pipeline: Pipeline(memory=None, steps=[('empty_step', 'passthrough')], verbose=False)
2021-02-28 23:33:29,378:INFO:Creating grid variables
2021-02-28 23:33:29,412:INFO:create_model_container: 0
2021-02-28 23:33:29,412:INFO:master_model_container: 0
2021-02-28 23:33:29,412:INFO:display_container: 1
2021-02-28 23:33:29,415:INFO:Pipeline(memory=None,
         steps=[('dtypes',
                 DataTypes_Auto_infer(categorical_features=[],
                                      display_types=True, features_todrop=[],
                                      id_columns=[],
                                      ml_usecase='classification',
                                      numerical_features=[], target='Response',
                                      time_features=[])),
                ('imputer',
                 Simple_Imputer(categorical_strategy='not_available',
                                fill_value_categorical=None,
                                fill_value_numerical=None,
                                numeric_str...
                ('scaling', 'passthrough'), ('P_transform', 'passthrough'),
                ('binn', 'passthrough'), ('rem_outliers', 'passthrough'),
                ('cluster_all', 'passthrough'),
                ('dummy', Dummify(target='Response')),
                ('fix_perfect', Remove_100(target='Response')),
                ('clean_names', Clean_Colum_Names()),
                ('feature_select', 'passthrough'), ('fix_multi', 'passthrough'),
                ('dfs', 'passthrough'), ('pca', 'passthrough')],
         verbose=False)
2021-02-28 23:33:29,415:INFO:setup() succesfully completed......................................
2021-02-28 23:33:32,507:INFO:Initializing compare_models()
2021-02-28 23:33:32,507:INFO:compare_models(include=None, fold=None, round=4, cross_validation=True, sort=Accuracy, n_select=1, budget_time=None, turbo=True, errors=ignore, fit_kwargs=None, groups=None, verbose=True, display=None, exclude=None)
2021-02-28 23:33:32,507:INFO:Checking exceptions
2021-02-28 23:33:32,510:INFO:Preparing display monitor
2021-02-28 23:33:32,510:INFO:Preparing display monitor
2021-02-28 23:33:32,536:INFO:Initializing Logistic Regression
2021-02-28 23:33:32,536:INFO:Total runtime is 0.0 minutes
2021-02-28 23:33:32,544:INFO:SubProcess create_model() called ==================================
2021-02-28 23:33:32,545:INFO:Initializing create_model()
2021-02-28 23:33:32,545:INFO:create_model(estimator=lr, fold=StratifiedKFold(n_splits=10, random_state=None, shuffle=False), round=4, cross_validation=True, predict=True, fit_kwargs={}, groups=None, refit=False, verbose=False, system=False, metrics=None, display=<pycaret.internal.Display.Display object at 0x000001AD7F424670>, kwargs={})
2021-02-28 23:33:32,545:INFO:Checking exceptions
2021-02-28 23:33:32,545:INFO:Importing libraries
2021-02-28 23:33:32,545:INFO:Copying training dataset
2021-02-28 23:33:32,547:INFO:Defining folds
2021-02-28 23:33:32,548:INFO:Declaring metric variables
2021-02-28 23:33:32,558:INFO:Importing untrained model
2021-02-28 23:33:32,565:INFO:Logistic Regression Imported succesfully
2021-02-28 23:33:32,587:INFO:Starting cross validation
2021-02-28 23:33:32,588:INFO:Cross validating with StratifiedKFold(n_splits=10, random_state=None, shuffle=False), n_jobs=-1
2021-02-28 23:33:35,715:INFO:Calculating mean and std
2021-02-28 23:33:35,718:INFO:Creating metrics dataframe
2021-02-28 23:33:35,731:INFO:Uploading results into container
2021-02-28 23:33:35,732:INFO:Uploading model into container now
2021-02-28 23:33:35,732:INFO:create_model_container: 1
2021-02-28 23:33:35,732:INFO:master_model_container: 1
2021-02-28 23:33:35,732:INFO:display_container: 2
2021-02-28 23:33:35,733:INFO:LogisticRegression(C=1.0, class_weight=None, dual=False, fit_intercept=True,
                   intercept_scaling=1, l1_ratio=None, max_iter=1000,
                   multi_class='auto', n_jobs=None, penalty='l2',
                   random_state=123, solver='lbfgs', tol=0.0001, verbose=0,
                   warm_start=False)
2021-02-28 23:33:35,733:INFO:create_model() succesfully completed......................................
2021-02-28 23:33:35,805:INFO:SubProcess create_model() end ==================================
2021-02-28 23:33:35,805:INFO:Creating metrics dataframe
2021-02-28 23:33:35,816:INFO:Initializing K Neighbors Classifier
2021-02-28 23:33:35,817:INFO:Total runtime is 0.054689431190490724 minutes
2021-02-28 23:33:35,824:INFO:SubProcess create_model() called ==================================
2021-02-28 23:33:35,825:INFO:Initializing create_model()
2021-02-28 23:33:35,825:INFO:create_model(estimator=knn, fold=StratifiedKFold(n_splits=10, random_state=None, shuffle=False), round=4, cross_validation=True, predict=True, fit_kwargs={}, groups=None, refit=False, verbose=False, system=False, metrics=None, display=<pycaret.internal.Display.Display object at 0x000001AD7F424670>, kwargs={})
2021-02-28 23:33:35,825:INFO:Checking exceptions
2021-02-28 23:33:35,825:INFO:Importing libraries
2021-02-28 23:33:35,825:INFO:Copying training dataset
2021-02-28 23:33:35,826:INFO:Defining folds
2021-02-28 23:33:35,827:INFO:Declaring metric variables
2021-02-28 23:33:35,833:INFO:Importing untrained model
2021-02-28 23:33:35,841:INFO:K Neighbors Classifier Imported succesfully
2021-02-28 23:33:35,858:INFO:Starting cross validation
2021-02-28 23:33:35,859:INFO:Cross validating with StratifiedKFold(n_splits=10, random_state=None, shuffle=False), n_jobs=-1
2021-02-28 23:33:37,079:INFO:Calculating mean and std
2021-02-28 23:33:37,081:INFO:Creating metrics dataframe
2021-02-28 23:33:37,092:INFO:Uploading results into container
2021-02-28 23:33:37,092:INFO:Uploading model into container now
2021-02-28 23:33:37,092:INFO:create_model_container: 2
2021-02-28 23:33:37,092:INFO:master_model_container: 2
2021-02-28 23:33:37,092:INFO:display_container: 2
2021-02-28 23:33:37,093:INFO:KNeighborsClassifier(algorithm='auto', leaf_size=30, metric='minkowski',
                     metric_params=None, n_jobs=-1, n_neighbors=5, p=2,
                     weights='uniform')
2021-02-28 23:33:37,093:INFO:create_model() succesfully completed......................................
2021-02-28 23:33:37,172:INFO:SubProcess create_model() end ==================================
2021-02-28 23:33:37,172:INFO:Creating metrics dataframe
2021-02-28 23:33:37,186:INFO:Initializing Naive Bayes
2021-02-28 23:33:37,186:INFO:Total runtime is 0.07750998735427857 minutes
2021-02-28 23:33:37,196:INFO:SubProcess create_model() called ==================================
2021-02-28 23:33:37,197:INFO:Initializing create_model()
2021-02-28 23:33:37,197:INFO:create_model(estimator=nb, fold=StratifiedKFold(n_splits=10, random_state=None, shuffle=False), round=4, cross_validation=True, predict=True, fit_kwargs={}, groups=None, refit=False, verbose=False, system=False, metrics=None, display=<pycaret.internal.Display.Display object at 0x000001AD7F424670>, kwargs={})
2021-02-28 23:33:37,197:INFO:Checking exceptions
2021-02-28 23:33:37,197:INFO:Importing libraries
2021-02-28 23:33:37,197:INFO:Copying training dataset
2021-02-28 23:33:37,198:INFO:Defining folds
2021-02-28 23:33:37,198:INFO:Declaring metric variables
2021-02-28 23:33:37,207:INFO:Importing untrained model
2021-02-28 23:33:37,214:INFO:Naive Bayes Imported succesfully
2021-02-28 23:33:37,233:INFO:Starting cross validation
2021-02-28 23:33:37,234:INFO:Cross validating with StratifiedKFold(n_splits=10, random_state=None, shuffle=False), n_jobs=-1
2021-02-28 23:33:37,483:INFO:Calculating mean and std
2021-02-28 23:33:37,486:INFO:Creating metrics dataframe
2021-02-28 23:33:37,498:INFO:Uploading results into container
2021-02-28 23:33:37,498:INFO:Uploading model into container now
2021-02-28 23:33:37,498:INFO:create_model_container: 3
2021-02-28 23:33:37,499:INFO:master_model_container: 3
2021-02-28 23:33:37,499:INFO:display_container: 2
2021-02-28 23:33:37,499:INFO:GaussianNB(priors=None, var_smoothing=1e-09)
2021-02-28 23:33:37,499:INFO:create_model() succesfully completed......................................
2021-02-28 23:33:37,570:INFO:SubProcess create_model() end ==================================
2021-02-28 23:33:37,570:INFO:Creating metrics dataframe
2021-02-28 23:33:37,587:INFO:Initializing Decision Tree Classifier
2021-02-28 23:33:37,588:INFO:Total runtime is 0.08420956532160441 minutes
2021-02-28 23:33:37,595:INFO:SubProcess create_model() called ==================================
2021-02-28 23:33:37,595:INFO:Initializing create_model()
2021-02-28 23:33:37,595:INFO:create_model(estimator=dt, fold=StratifiedKFold(n_splits=10, random_state=None, shuffle=False), round=4, cross_validation=True, predict=True, fit_kwargs={}, groups=None, refit=False, verbose=False, system=False, metrics=None, display=<pycaret.internal.Display.Display object at 0x000001AD7F424670>, kwargs={})
2021-02-28 23:33:37,596:INFO:Checking exceptions
2021-02-28 23:33:37,596:INFO:Importing libraries
2021-02-28 23:33:37,596:INFO:Copying training dataset
2021-02-28 23:33:37,597:INFO:Defining folds
2021-02-28 23:33:37,597:INFO:Declaring metric variables
2021-02-28 23:33:37,604:INFO:Importing untrained model
2021-02-28 23:33:37,613:INFO:Decision Tree Classifier Imported succesfully
2021-02-28 23:33:37,631:INFO:Starting cross validation
2021-02-28 23:33:37,632:INFO:Cross validating with StratifiedKFold(n_splits=10, random_state=None, shuffle=False), n_jobs=-1
2021-02-28 23:33:38,186:INFO:Calculating mean and std
2021-02-28 23:33:38,188:INFO:Creating metrics dataframe
2021-02-28 23:33:38,192:INFO:Uploading results into container
2021-02-28 23:33:38,192:INFO:Uploading model into container now
2021-02-28 23:33:38,192:INFO:create_model_container: 4
2021-02-28 23:33:38,192:INFO:master_model_container: 4
2021-02-28 23:33:38,192:INFO:display_container: 2
2021-02-28 23:33:38,192:INFO:DecisionTreeClassifier(ccp_alpha=0.0, class_weight=None, criterion='gini',
                       max_depth=None, max_features=None, max_leaf_nodes=None,
                       min_impurity_decrease=0.0, min_impurity_split=None,
                       min_samples_leaf=1, min_samples_split=2,
                       min_weight_fraction_leaf=0.0, presort='deprecated',
                       random_state=123, splitter='best')
2021-02-28 23:33:38,193:INFO:create_model() succesfully completed......................................
2021-02-28 23:33:38,255:INFO:SubProcess create_model() end ==================================
2021-02-28 23:33:38,255:INFO:Creating metrics dataframe
2021-02-28 23:33:38,271:INFO:Initializing SVM - Linear Kernel
2021-02-28 23:33:38,272:INFO:Total runtime is 0.09560935497283936 minutes
2021-02-28 23:33:38,279:INFO:SubProcess create_model() called ==================================
2021-02-28 23:33:38,279:INFO:Initializing create_model()
2021-02-28 23:33:38,279:INFO:create_model(estimator=svm, fold=StratifiedKFold(n_splits=10, random_state=None, shuffle=False), round=4, cross_validation=True, predict=True, fit_kwargs={}, groups=None, refit=False, verbose=False, system=False, metrics=None, display=<pycaret.internal.Display.Display object at 0x000001AD7F424670>, kwargs={})
2021-02-28 23:33:38,279:INFO:Checking exceptions
2021-02-28 23:33:38,280:INFO:Importing libraries
2021-02-28 23:33:38,280:INFO:Copying training dataset
2021-02-28 23:33:38,281:INFO:Defining folds
2021-02-28 23:33:38,282:INFO:Declaring metric variables
2021-02-28 23:33:38,289:INFO:Importing untrained model
2021-02-28 23:33:38,300:INFO:SVM - Linear Kernel Imported succesfully
2021-02-28 23:33:38,323:INFO:Starting cross validation
2021-02-28 23:33:38,324:INFO:Cross validating with StratifiedKFold(n_splits=10, random_state=None, shuffle=False), n_jobs=-1
2021-02-28 23:33:41,180:INFO:Calculating mean and std
2021-02-28 23:33:41,181:INFO:Creating metrics dataframe
2021-02-28 23:33:41,188:INFO:Uploading results into container
2021-02-28 23:33:41,188:INFO:Uploading model into container now
2021-02-28 23:33:41,188:INFO:create_model_container: 5
2021-02-28 23:33:41,188:INFO:master_model_container: 5
2021-02-28 23:33:41,188:INFO:display_container: 2
2021-02-28 23:33:41,189:INFO:SGDClassifier(alpha=0.0001, average=False, class_weight=None,
              early_stopping=False, epsilon=0.1, eta0=0.001, fit_intercept=True,
              l1_ratio=0.15, learning_rate='optimal', loss='hinge',
              max_iter=1000, n_iter_no_change=5, n_jobs=-1, penalty='l2',
              power_t=0.5, random_state=123, shuffle=True, tol=0.001,
              validation_fraction=0.1, verbose=0, warm_start=False)
2021-02-28 23:33:41,189:INFO:create_model() succesfully completed......................................
2021-02-28 23:33:41,253:INFO:SubProcess create_model() end ==================================
2021-02-28 23:33:41,253:INFO:Creating metrics dataframe
2021-02-28 23:33:41,275:INFO:Initializing Ridge Classifier
2021-02-28 23:33:41,275:INFO:Total runtime is 0.14565718173980713 minutes
2021-02-28 23:33:41,282:INFO:SubProcess create_model() called ==================================
2021-02-28 23:33:41,282:INFO:Initializing create_model()
2021-02-28 23:33:41,282:INFO:create_model(estimator=ridge, fold=StratifiedKFold(n_splits=10, random_state=None, shuffle=False), round=4, cross_validation=True, predict=True, fit_kwargs={}, groups=None, refit=False, verbose=False, system=False, metrics=None, display=<pycaret.internal.Display.Display object at 0x000001AD7F424670>, kwargs={})
2021-02-28 23:33:41,282:INFO:Checking exceptions
2021-02-28 23:33:41,282:INFO:Importing libraries
2021-02-28 23:33:41,283:INFO:Copying training dataset
2021-02-28 23:33:41,284:INFO:Defining folds
2021-02-28 23:33:41,284:INFO:Declaring metric variables
2021-02-28 23:33:41,292:INFO:Importing untrained model
2021-02-28 23:33:41,300:INFO:Ridge Classifier Imported succesfully
2021-02-28 23:33:41,318:INFO:Starting cross validation
2021-02-28 23:33:41,321:INFO:Cross validating with StratifiedKFold(n_splits=10, random_state=None, shuffle=False), n_jobs=-1
2021-02-28 23:33:41,664:INFO:Calculating mean and std
2021-02-28 23:33:41,667:INFO:Creating metrics dataframe
2021-02-28 23:33:41,670:INFO:Uploading results into container
2021-02-28 23:33:41,671:INFO:Uploading model into container now
2021-02-28 23:33:41,671:INFO:create_model_container: 6
2021-02-28 23:33:41,671:INFO:master_model_container: 6
2021-02-28 23:33:41,671:INFO:display_container: 2
2021-02-28 23:33:41,671:INFO:RidgeClassifier(alpha=1.0, class_weight=None, copy_X=True, fit_intercept=True,
                max_iter=None, normalize=False, random_state=123, solver='auto',
                tol=0.001)
2021-02-28 23:33:41,671:INFO:create_model() succesfully completed......................................
2021-02-28 23:33:41,734:INFO:SubProcess create_model() end ==================================
2021-02-28 23:33:41,734:INFO:Creating metrics dataframe
2021-02-28 23:33:41,757:INFO:Initializing Random Forest Classifier
2021-02-28 23:33:41,758:INFO:Total runtime is 0.15370121002197265 minutes
2021-02-28 23:33:41,765:INFO:SubProcess create_model() called ==================================
2021-02-28 23:33:41,765:INFO:Initializing create_model()
2021-02-28 23:33:41,765:INFO:create_model(estimator=rf, fold=StratifiedKFold(n_splits=10, random_state=None, shuffle=False), round=4, cross_validation=True, predict=True, fit_kwargs={}, groups=None, refit=False, verbose=False, system=False, metrics=None, display=<pycaret.internal.Display.Display object at 0x000001AD7F424670>, kwargs={})
2021-02-28 23:33:41,766:INFO:Checking exceptions
2021-02-28 23:33:41,766:INFO:Importing libraries
2021-02-28 23:33:41,766:INFO:Copying training dataset
2021-02-28 23:33:41,768:INFO:Defining folds
2021-02-28 23:33:41,768:INFO:Declaring metric variables
2021-02-28 23:33:41,775:INFO:Importing untrained model
2021-02-28 23:33:41,784:INFO:Random Forest Classifier Imported succesfully
2021-02-28 23:33:41,808:INFO:Starting cross validation
2021-02-28 23:33:41,809:INFO:Cross validating with StratifiedKFold(n_splits=10, random_state=None, shuffle=False), n_jobs=-1
2021-02-28 23:33:50,100:INFO:Calculating mean and std
2021-02-28 23:33:50,102:INFO:Creating metrics dataframe
2021-02-28 23:33:50,110:INFO:Uploading results into container
2021-02-28 23:33:50,111:INFO:Uploading model into container now
2021-02-28 23:33:50,111:INFO:create_model_container: 7
2021-02-28 23:33:50,111:INFO:master_model_container: 7
2021-02-28 23:33:50,112:INFO:display_container: 2
2021-02-28 23:33:50,113:INFO:RandomForestClassifier(bootstrap=True, ccp_alpha=0.0, class_weight=None,
                       criterion='gini', max_depth=None, max_features='auto',
                       max_leaf_nodes=None, max_samples=None,
                       min_impurity_decrease=0.0, min_impurity_split=None,
                       min_samples_leaf=1, min_samples_split=2,
                       min_weight_fraction_leaf=0.0, n_estimators=100,
                       n_jobs=-1, oob_score=False, random_state=123, verbose=0,
                       warm_start=False)
2021-02-28 23:33:50,113:INFO:create_model() succesfully completed......................................
2021-02-28 23:33:50,211:INFO:SubProcess create_model() end ==================================
2021-02-28 23:33:50,211:INFO:Creating metrics dataframe
2021-02-28 23:33:50,233:INFO:Initializing Quadratic Discriminant Analysis
2021-02-28 23:33:50,233:INFO:Total runtime is 0.2949582576751709 minutes
2021-02-28 23:33:50,242:INFO:SubProcess create_model() called ==================================
2021-02-28 23:33:50,242:INFO:Initializing create_model()
2021-02-28 23:33:50,242:INFO:create_model(estimator=qda, fold=StratifiedKFold(n_splits=10, random_state=None, shuffle=False), round=4, cross_validation=True, predict=True, fit_kwargs={}, groups=None, refit=False, verbose=False, system=False, metrics=None, display=<pycaret.internal.Display.Display object at 0x000001AD7F424670>, kwargs={})
2021-02-28 23:33:50,242:INFO:Checking exceptions
2021-02-28 23:33:50,242:INFO:Importing libraries
2021-02-28 23:33:50,242:INFO:Copying training dataset
2021-02-28 23:33:50,244:INFO:Defining folds
2021-02-28 23:33:50,244:INFO:Declaring metric variables
2021-02-28 23:33:50,251:INFO:Importing untrained model
2021-02-28 23:33:50,259:INFO:Quadratic Discriminant Analysis Imported succesfully
2021-02-28 23:33:50,277:INFO:Starting cross validation
2021-02-28 23:33:50,278:INFO:Cross validating with StratifiedKFold(n_splits=10, random_state=None, shuffle=False), n_jobs=-1
2021-02-28 23:33:50,535:INFO:Calculating mean and std
2021-02-28 23:33:50,537:INFO:Creating metrics dataframe
2021-02-28 23:33:50,548:INFO:Uploading results into container
2021-02-28 23:33:50,548:INFO:Uploading model into container now
2021-02-28 23:33:50,549:INFO:create_model_container: 8
2021-02-28 23:33:50,549:INFO:master_model_container: 8
2021-02-28 23:33:50,549:INFO:display_container: 2
2021-02-28 23:33:50,549:INFO:QuadraticDiscriminantAnalysis(priors=None, reg_param=0.0,
                              store_covariance=False, tol=0.0001)
2021-02-28 23:33:50,550:INFO:create_model() succesfully completed......................................
2021-02-28 23:33:50,627:INFO:SubProcess create_model() end ==================================
2021-02-28 23:33:50,627:INFO:Creating metrics dataframe
2021-02-28 23:33:50,655:INFO:Initializing Ada Boost Classifier
2021-02-28 23:33:50,655:INFO:Total runtime is 0.30198613405227664 minutes
2021-02-28 23:33:50,662:INFO:SubProcess create_model() called ==================================
2021-02-28 23:33:50,662:INFO:Initializing create_model()
2021-02-28 23:33:50,662:INFO:create_model(estimator=ada, fold=StratifiedKFold(n_splits=10, random_state=None, shuffle=False), round=4, cross_validation=True, predict=True, fit_kwargs={}, groups=None, refit=False, verbose=False, system=False, metrics=None, display=<pycaret.internal.Display.Display object at 0x000001AD7F424670>, kwargs={})
2021-02-28 23:33:50,662:INFO:Checking exceptions
2021-02-28 23:33:50,662:INFO:Importing libraries
2021-02-28 23:33:50,662:INFO:Copying training dataset
2021-02-28 23:33:50,663:INFO:Defining folds
2021-02-28 23:33:50,664:INFO:Declaring metric variables
2021-02-28 23:33:50,671:INFO:Importing untrained model
2021-02-28 23:33:50,681:INFO:Ada Boost Classifier Imported succesfully
2021-02-28 23:33:50,702:INFO:Starting cross validation
2021-02-28 23:33:50,704:INFO:Cross validating with StratifiedKFold(n_splits=10, random_state=None, shuffle=False), n_jobs=-1
2021-02-28 23:33:53,007:INFO:Calculating mean and std
2021-02-28 23:33:53,008:INFO:Creating metrics dataframe
2021-02-28 23:33:53,011:INFO:Uploading results into container
2021-02-28 23:33:53,011:INFO:Uploading model into container now
2021-02-28 23:33:53,011:INFO:create_model_container: 9
2021-02-28 23:33:53,011:INFO:master_model_container: 9
2021-02-28 23:33:53,012:INFO:display_container: 2
2021-02-28 23:33:53,012:INFO:AdaBoostClassifier(algorithm='SAMME.R', base_estimator=None, learning_rate=1.0,
                   n_estimators=50, random_state=123)
2021-02-28 23:33:53,012:INFO:create_model() succesfully completed......................................
2021-02-28 23:33:53,082:INFO:SubProcess create_model() end ==================================
2021-02-28 23:33:53,082:INFO:Creating metrics dataframe
2021-02-28 23:33:53,108:INFO:Initializing Gradient Boosting Classifier
2021-02-28 23:33:53,109:INFO:Total runtime is 0.34288912614186606 minutes
2021-02-28 23:33:53,116:INFO:SubProcess create_model() called ==================================
2021-02-28 23:33:53,117:INFO:Initializing create_model()
2021-02-28 23:33:53,117:INFO:create_model(estimator=gbc, fold=StratifiedKFold(n_splits=10, random_state=None, shuffle=False), round=4, cross_validation=True, predict=True, fit_kwargs={}, groups=None, refit=False, verbose=False, system=False, metrics=None, display=<pycaret.internal.Display.Display object at 0x000001AD7F424670>, kwargs={})
2021-02-28 23:33:53,117:INFO:Checking exceptions
2021-02-28 23:33:53,117:INFO:Importing libraries
2021-02-28 23:33:53,117:INFO:Copying training dataset
2021-02-28 23:33:53,119:INFO:Defining folds
2021-02-28 23:33:53,119:INFO:Declaring metric variables
2021-02-28 23:33:53,129:INFO:Importing untrained model
2021-02-28 23:33:53,138:INFO:Gradient Boosting Classifier Imported succesfully
2021-02-28 23:33:53,153:INFO:Starting cross validation
2021-02-28 23:33:53,154:INFO:Cross validating with StratifiedKFold(n_splits=10, random_state=None, shuffle=False), n_jobs=-1
2021-02-28 23:34:01,343:INFO:Calculating mean and std
2021-02-28 23:34:01,346:INFO:Creating metrics dataframe
2021-02-28 23:34:01,358:INFO:Uploading results into container
2021-02-28 23:34:01,358:INFO:Uploading model into container now
2021-02-28 23:34:01,359:INFO:create_model_container: 10
2021-02-28 23:34:01,359:INFO:master_model_container: 10
2021-02-28 23:34:01,359:INFO:display_container: 2
2021-02-28 23:34:01,361:INFO:GradientBoostingClassifier(ccp_alpha=0.0, criterion='friedman_mse', init=None,
                           learning_rate=0.1, loss='deviance', max_depth=3,
                           max_features=None, max_leaf_nodes=None,
                           min_impurity_decrease=0.0, min_impurity_split=None,
                           min_samples_leaf=1, min_samples_split=2,
                           min_weight_fraction_leaf=0.0, n_estimators=100,
                           n_iter_no_change=None, presort='deprecated',
                           random_state=123, subsample=1.0, tol=0.0001,
                           validation_fraction=0.1, verbose=0,
                           warm_start=False)
2021-02-28 23:34:01,361:INFO:create_model() succesfully completed......................................
2021-02-28 23:34:01,445:INFO:SubProcess create_model() end ==================================
2021-02-28 23:34:01,445:INFO:Creating metrics dataframe
2021-02-28 23:34:01,475:INFO:Initializing Linear Discriminant Analysis
2021-02-28 23:34:01,476:INFO:Total runtime is 0.48234692414601643 minutes
2021-02-28 23:34:01,484:INFO:SubProcess create_model() called ==================================
2021-02-28 23:34:01,485:INFO:Initializing create_model()
2021-02-28 23:34:01,485:INFO:create_model(estimator=lda, fold=StratifiedKFold(n_splits=10, random_state=None, shuffle=False), round=4, cross_validation=True, predict=True, fit_kwargs={}, groups=None, refit=False, verbose=False, system=False, metrics=None, display=<pycaret.internal.Display.Display object at 0x000001AD7F424670>, kwargs={})
2021-02-28 23:34:01,485:INFO:Checking exceptions
2021-02-28 23:34:01,485:INFO:Importing libraries
2021-02-28 23:34:01,486:INFO:Copying training dataset
2021-02-28 23:34:01,487:INFO:Defining folds
2021-02-28 23:34:01,488:INFO:Declaring metric variables
2021-02-28 23:34:01,495:INFO:Importing untrained model
2021-02-28 23:34:01,507:INFO:Linear Discriminant Analysis Imported succesfully
2021-02-28 23:34:01,523:INFO:Starting cross validation
2021-02-28 23:34:01,523:INFO:Cross validating with StratifiedKFold(n_splits=10, random_state=None, shuffle=False), n_jobs=-1
2021-02-28 23:34:01,915:INFO:Calculating mean and std
2021-02-28 23:34:01,920:INFO:Creating metrics dataframe
2021-02-28 23:34:01,942:INFO:Uploading results into container
2021-02-28 23:34:01,942:INFO:Uploading model into container now
2021-02-28 23:34:01,942:INFO:create_model_container: 11
2021-02-28 23:34:01,942:INFO:master_model_container: 11
2021-02-28 23:34:01,943:INFO:display_container: 2
2021-02-28 23:34:01,944:INFO:LinearDiscriminantAnalysis(n_components=None, priors=None, shrinkage=None,
                           solver='svd', store_covariance=False, tol=0.0001)
2021-02-28 23:34:01,945:INFO:create_model() succesfully completed......................................
2021-02-28 23:34:02,029:INFO:SubProcess create_model() end ==================================
2021-02-28 23:34:02,029:INFO:Creating metrics dataframe
2021-02-28 23:34:02,067:INFO:Initializing Extra Trees Classifier
2021-02-28 23:34:02,067:INFO:Total runtime is 0.49218637943267823 minutes
2021-02-28 23:34:02,076:INFO:SubProcess create_model() called ==================================
2021-02-28 23:34:02,076:INFO:Initializing create_model()
2021-02-28 23:34:02,076:INFO:create_model(estimator=et, fold=StratifiedKFold(n_splits=10, random_state=None, shuffle=False), round=4, cross_validation=True, predict=True, fit_kwargs={}, groups=None, refit=False, verbose=False, system=False, metrics=None, display=<pycaret.internal.Display.Display object at 0x000001AD7F424670>, kwargs={})
2021-02-28 23:34:02,076:INFO:Checking exceptions
2021-02-28 23:34:02,076:INFO:Importing libraries
2021-02-28 23:34:02,076:INFO:Copying training dataset
2021-02-28 23:34:02,077:INFO:Defining folds
2021-02-28 23:34:02,078:INFO:Declaring metric variables
2021-02-28 23:34:02,087:INFO:Importing untrained model
2021-02-28 23:34:02,096:INFO:Extra Trees Classifier Imported succesfully
2021-02-28 23:34:02,116:INFO:Starting cross validation
2021-02-28 23:34:02,118:INFO:Cross validating with StratifiedKFold(n_splits=10, random_state=None, shuffle=False), n_jobs=-1
2021-02-28 23:34:11,072:INFO:Calculating mean and std
2021-02-28 23:34:11,073:INFO:Creating metrics dataframe
2021-02-28 23:34:11,077:INFO:Uploading results into container
2021-02-28 23:34:11,077:INFO:Uploading model into container now
2021-02-28 23:34:11,078:INFO:create_model_container: 12
2021-02-28 23:34:11,078:INFO:master_model_container: 12
2021-02-28 23:34:11,078:INFO:display_container: 2
2021-02-28 23:34:11,079:INFO:ExtraTreesClassifier(bootstrap=False, ccp_alpha=0.0, class_weight=None,
                     criterion='gini', max_depth=None, max_features='auto',
                     max_leaf_nodes=None, max_samples=None,
                     min_impurity_decrease=0.0, min_impurity_split=None,
                     min_samples_leaf=1, min_samples_split=2,
                     min_weight_fraction_leaf=0.0, n_estimators=100, n_jobs=-1,
                     oob_score=False, random_state=123, verbose=0,
                     warm_start=False)
2021-02-28 23:34:11,079:INFO:create_model() succesfully completed......................................
2021-02-28 23:34:11,192:INFO:SubProcess create_model() end ==================================
2021-02-28 23:34:11,192:INFO:Creating metrics dataframe
2021-02-28 23:34:11,235:INFO:Initializing Extreme Gradient Boosting
2021-02-28 23:34:11,235:INFO:Total runtime is 0.6449941714604696 minutes
2021-02-28 23:34:11,245:INFO:SubProcess create_model() called ==================================
2021-02-28 23:34:11,245:INFO:Initializing create_model()
2021-02-28 23:34:11,246:INFO:create_model(estimator=xgboost, fold=StratifiedKFold(n_splits=10, random_state=None, shuffle=False), round=4, cross_validation=True, predict=True, fit_kwargs={}, groups=None, refit=False, verbose=False, system=False, metrics=None, display=<pycaret.internal.Display.Display object at 0x000001AD7F424670>, kwargs={})
2021-02-28 23:34:11,246:INFO:Checking exceptions
2021-02-28 23:34:11,246:INFO:Importing libraries
2021-02-28 23:34:11,246:INFO:Copying training dataset
2021-02-28 23:34:11,248:INFO:Defining folds
2021-02-28 23:34:11,248:INFO:Declaring metric variables
2021-02-28 23:34:11,259:INFO:Importing untrained model
2021-02-28 23:34:11,270:INFO:Extreme Gradient Boosting Imported succesfully
2021-02-28 23:34:11,296:INFO:Starting cross validation
2021-02-28 23:34:11,297:WARNING:create_model() for xgboost raised an exception or returned all 0.0, trying without fit_kwargs:
2021-02-28 23:34:11,298:WARNING:Traceback (most recent call last):
  File "C:\Users\LOKSUNDAR\anaconda3\lib\site-packages\pycaret\internal\pipeline.py", line 223, in add_estimator_to_pipeline
    assert hasattr(pipeline._final_estimator, "predict")
AssertionError

During handling of the above exception, another exception occurred:

Traceback (most recent call last):
  File "C:\Users\LOKSUNDAR\anaconda3\lib\site-packages\pycaret\internal\tabular.py", line 2163, in compare_models
    model, model_fit_time = create_model_supervised(
  File "C:\Users\LOKSUNDAR\anaconda3\lib\site-packages\pycaret\internal\tabular.py", line 3107, in create_model_supervised
    with estimator_pipeline(_internal_pipeline, model) as pipeline_with_model:
  File "C:\Users\LOKSUNDAR\anaconda3\lib\site-packages\pycaret\internal\pipeline.py", line 205, in __enter__
    add_estimator_to_pipeline(self.pipeline, self.estimator)
  File "C:\Users\LOKSUNDAR\anaconda3\lib\site-packages\pycaret\internal\pipeline.py", line 228, in add_estimator_to_pipeline
    pipeline._carry_over_final_estimator_fit_vars()
  File "C:\Users\LOKSUNDAR\anaconda3\lib\site-packages\pycaret\internal\pipeline.py", line 57, in _carry_over_final_estimator_fit_vars
    for k, v in get_all_object_vars_and_properties(
  File "C:\Users\LOKSUNDAR\anaconda3\lib\site-packages\pycaret\internal\utils.py", line 571, in get_all_object_vars_and_properties
    return {
  File "C:\Users\LOKSUNDAR\anaconda3\lib\site-packages\pycaret\internal\utils.py", line 574, in <dictcomp>
    if k[:2] != "__" and type(getattr(object, k, "")).__name__ != "method"
  File "C:\Users\LOKSUNDAR\anaconda3\lib\site-packages\xgboost\sklearn.py", line 687, in feature_importances_
    b = self.get_booster()
  File "C:\Users\LOKSUNDAR\anaconda3\lib\site-packages\xgboost\sklearn.py", line 261, in get_booster
    raise XGBoostError('need to call fit or load_model beforehand')
xgboost.core.XGBoostError: need to call fit or load_model beforehand

2021-02-28 23:34:11,298:INFO:Initializing create_model()
2021-02-28 23:34:11,299:INFO:create_model(estimator=xgboost, fold=StratifiedKFold(n_splits=10, random_state=None, shuffle=False), round=4, cross_validation=True, predict=True, fit_kwargs=None, groups=None, refit=False, verbose=False, system=False, metrics=None, display=<pycaret.internal.Display.Display object at 0x000001AD7F424670>, kwargs={})
2021-02-28 23:34:11,299:INFO:Checking exceptions
2021-02-28 23:34:11,299:INFO:Importing libraries
2021-02-28 23:34:11,299:INFO:Copying training dataset
2021-02-28 23:34:11,301:INFO:Defining folds
2021-02-28 23:34:11,301:INFO:Declaring metric variables
2021-02-28 23:34:11,311:INFO:Importing untrained model
2021-02-28 23:34:11,326:INFO:Extreme Gradient Boosting Imported succesfully
2021-02-28 23:34:11,353:INFO:Starting cross validation
2021-02-28 23:34:11,354:ERROR:create_model() for xgboost raised an exception:
2021-02-28 23:34:11,356:ERROR:Traceback (most recent call last):
  File "C:\Users\LOKSUNDAR\anaconda3\lib\site-packages\pycaret\internal\pipeline.py", line 223, in add_estimator_to_pipeline
    assert hasattr(pipeline._final_estimator, "predict")
AssertionError

During handling of the above exception, another exception occurred:

Traceback (most recent call last):
  File "C:\Users\LOKSUNDAR\anaconda3\lib\site-packages\pycaret\internal\tabular.py", line 2163, in compare_models
    model, model_fit_time = create_model_supervised(
  File "C:\Users\LOKSUNDAR\anaconda3\lib\site-packages\pycaret\internal\tabular.py", line 3107, in create_model_supervised
    with estimator_pipeline(_internal_pipeline, model) as pipeline_with_model:
  File "C:\Users\LOKSUNDAR\anaconda3\lib\site-packages\pycaret\internal\pipeline.py", line 205, in __enter__
    add_estimator_to_pipeline(self.pipeline, self.estimator)
  File "C:\Users\LOKSUNDAR\anaconda3\lib\site-packages\pycaret\internal\pipeline.py", line 228, in add_estimator_to_pipeline
    pipeline._carry_over_final_estimator_fit_vars()
  File "C:\Users\LOKSUNDAR\anaconda3\lib\site-packages\pycaret\internal\pipeline.py", line 57, in _carry_over_final_estimator_fit_vars
    for k, v in get_all_object_vars_and_properties(
  File "C:\Users\LOKSUNDAR\anaconda3\lib\site-packages\pycaret\internal\utils.py", line 571, in get_all_object_vars_and_properties
    return {
  File "C:\Users\LOKSUNDAR\anaconda3\lib\site-packages\pycaret\internal\utils.py", line 574, in <dictcomp>
    if k[:2] != "__" and type(getattr(object, k, "")).__name__ != "method"
  File "C:\Users\LOKSUNDAR\anaconda3\lib\site-packages\xgboost\sklearn.py", line 687, in feature_importances_
    b = self.get_booster()
  File "C:\Users\LOKSUNDAR\anaconda3\lib\site-packages\xgboost\sklearn.py", line 261, in get_booster
    raise XGBoostError('need to call fit or load_model beforehand')
xgboost.core.XGBoostError: need to call fit or load_model beforehand

During handling of the above exception, another exception occurred:

Traceback (most recent call last):
  File "C:\Users\LOKSUNDAR\anaconda3\lib\site-packages\pycaret\internal\pipeline.py", line 223, in add_estimator_to_pipeline
    assert hasattr(pipeline._final_estimator, "predict")
AssertionError

During handling of the above exception, another exception occurred:

Traceback (most recent call last):
  File "C:\Users\LOKSUNDAR\anaconda3\lib\site-packages\pycaret\internal\tabular.py", line 2183, in compare_models
    model, model_fit_time = create_model_supervised(
  File "C:\Users\LOKSUNDAR\anaconda3\lib\site-packages\pycaret\internal\tabular.py", line 3107, in create_model_supervised
    with estimator_pipeline(_internal_pipeline, model) as pipeline_with_model:
  File "C:\Users\LOKSUNDAR\anaconda3\lib\site-packages\pycaret\internal\pipeline.py", line 205, in __enter__
    add_estimator_to_pipeline(self.pipeline, self.estimator)
  File "C:\Users\LOKSUNDAR\anaconda3\lib\site-packages\pycaret\internal\pipeline.py", line 228, in add_estimator_to_pipeline
    pipeline._carry_over_final_estimator_fit_vars()
  File "C:\Users\LOKSUNDAR\anaconda3\lib\site-packages\pycaret\internal\pipeline.py", line 57, in _carry_over_final_estimator_fit_vars
    for k, v in get_all_object_vars_and_properties(
  File "C:\Users\LOKSUNDAR\anaconda3\lib\site-packages\pycaret\internal\utils.py", line 571, in get_all_object_vars_and_properties
    return {
  File "C:\Users\LOKSUNDAR\anaconda3\lib\site-packages\pycaret\internal\utils.py", line 574, in <dictcomp>
    if k[:2] != "__" and type(getattr(object, k, "")).__name__ != "method"
  File "C:\Users\LOKSUNDAR\anaconda3\lib\site-packages\xgboost\sklearn.py", line 687, in feature_importances_
    b = self.get_booster()
  File "C:\Users\LOKSUNDAR\anaconda3\lib\site-packages\xgboost\sklearn.py", line 261, in get_booster
    raise XGBoostError('need to call fit or load_model beforehand')
xgboost.core.XGBoostError: need to call fit or load_model beforehand

2021-02-28 23:34:11,356:INFO:Initializing Light Gradient Boosting Machine
2021-02-28 23:34:11,356:INFO:Total runtime is 0.6470054109891256 minutes
2021-02-28 23:34:11,366:INFO:SubProcess create_model() called ==================================
2021-02-28 23:34:11,368:INFO:Initializing create_model()
2021-02-28 23:34:11,368:INFO:create_model(estimator=lightgbm, fold=StratifiedKFold(n_splits=10, random_state=None, shuffle=False), round=4, cross_validation=True, predict=True, fit_kwargs={}, groups=None, refit=False, verbose=False, system=False, metrics=None, display=<pycaret.internal.Display.Display object at 0x000001AD7F424670>, kwargs={})
2021-02-28 23:34:11,368:INFO:Checking exceptions
2021-02-28 23:34:11,369:INFO:Importing libraries
2021-02-28 23:34:11,369:INFO:Copying training dataset
2021-02-28 23:34:11,372:INFO:Defining folds
2021-02-28 23:34:11,372:INFO:Declaring metric variables
2021-02-28 23:34:11,381:INFO:Importing untrained model
2021-02-28 23:34:11,393:INFO:Light Gradient Boosting Machine Imported succesfully
2021-02-28 23:34:11,412:INFO:Starting cross validation
2021-02-28 23:34:11,413:INFO:Cross validating with StratifiedKFold(n_splits=10, random_state=None, shuffle=False), n_jobs=-1
2021-02-28 23:34:12,813:INFO:Calculating mean and std
2021-02-28 23:34:12,817:INFO:Creating metrics dataframe
2021-02-28 23:34:12,829:INFO:Uploading results into container
2021-02-28 23:34:12,829:INFO:Uploading model into container now
2021-02-28 23:34:12,829:INFO:create_model_container: 13
2021-02-28 23:34:12,829:INFO:master_model_container: 13
2021-02-28 23:34:12,829:INFO:display_container: 2
2021-02-28 23:34:12,831:INFO:LGBMClassifier(boosting_type='gbdt', class_weight=None, colsample_bytree=1.0,
               importance_type='split', learning_rate=0.1, max_depth=-1,
               min_child_samples=20, min_child_weight=0.001, min_split_gain=0.0,
               n_estimators=100, n_jobs=-1, num_leaves=31, objective=None,
               random_state=123, reg_alpha=0.0, reg_lambda=0.0, silent=True,
               subsample=1.0, subsample_for_bin=200000, subsample_freq=0)
2021-02-28 23:34:12,831:INFO:create_model() succesfully completed......................................
2021-02-28 23:34:12,908:INFO:SubProcess create_model() end ==================================
2021-02-28 23:34:12,908:INFO:Creating metrics dataframe
2021-02-28 23:34:12,948:INFO:Initializing CatBoost Classifier
2021-02-28 23:34:12,948:INFO:Total runtime is 0.6735310395558675 minutes
2021-02-28 23:34:12,956:INFO:SubProcess create_model() called ==================================
2021-02-28 23:34:12,956:INFO:Initializing create_model()
2021-02-28 23:34:12,956:INFO:create_model(estimator=catboost, fold=StratifiedKFold(n_splits=10, random_state=None, shuffle=False), round=4, cross_validation=True, predict=True, fit_kwargs={}, groups=None, refit=False, verbose=False, system=False, metrics=None, display=<pycaret.internal.Display.Display object at 0x000001AD7F424670>, kwargs={})
2021-02-28 23:34:12,956:INFO:Checking exceptions
2021-02-28 23:34:12,956:INFO:Importing libraries
2021-02-28 23:34:12,956:INFO:Copying training dataset
2021-02-28 23:34:12,958:INFO:Defining folds
2021-02-28 23:34:12,958:INFO:Declaring metric variables
2021-02-28 23:34:12,966:INFO:Importing untrained model
2021-02-28 23:34:12,973:INFO:CatBoost Classifier Imported succesfully
2021-02-28 23:34:12,994:INFO:Starting cross validation
2021-02-28 23:34:12,994:INFO:Cross validating with StratifiedKFold(n_splits=10, random_state=None, shuffle=False), n_jobs=-1
2021-02-28 23:36:18,905:INFO:Calculating mean and std
2021-02-28 23:36:18,908:INFO:Creating metrics dataframe
2021-02-28 23:36:18,923:INFO:Uploading results into container
2021-02-28 23:36:18,924:INFO:Uploading model into container now
2021-02-28 23:36:18,925:INFO:create_model_container: 14
2021-02-28 23:36:18,926:INFO:master_model_container: 14
2021-02-28 23:36:18,926:INFO:display_container: 2
2021-02-28 23:36:18,926:INFO:<catboost.core.CatBoostClassifier object at 0x000001AD3CE3F520>
2021-02-28 23:36:18,926:INFO:create_model() succesfully completed......................................
2021-02-28 23:36:19,038:INFO:SubProcess create_model() end ==================================
2021-02-28 23:36:19,038:INFO:Creating metrics dataframe
2021-02-28 23:36:19,104:INFO:Initializing create_model()
2021-02-28 23:36:19,104:INFO:create_model(estimator=LGBMClassifier(boosting_type='gbdt', class_weight=None, colsample_bytree=1.0,
               importance_type='split', learning_rate=0.1, max_depth=-1,
               min_child_samples=20, min_child_weight=0.001, min_split_gain=0.0,
               n_estimators=100, n_jobs=-1, num_leaves=31, objective=None,
               random_state=123, reg_alpha=0.0, reg_lambda=0.0, silent=True,
               subsample=1.0, subsample_for_bin=200000, subsample_freq=0), fold=StratifiedKFold(n_splits=10, random_state=None, shuffle=False), round=4, cross_validation=False, predict=False, fit_kwargs={}, groups=None, refit=True, verbose=False, system=False, metrics=None, display=None, kwargs={})
2021-02-28 23:36:19,104:INFO:Checking exceptions
2021-02-28 23:36:19,104:INFO:Importing libraries
2021-02-28 23:36:19,104:INFO:Copying training dataset
2021-02-28 23:36:19,105:INFO:Defining folds
2021-02-28 23:36:19,106:INFO:Declaring metric variables
2021-02-28 23:36:19,106:INFO:Importing untrained model
2021-02-28 23:36:19,106:INFO:Declaring custom model
2021-02-28 23:36:19,107:INFO:Light Gradient Boosting Machine Imported succesfully
2021-02-28 23:36:19,107:INFO:Cross validation set to False
2021-02-28 23:36:19,108:INFO:Fitting Model
2021-02-28 23:36:19,433:INFO:LGBMClassifier(boosting_type='gbdt', class_weight=None, colsample_bytree=1.0,
               importance_type='split', learning_rate=0.1, max_depth=-1,
               min_child_samples=20, min_child_weight=0.001, min_split_gain=0.0,
               n_estimators=100, n_jobs=-1, num_leaves=31, objective=None,
               random_state=123, reg_alpha=0.0, reg_lambda=0.0, silent=True,
               subsample=1.0, subsample_for_bin=200000, subsample_freq=0)
2021-02-28 23:36:19,433:INFO:create_models() succesfully completed......................................
2021-02-28 23:36:19,636:INFO:create_model_container: 14
2021-02-28 23:36:19,636:INFO:master_model_container: 14
2021-02-28 23:36:19,636:INFO:display_container: 2
2021-02-28 23:36:19,636:INFO:LGBMClassifier(boosting_type='gbdt', class_weight=None, colsample_bytree=1.0,
               importance_type='split', learning_rate=0.1, max_depth=-1,
               min_child_samples=20, min_child_weight=0.001, min_split_gain=0.0,
               n_estimators=100, n_jobs=-1, num_leaves=31, objective=None,
               random_state=123, reg_alpha=0.0, reg_lambda=0.0, silent=True,
               subsample=1.0, subsample_for_bin=200000, subsample_freq=0)
2021-02-28 23:36:19,636:INFO:compare_models() succesfully completed......................................
2021-03-01 11:42:05,611:INFO:PyCaret Supervised Module
2021-03-01 11:42:05,628:INFO:ML Usecase: classification
2021-03-01 11:42:05,628:INFO:version 2.3.0
2021-03-01 11:42:05,628:INFO:Initializing setup()
2021-03-01 11:42:05,628:INFO:setup(target=Response, ml_usecase=classification, available_plots={'parameter': 'Hyperparameters', 'auc': 'AUC', 'confusion_matrix': 'Confusion Matrix', 'threshold': 'Threshold', 'pr': 'Precision Recall', 'error': 'Prediction Error', 'class_report': 'Class Report', 'rfe': 'Feature Selection', 'learning': 'Learning Curve', 'manifold': 'Manifold Learning', 'calibration': 'Calibration Curve', 'vc': 'Validation Curve', 'dimension': 'Dimensions', 'feature': 'Feature Importance', 'feature_all': 'Feature Importance (All)', 'boundary': 'Decision Boundary', 'lift': 'Lift Chart', 'gain': 'Gain Chart', 'tree': 'Decision Tree'}, train_size=0.7, test_data=None, preprocess=True, imputation_type=simple, iterative_imputation_iters=5, categorical_features=None, categorical_imputation=constant, categorical_iterative_imputer=lightgbm, ordinal_features=None, high_cardinality_features=None, high_cardinality_method=frequency, numeric_features=None, numeric_imputation=mean, numeric_iterative_imputer=lightgbm, date_features=None, ignore_features=None, normalize=False, normalize_method=zscore, transformation=False, transformation_method=yeo-johnson, handle_unknown_categorical=True, unknown_categorical_method=least_frequent, pca=False, pca_method=linear, pca_components=None, ignore_low_variance=False, combine_rare_levels=False, rare_level_threshold=0.1, bin_numeric_features=None, remove_outliers=False, outliers_threshold=0.05, remove_multicollinearity=False, multicollinearity_threshold=0.9, remove_perfect_collinearity=True, create_clusters=False, cluster_iter=20, polynomial_features=False, polynomial_degree=2, trigonometry_features=False, polynomial_threshold=0.1, group_features=None, group_names=None, feature_selection=False, feature_selection_threshold=0.8, feature_selection_method=classic, feature_interaction=False, feature_ratio=False, interaction_threshold=0.01, fix_imbalance=True, fix_imbalance_method=None, transform_target=False, transform_target_method=box-cox, data_split_shuffle=True, data_split_stratify=False, fold_strategy=stratifiedkfold, fold=10, fold_shuffle=False, fold_groups=None, n_jobs=-1, use_gpu=False, custom_pipeline=None, html=True, session_id=123, log_experiment=False, experiment_name=None, log_plots=False, log_profile=False, log_data=False, silent=False, verbose=True, profile=False, profile_kwargs=None, display=None)
2021-03-01 11:42:05,628:INFO:Checking environment
2021-03-01 11:42:05,628:INFO:python_version: 3.8.3
2021-03-01 11:42:05,629:INFO:python_build: ('default', 'Jul  2 2020 17:30:36')
2021-03-01 11:42:05,629:INFO:machine: AMD64
2021-03-01 11:42:05,629:INFO:platform: Windows-10-10.0.19041-SP0
2021-03-01 11:42:05,629:INFO:Memory: svmem(total=8473792512, available=2326126592, percent=72.5, used=6147665920, free=2326126592)
2021-03-01 11:42:05,629:INFO:Physical Core: 4
2021-03-01 11:42:05,629:INFO:Logical Core: 8
2021-03-01 11:42:05,629:INFO:Checking libraries
2021-03-01 11:42:05,630:INFO:pd==1.0.3
2021-03-01 11:42:05,630:INFO:numpy==1.19.5
2021-03-01 11:42:05,630:INFO:sklearn==0.23.2
2021-03-01 11:42:05,630:INFO:lightgbm==3.1.1
2021-03-01 11:42:05,649:INFO:catboost==0.24.4
2021-03-01 11:42:06,387:INFO:xgboost==1.1.1
2021-03-01 11:42:08,636:INFO:mlflow==1.13.1
2021-03-01 11:42:08,637:INFO:Checking Exceptions
2021-03-01 11:42:08,638:INFO:Declaring global variables
2021-03-01 11:42:08,638:INFO:USI: 3450
2021-03-01 11:42:08,638:INFO:pycaret_globals: {'fold_shuffle_param', 'X_test', 'X_train', '_internal_pipeline', 'fold_param', 'master_model_container', 'imputation_regressor', 'iterative_imputation_iters_param', 'logging_param', 'y', 'pycaret_globals', 'transform_target_param', 'y_test', 'log_plots_param', '_gpu_n_jobs_param', 'exp_name_log', 'X', 'seed', '_available_plots', 'prep_pipe', '_all_models', 'stratify_param', 'create_model_container', 'target_param', 'fold_groups_param', 'gpu_param', '_ml_usecase', '_all_models_internal', 'n_jobs_param', 'fix_imbalance_method_param', 'data_before_preprocess', 'fold_generator', 'y_train', 'html_param', 'USI', '_all_metrics', 'imputation_classifier', 'experiment__', 'fix_imbalance_param', 'transform_target_method_param', 'display_container'}
2021-03-01 11:42:08,638:INFO:Preparing display monitor
2021-03-01 11:42:08,638:INFO:Preparing display monitor
2021-03-01 11:42:08,671:INFO:Importing libraries
2021-03-01 11:42:08,672:INFO:Copying data for preprocessing
2021-03-01 11:42:08,697:INFO:Declaring preprocessing parameters
2021-03-01 11:42:08,706:INFO:Creating preprocessing pipeline
2021-03-01 11:42:08,816:INFO:Preprocessing pipeline created successfully
2021-03-01 11:42:08,817:ERROR:(Process Exit): setup has been interupted with user command 'quit'. setup must rerun.
2021-03-01 11:42:08,817:INFO:Creating global containers
2021-03-01 11:42:08,820:INFO:Internal pipeline: Pipeline(memory=None,
         steps=[('fix_imbalance',
                 SMOTE(k_neighbors=5, n_jobs=None, random_state=123,
                       sampling_strategy='auto'))],
         verbose=False)
2021-03-01 11:42:37,071:INFO:Creating grid variables
2021-03-01 11:42:37,124:INFO:create_model_container: 0
2021-03-01 11:42:37,125:INFO:master_model_container: 0
2021-03-01 11:42:37,125:INFO:display_container: 1
2021-03-01 11:42:37,131:INFO:Pipeline(memory=None,
         steps=[('dtypes',
                 DataTypes_Auto_infer(categorical_features=[],
                                      display_types=True, features_todrop=[],
                                      id_columns=[],
                                      ml_usecase='classification',
                                      numerical_features=[], target='Response',
                                      time_features=[])),
                ('imputer',
                 Simple_Imputer(categorical_strategy='not_available',
                                fill_value_categorical=None,
                                fill_value_numerical=None,
                                numeric_str...
                ('scaling', 'passthrough'), ('P_transform', 'passthrough'),
                ('binn', 'passthrough'), ('rem_outliers', 'passthrough'),
                ('cluster_all', 'passthrough'),
                ('dummy', Dummify(target='Response')),
                ('fix_perfect', Remove_100(target='Response')),
                ('clean_names', Clean_Colum_Names()),
                ('feature_select', 'passthrough'), ('fix_multi', 'passthrough'),
                ('dfs', 'passthrough'), ('pca', 'passthrough')],
         verbose=False)
2021-03-01 11:42:37,132:INFO:setup() succesfully completed......................................
2021-03-01 11:43:11,058:INFO:Initializing compare_models()
2021-03-01 11:43:11,059:INFO:compare_models(include=None, fold=None, round=4, cross_validation=True, sort=Accuracy, n_select=1, budget_time=None, turbo=True, errors=ignore, fit_kwargs=None, groups=None, verbose=True, display=None, exclude=None)
2021-03-01 11:43:11,059:INFO:Checking exceptions
2021-03-01 11:43:11,062:INFO:Preparing display monitor
2021-03-01 11:43:11,062:INFO:Preparing display monitor
2021-03-01 11:43:11,107:INFO:Initializing Logistic Regression
2021-03-01 11:43:11,108:INFO:Total runtime is 1.3887882232666016e-05 minutes
2021-03-01 11:43:11,124:INFO:SubProcess create_model() called ==================================
2021-03-01 11:43:11,126:INFO:Initializing create_model()
2021-03-01 11:43:11,126:INFO:create_model(estimator=lr, fold=StratifiedKFold(n_splits=10, random_state=None, shuffle=False), round=4, cross_validation=True, predict=True, fit_kwargs={}, groups=None, refit=False, verbose=False, system=False, metrics=None, display=<pycaret.internal.Display.Display object at 0x000001D818664190>, kwargs={})
2021-03-01 11:43:11,126:INFO:Checking exceptions
2021-03-01 11:43:11,126:INFO:Importing libraries
2021-03-01 11:43:11,126:INFO:Copying training dataset
2021-03-01 11:43:11,128:INFO:Defining folds
2021-03-01 11:43:11,129:INFO:Declaring metric variables
2021-03-01 11:43:11,145:INFO:Importing untrained model
2021-03-01 11:43:11,157:INFO:Logistic Regression Imported succesfully
2021-03-01 11:43:11,187:INFO:Starting cross validation
2021-03-01 11:43:11,188:INFO:Cross validating with StratifiedKFold(n_splits=10, random_state=None, shuffle=False), n_jobs=-1
2021-03-01 11:43:19,025:INFO:Calculating mean and std
2021-03-01 11:43:19,027:INFO:Creating metrics dataframe
2021-03-01 11:43:19,038:INFO:Uploading results into container
2021-03-01 11:43:19,038:INFO:Uploading model into container now
2021-03-01 11:43:19,038:INFO:create_model_container: 1
2021-03-01 11:43:19,038:INFO:master_model_container: 1
2021-03-01 11:43:19,038:INFO:display_container: 2
2021-03-01 11:43:19,039:INFO:LogisticRegression(C=1.0, class_weight=None, dual=False, fit_intercept=True,
                   intercept_scaling=1, l1_ratio=None, max_iter=1000,
                   multi_class='auto', n_jobs=None, penalty='l2',
                   random_state=123, solver='lbfgs', tol=0.0001, verbose=0,
                   warm_start=False)
2021-03-01 11:43:19,039:INFO:create_model() succesfully completed......................................
2021-03-01 11:43:19,162:INFO:SubProcess create_model() end ==================================
2021-03-01 11:43:19,162:INFO:Creating metrics dataframe
2021-03-01 11:43:19,178:INFO:Initializing K Neighbors Classifier
2021-03-01 11:43:19,178:INFO:Total runtime is 0.13451439142227173 minutes
2021-03-01 11:43:19,187:INFO:SubProcess create_model() called ==================================
2021-03-01 11:43:19,188:INFO:Initializing create_model()
2021-03-01 11:43:19,188:INFO:create_model(estimator=knn, fold=StratifiedKFold(n_splits=10, random_state=None, shuffle=False), round=4, cross_validation=True, predict=True, fit_kwargs={}, groups=None, refit=False, verbose=False, system=False, metrics=None, display=<pycaret.internal.Display.Display object at 0x000001D818664190>, kwargs={})
2021-03-01 11:43:19,188:INFO:Checking exceptions
2021-03-01 11:43:19,188:INFO:Importing libraries
2021-03-01 11:43:19,188:INFO:Copying training dataset
2021-03-01 11:43:19,190:INFO:Defining folds
2021-03-01 11:43:19,190:INFO:Declaring metric variables
2021-03-01 11:43:19,199:INFO:Importing untrained model
2021-03-01 11:43:19,212:INFO:K Neighbors Classifier Imported succesfully
2021-03-01 11:43:19,242:INFO:Starting cross validation
2021-03-01 11:43:19,243:INFO:Cross validating with StratifiedKFold(n_splits=10, random_state=None, shuffle=False), n_jobs=-1
2021-03-01 11:43:21,221:INFO:Calculating mean and std
2021-03-01 11:43:21,224:INFO:Creating metrics dataframe
2021-03-01 11:43:21,237:INFO:Uploading results into container
2021-03-01 11:43:21,237:INFO:Uploading model into container now
2021-03-01 11:43:21,238:INFO:create_model_container: 2
2021-03-01 11:43:21,238:INFO:master_model_container: 2
2021-03-01 11:43:21,239:INFO:display_container: 2
2021-03-01 11:43:21,240:INFO:KNeighborsClassifier(algorithm='auto', leaf_size=30, metric='minkowski',
                     metric_params=None, n_jobs=-1, n_neighbors=5, p=2,
                     weights='uniform')
2021-03-01 11:43:21,240:INFO:create_model() succesfully completed......................................
2021-03-01 11:43:21,389:INFO:SubProcess create_model() end ==================================
2021-03-01 11:43:21,389:INFO:Creating metrics dataframe
2021-03-01 11:43:21,417:INFO:Initializing Naive Bayes
2021-03-01 11:43:21,417:INFO:Total runtime is 0.17183265686035157 minutes
2021-03-01 11:43:21,430:INFO:SubProcess create_model() called ==================================
2021-03-01 11:43:21,430:INFO:Initializing create_model()
2021-03-01 11:43:21,430:INFO:create_model(estimator=nb, fold=StratifiedKFold(n_splits=10, random_state=None, shuffle=False), round=4, cross_validation=True, predict=True, fit_kwargs={}, groups=None, refit=False, verbose=False, system=False, metrics=None, display=<pycaret.internal.Display.Display object at 0x000001D818664190>, kwargs={})
2021-03-01 11:43:21,430:INFO:Checking exceptions
2021-03-01 11:43:21,431:INFO:Importing libraries
2021-03-01 11:43:21,431:INFO:Copying training dataset
2021-03-01 11:43:21,432:INFO:Defining folds
2021-03-01 11:43:21,433:INFO:Declaring metric variables
2021-03-01 11:43:21,443:INFO:Importing untrained model
2021-03-01 11:43:21,453:INFO:Naive Bayes Imported succesfully
2021-03-01 11:43:21,479:INFO:Starting cross validation
2021-03-01 11:43:21,480:INFO:Cross validating with StratifiedKFold(n_splits=10, random_state=None, shuffle=False), n_jobs=-1
2021-03-01 11:43:22,124:INFO:Calculating mean and std
2021-03-01 11:43:22,126:INFO:Creating metrics dataframe
2021-03-01 11:43:22,138:INFO:Uploading results into container
2021-03-01 11:43:22,139:INFO:Uploading model into container now
2021-03-01 11:43:22,139:INFO:create_model_container: 3
2021-03-01 11:43:22,139:INFO:master_model_container: 3
2021-03-01 11:43:22,139:INFO:display_container: 2
2021-03-01 11:43:22,140:INFO:GaussianNB(priors=None, var_smoothing=1e-09)
2021-03-01 11:43:22,140:INFO:create_model() succesfully completed......................................
2021-03-01 11:43:22,280:INFO:SubProcess create_model() end ==================================
2021-03-01 11:43:22,280:INFO:Creating metrics dataframe
2021-03-01 11:43:22,324:INFO:Initializing Decision Tree Classifier
2021-03-01 11:43:22,324:INFO:Total runtime is 0.1869383970896403 minutes
2021-03-01 11:43:22,345:INFO:SubProcess create_model() called ==================================
2021-03-01 11:43:22,347:INFO:Initializing create_model()
2021-03-01 11:43:22,347:INFO:create_model(estimator=dt, fold=StratifiedKFold(n_splits=10, random_state=None, shuffle=False), round=4, cross_validation=True, predict=True, fit_kwargs={}, groups=None, refit=False, verbose=False, system=False, metrics=None, display=<pycaret.internal.Display.Display object at 0x000001D818664190>, kwargs={})
2021-03-01 11:43:22,347:INFO:Checking exceptions
2021-03-01 11:43:22,348:INFO:Importing libraries
2021-03-01 11:43:22,348:INFO:Copying training dataset
2021-03-01 11:43:22,351:INFO:Defining folds
2021-03-01 11:43:22,351:INFO:Declaring metric variables
2021-03-01 11:43:22,370:INFO:Importing untrained model
2021-03-01 11:43:22,392:INFO:Decision Tree Classifier Imported succesfully
2021-03-01 11:43:22,435:INFO:Starting cross validation
2021-03-01 11:43:22,437:INFO:Cross validating with StratifiedKFold(n_splits=10, random_state=None, shuffle=False), n_jobs=-1
2021-03-01 11:43:23,735:INFO:Calculating mean and std
2021-03-01 11:43:23,738:INFO:Creating metrics dataframe
2021-03-01 11:43:23,749:INFO:Uploading results into container
2021-03-01 11:43:23,749:INFO:Uploading model into container now
2021-03-01 11:43:23,749:INFO:create_model_container: 4
2021-03-01 11:43:23,749:INFO:master_model_container: 4
2021-03-01 11:43:23,750:INFO:display_container: 2
2021-03-01 11:43:23,751:INFO:DecisionTreeClassifier(ccp_alpha=0.0, class_weight=None, criterion='gini',
                       max_depth=None, max_features=None, max_leaf_nodes=None,
                       min_impurity_decrease=0.0, min_impurity_split=None,
                       min_samples_leaf=1, min_samples_split=2,
                       min_weight_fraction_leaf=0.0, presort='deprecated',
                       random_state=123, splitter='best')
2021-03-01 11:43:23,751:INFO:create_model() succesfully completed......................................
2021-03-01 11:43:23,883:INFO:SubProcess create_model() end ==================================
2021-03-01 11:43:23,883:INFO:Creating metrics dataframe
2021-03-01 11:43:23,908:INFO:Initializing SVM - Linear Kernel
2021-03-01 11:43:23,908:INFO:Total runtime is 0.2133416175842285 minutes
2021-03-01 11:43:23,918:INFO:SubProcess create_model() called ==================================
2021-03-01 11:43:23,918:INFO:Initializing create_model()
2021-03-01 11:43:23,918:INFO:create_model(estimator=svm, fold=StratifiedKFold(n_splits=10, random_state=None, shuffle=False), round=4, cross_validation=True, predict=True, fit_kwargs={}, groups=None, refit=False, verbose=False, system=False, metrics=None, display=<pycaret.internal.Display.Display object at 0x000001D818664190>, kwargs={})
2021-03-01 11:43:23,918:INFO:Checking exceptions
2021-03-01 11:43:23,918:INFO:Importing libraries
2021-03-01 11:43:23,919:INFO:Copying training dataset
2021-03-01 11:43:23,920:INFO:Defining folds
2021-03-01 11:43:23,920:INFO:Declaring metric variables
2021-03-01 11:43:23,931:INFO:Importing untrained model
2021-03-01 11:43:23,942:INFO:SVM - Linear Kernel Imported succesfully
2021-03-01 11:43:23,966:INFO:Starting cross validation
2021-03-01 11:43:23,967:INFO:Cross validating with StratifiedKFold(n_splits=10, random_state=None, shuffle=False), n_jobs=-1
2021-03-01 11:43:28,232:INFO:Calculating mean and std
2021-03-01 11:43:28,234:INFO:Creating metrics dataframe
2021-03-01 11:43:28,245:INFO:Uploading results into container
2021-03-01 11:43:28,245:INFO:Uploading model into container now
2021-03-01 11:43:28,246:INFO:create_model_container: 5
2021-03-01 11:43:28,246:INFO:master_model_container: 5
2021-03-01 11:43:28,246:INFO:display_container: 2
2021-03-01 11:43:28,247:INFO:SGDClassifier(alpha=0.0001, average=False, class_weight=None,
              early_stopping=False, epsilon=0.1, eta0=0.001, fit_intercept=True,
              l1_ratio=0.15, learning_rate='optimal', loss='hinge',
              max_iter=1000, n_iter_no_change=5, n_jobs=-1, penalty='l2',
              power_t=0.5, random_state=123, shuffle=True, tol=0.001,
              validation_fraction=0.1, verbose=0, warm_start=False)
2021-03-01 11:43:28,247:INFO:create_model() succesfully completed......................................
2021-03-01 11:43:28,376:INFO:SubProcess create_model() end ==================================
2021-03-01 11:43:28,376:INFO:Creating metrics dataframe
2021-03-01 11:43:28,431:INFO:Initializing Ridge Classifier
2021-03-01 11:43:28,431:INFO:Total runtime is 0.28873635530471803 minutes
2021-03-01 11:43:28,455:INFO:SubProcess create_model() called ==================================
2021-03-01 11:43:28,455:INFO:Initializing create_model()
2021-03-01 11:43:28,456:INFO:create_model(estimator=ridge, fold=StratifiedKFold(n_splits=10, random_state=None, shuffle=False), round=4, cross_validation=True, predict=True, fit_kwargs={}, groups=None, refit=False, verbose=False, system=False, metrics=None, display=<pycaret.internal.Display.Display object at 0x000001D818664190>, kwargs={})
2021-03-01 11:43:28,456:INFO:Checking exceptions
2021-03-01 11:43:28,457:INFO:Importing libraries
2021-03-01 11:43:28,457:INFO:Copying training dataset
2021-03-01 11:43:28,460:INFO:Defining folds
2021-03-01 11:43:28,461:INFO:Declaring metric variables
2021-03-01 11:43:28,480:INFO:Importing untrained model
2021-03-01 11:43:28,504:INFO:Ridge Classifier Imported succesfully
2021-03-01 11:43:28,541:INFO:Starting cross validation
2021-03-01 11:43:28,543:INFO:Cross validating with StratifiedKFold(n_splits=10, random_state=None, shuffle=False), n_jobs=-1
2021-03-01 11:43:29,216:INFO:Calculating mean and std
2021-03-01 11:43:29,219:INFO:Creating metrics dataframe
2021-03-01 11:43:29,230:INFO:Uploading results into container
2021-03-01 11:43:29,230:INFO:Uploading model into container now
2021-03-01 11:43:29,231:INFO:create_model_container: 6
2021-03-01 11:43:29,231:INFO:master_model_container: 6
2021-03-01 11:43:29,232:INFO:display_container: 2
2021-03-01 11:43:29,233:INFO:RidgeClassifier(alpha=1.0, class_weight=None, copy_X=True, fit_intercept=True,
                max_iter=None, normalize=False, random_state=123, solver='auto',
                tol=0.001)
2021-03-01 11:43:29,233:INFO:create_model() succesfully completed......................................
2021-03-01 11:43:29,374:INFO:SubProcess create_model() end ==================================
2021-03-01 11:43:29,374:INFO:Creating metrics dataframe
2021-03-01 11:43:29,404:INFO:Initializing Random Forest Classifier
2021-03-01 11:43:29,404:INFO:Total runtime is 0.30493839184443156 minutes
2021-03-01 11:43:29,414:INFO:SubProcess create_model() called ==================================
2021-03-01 11:43:29,414:INFO:Initializing create_model()
2021-03-01 11:43:29,414:INFO:create_model(estimator=rf, fold=StratifiedKFold(n_splits=10, random_state=None, shuffle=False), round=4, cross_validation=True, predict=True, fit_kwargs={}, groups=None, refit=False, verbose=False, system=False, metrics=None, display=<pycaret.internal.Display.Display object at 0x000001D818664190>, kwargs={})
2021-03-01 11:43:29,414:INFO:Checking exceptions
2021-03-01 11:43:29,414:INFO:Importing libraries
2021-03-01 11:43:29,415:INFO:Copying training dataset
2021-03-01 11:43:29,416:INFO:Defining folds
2021-03-01 11:43:29,416:INFO:Declaring metric variables
2021-03-01 11:43:29,424:INFO:Importing untrained model
2021-03-01 11:43:29,434:INFO:Random Forest Classifier Imported succesfully
2021-03-01 11:43:29,459:INFO:Starting cross validation
2021-03-01 11:43:29,459:INFO:Cross validating with StratifiedKFold(n_splits=10, random_state=None, shuffle=False), n_jobs=-1
2021-03-01 11:43:46,015:INFO:Calculating mean and std
2021-03-01 11:43:46,017:INFO:Creating metrics dataframe
2021-03-01 11:43:46,028:INFO:Uploading results into container
2021-03-01 11:43:46,029:INFO:Uploading model into container now
2021-03-01 11:43:46,029:INFO:create_model_container: 7
2021-03-01 11:43:46,029:INFO:master_model_container: 7
2021-03-01 11:43:46,029:INFO:display_container: 2
2021-03-01 11:43:46,030:INFO:RandomForestClassifier(bootstrap=True, ccp_alpha=0.0, class_weight=None,
                       criterion='gini', max_depth=None, max_features='auto',
                       max_leaf_nodes=None, max_samples=None,
                       min_impurity_decrease=0.0, min_impurity_split=None,
                       min_samples_leaf=1, min_samples_split=2,
                       min_weight_fraction_leaf=0.0, n_estimators=100,
                       n_jobs=-1, oob_score=False, random_state=123, verbose=0,
                       warm_start=False)
2021-03-01 11:43:46,031:INFO:create_model() succesfully completed......................................
2021-03-01 11:43:46,193:INFO:SubProcess create_model() end ==================================
2021-03-01 11:43:46,193:INFO:Creating metrics dataframe
2021-03-01 11:43:46,304:INFO:Initializing Quadratic Discriminant Analysis
2021-03-01 11:43:46,305:INFO:Total runtime is 0.5866347193717957 minutes
2021-03-01 11:43:46,332:INFO:SubProcess create_model() called ==================================
2021-03-01 11:43:46,333:INFO:Initializing create_model()
2021-03-01 11:43:46,334:INFO:create_model(estimator=qda, fold=StratifiedKFold(n_splits=10, random_state=None, shuffle=False), round=4, cross_validation=True, predict=True, fit_kwargs={}, groups=None, refit=False, verbose=False, system=False, metrics=None, display=<pycaret.internal.Display.Display object at 0x000001D818664190>, kwargs={})
2021-03-01 11:43:46,334:INFO:Checking exceptions
2021-03-01 11:43:46,334:INFO:Importing libraries
2021-03-01 11:43:46,334:INFO:Copying training dataset
2021-03-01 11:43:46,338:INFO:Defining folds
2021-03-01 11:43:46,338:INFO:Declaring metric variables
2021-03-01 11:43:46,365:INFO:Importing untrained model
2021-03-01 11:43:46,397:INFO:Quadratic Discriminant Analysis Imported succesfully
2021-03-01 11:43:46,472:INFO:Starting cross validation
2021-03-01 11:43:46,476:INFO:Cross validating with StratifiedKFold(n_splits=10, random_state=None, shuffle=False), n_jobs=-1
2021-03-01 11:43:47,878:INFO:Calculating mean and std
2021-03-01 11:43:47,881:INFO:Creating metrics dataframe
2021-03-01 11:43:47,896:INFO:Uploading results into container
2021-03-01 11:43:47,896:INFO:Uploading model into container now
2021-03-01 11:43:47,897:INFO:create_model_container: 8
2021-03-01 11:43:47,897:INFO:master_model_container: 8
2021-03-01 11:43:47,898:INFO:display_container: 2
2021-03-01 11:43:47,898:INFO:QuadraticDiscriminantAnalysis(priors=None, reg_param=0.0,
                              store_covariance=False, tol=0.0001)
2021-03-01 11:43:47,898:INFO:create_model() succesfully completed......................................
2021-03-01 11:43:48,031:INFO:SubProcess create_model() end ==================================
2021-03-01 11:43:48,032:INFO:Creating metrics dataframe
2021-03-01 11:43:48,080:INFO:Initializing Ada Boost Classifier
2021-03-01 11:43:48,080:INFO:Total runtime is 0.6162207563718161 minutes
2021-03-01 11:43:48,093:INFO:SubProcess create_model() called ==================================
2021-03-01 11:43:48,095:INFO:Initializing create_model()
2021-03-01 11:43:48,095:INFO:create_model(estimator=ada, fold=StratifiedKFold(n_splits=10, random_state=None, shuffle=False), round=4, cross_validation=True, predict=True, fit_kwargs={}, groups=None, refit=False, verbose=False, system=False, metrics=None, display=<pycaret.internal.Display.Display object at 0x000001D818664190>, kwargs={})
2021-03-01 11:43:48,095:INFO:Checking exceptions
2021-03-01 11:43:48,095:INFO:Importing libraries
2021-03-01 11:43:48,095:INFO:Copying training dataset
2021-03-01 11:43:48,097:INFO:Defining folds
2021-03-01 11:43:48,098:INFO:Declaring metric variables
2021-03-01 11:43:48,111:INFO:Importing untrained model
2021-03-01 11:43:48,127:INFO:Ada Boost Classifier Imported succesfully
2021-03-01 11:43:48,155:INFO:Starting cross validation
2021-03-01 11:43:48,156:INFO:Cross validating with StratifiedKFold(n_splits=10, random_state=None, shuffle=False), n_jobs=-1
2021-03-01 11:43:53,747:INFO:Calculating mean and std
2021-03-01 11:43:53,750:INFO:Creating metrics dataframe
2021-03-01 11:43:53,761:INFO:Uploading results into container
2021-03-01 11:43:53,762:INFO:Uploading model into container now
2021-03-01 11:43:53,762:INFO:create_model_container: 9
2021-03-01 11:43:53,762:INFO:master_model_container: 9
2021-03-01 11:43:53,762:INFO:display_container: 2
2021-03-01 11:43:53,763:INFO:AdaBoostClassifier(algorithm='SAMME.R', base_estimator=None, learning_rate=1.0,
                   n_estimators=50, random_state=123)
2021-03-01 11:43:53,763:INFO:create_model() succesfully completed......................................
2021-03-01 11:43:53,881:INFO:SubProcess create_model() end ==================================
2021-03-01 11:43:53,881:INFO:Creating metrics dataframe
2021-03-01 11:43:53,913:INFO:Initializing Gradient Boosting Classifier
2021-03-01 11:43:53,913:INFO:Total runtime is 0.7134245435396831 minutes
2021-03-01 11:43:53,923:INFO:SubProcess create_model() called ==================================
2021-03-01 11:43:53,923:INFO:Initializing create_model()
2021-03-01 11:43:53,923:INFO:create_model(estimator=gbc, fold=StratifiedKFold(n_splits=10, random_state=None, shuffle=False), round=4, cross_validation=True, predict=True, fit_kwargs={}, groups=None, refit=False, verbose=False, system=False, metrics=None, display=<pycaret.internal.Display.Display object at 0x000001D818664190>, kwargs={})
2021-03-01 11:43:53,923:INFO:Checking exceptions
2021-03-01 11:43:53,924:INFO:Importing libraries
2021-03-01 11:43:53,924:INFO:Copying training dataset
2021-03-01 11:43:53,925:INFO:Defining folds
2021-03-01 11:43:53,925:INFO:Declaring metric variables
2021-03-01 11:43:53,935:INFO:Importing untrained model
2021-03-01 11:43:53,947:INFO:Gradient Boosting Classifier Imported succesfully
2021-03-01 11:43:53,971:INFO:Starting cross validation
2021-03-01 11:43:53,980:INFO:Cross validating with StratifiedKFold(n_splits=10, random_state=None, shuffle=False), n_jobs=-1
2021-03-01 11:44:14,388:INFO:Calculating mean and std
2021-03-01 11:44:14,389:INFO:Creating metrics dataframe
2021-03-01 11:44:14,392:INFO:Uploading results into container
2021-03-01 11:44:14,392:INFO:Uploading model into container now
2021-03-01 11:44:14,392:INFO:create_model_container: 10
2021-03-01 11:44:14,393:INFO:master_model_container: 10
2021-03-01 11:44:14,393:INFO:display_container: 2
2021-03-01 11:44:14,393:INFO:GradientBoostingClassifier(ccp_alpha=0.0, criterion='friedman_mse', init=None,
                           learning_rate=0.1, loss='deviance', max_depth=3,
                           max_features=None, max_leaf_nodes=None,
                           min_impurity_decrease=0.0, min_impurity_split=None,
                           min_samples_leaf=1, min_samples_split=2,
                           min_weight_fraction_leaf=0.0, n_estimators=100,
                           n_iter_no_change=None, presort='deprecated',
                           random_state=123, subsample=1.0, tol=0.0001,
                           validation_fraction=0.1, verbose=0,
                           warm_start=False)
2021-03-01 11:44:14,393:INFO:create_model() succesfully completed......................................
2021-03-01 11:44:14,464:INFO:SubProcess create_model() end ==================================
2021-03-01 11:44:14,465:INFO:Creating metrics dataframe
2021-03-01 11:44:14,495:INFO:Initializing Linear Discriminant Analysis
2021-03-01 11:44:14,495:INFO:Total runtime is 1.0564568758010866 minutes
2021-03-01 11:44:14,506:INFO:SubProcess create_model() called ==================================
2021-03-01 11:44:14,507:INFO:Initializing create_model()
2021-03-01 11:44:14,507:INFO:create_model(estimator=lda, fold=StratifiedKFold(n_splits=10, random_state=None, shuffle=False), round=4, cross_validation=True, predict=True, fit_kwargs={}, groups=None, refit=False, verbose=False, system=False, metrics=None, display=<pycaret.internal.Display.Display object at 0x000001D818664190>, kwargs={})
2021-03-01 11:44:14,507:INFO:Checking exceptions
2021-03-01 11:44:14,507:INFO:Importing libraries
2021-03-01 11:44:14,507:INFO:Copying training dataset
2021-03-01 11:44:14,509:INFO:Defining folds
2021-03-01 11:44:14,509:INFO:Declaring metric variables
2021-03-01 11:44:14,518:INFO:Importing untrained model
2021-03-01 11:44:14,529:INFO:Linear Discriminant Analysis Imported succesfully
2021-03-01 11:44:14,554:INFO:Starting cross validation
2021-03-01 11:44:14,555:INFO:Cross validating with StratifiedKFold(n_splits=10, random_state=None, shuffle=False), n_jobs=-1
2021-03-01 11:44:18,404:INFO:Calculating mean and std
2021-03-01 11:44:18,405:INFO:Creating metrics dataframe
2021-03-01 11:44:18,408:INFO:Uploading results into container
2021-03-01 11:44:18,408:INFO:Uploading model into container now
2021-03-01 11:44:18,408:INFO:create_model_container: 11
2021-03-01 11:44:18,408:INFO:master_model_container: 11
2021-03-01 11:44:18,408:INFO:display_container: 2
2021-03-01 11:44:18,409:INFO:LinearDiscriminantAnalysis(n_components=None, priors=None, shrinkage=None,
                           solver='svd', store_covariance=False, tol=0.0001)
2021-03-01 11:44:18,409:INFO:create_model() succesfully completed......................................
2021-03-01 11:44:18,472:INFO:SubProcess create_model() end ==================================
2021-03-01 11:44:18,473:INFO:Creating metrics dataframe
2021-03-01 11:44:18,508:INFO:Initializing Extra Trees Classifier
2021-03-01 11:44:18,508:INFO:Total runtime is 1.1233434597651166 minutes
2021-03-01 11:44:18,517:INFO:SubProcess create_model() called ==================================
2021-03-01 11:44:18,518:INFO:Initializing create_model()
2021-03-01 11:44:18,518:INFO:create_model(estimator=et, fold=StratifiedKFold(n_splits=10, random_state=None, shuffle=False), round=4, cross_validation=True, predict=True, fit_kwargs={}, groups=None, refit=False, verbose=False, system=False, metrics=None, display=<pycaret.internal.Display.Display object at 0x000001D818664190>, kwargs={})
2021-03-01 11:44:18,518:INFO:Checking exceptions
2021-03-01 11:44:18,518:INFO:Importing libraries
2021-03-01 11:44:18,518:INFO:Copying training dataset
2021-03-01 11:44:18,520:INFO:Defining folds
2021-03-01 11:44:18,520:INFO:Declaring metric variables
2021-03-01 11:44:18,528:INFO:Importing untrained model
2021-03-01 11:44:18,539:INFO:Extra Trees Classifier Imported succesfully
2021-03-01 11:44:18,564:INFO:Starting cross validation
2021-03-01 11:44:18,565:INFO:Cross validating with StratifiedKFold(n_splits=10, random_state=None, shuffle=False), n_jobs=-1
2021-03-01 11:46:44,068:INFO:Calculating mean and std
2021-03-01 11:46:44,070:INFO:Creating metrics dataframe
2021-03-01 11:46:44,075:INFO:Uploading results into container
2021-03-01 11:46:44,075:INFO:Uploading model into container now
2021-03-01 11:46:44,075:INFO:create_model_container: 12
2021-03-01 11:46:44,075:INFO:master_model_container: 12
2021-03-01 11:46:44,075:INFO:display_container: 2
2021-03-01 11:46:44,076:INFO:ExtraTreesClassifier(bootstrap=False, ccp_alpha=0.0, class_weight=None,
                     criterion='gini', max_depth=None, max_features='auto',
                     max_leaf_nodes=None, max_samples=None,
                     min_impurity_decrease=0.0, min_impurity_split=None,
                     min_samples_leaf=1, min_samples_split=2,
                     min_weight_fraction_leaf=0.0, n_estimators=100, n_jobs=-1,
                     oob_score=False, random_state=123, verbose=0,
                     warm_start=False)
2021-03-01 11:46:44,076:INFO:create_model() succesfully completed......................................
2021-03-01 11:46:44,739:INFO:SubProcess create_model() end ==================================
2021-03-01 11:46:44,739:INFO:Creating metrics dataframe
2021-03-01 11:46:44,773:INFO:Initializing Extreme Gradient Boosting
2021-03-01 11:46:44,773:INFO:Total runtime is 3.5610984961191816 minutes
2021-03-01 11:46:44,782:INFO:SubProcess create_model() called ==================================
2021-03-01 11:46:44,782:INFO:Initializing create_model()
2021-03-01 11:46:44,782:INFO:create_model(estimator=xgboost, fold=StratifiedKFold(n_splits=10, random_state=None, shuffle=False), round=4, cross_validation=True, predict=True, fit_kwargs={}, groups=None, refit=False, verbose=False, system=False, metrics=None, display=<pycaret.internal.Display.Display object at 0x000001D818664190>, kwargs={})
2021-03-01 11:46:44,782:INFO:Checking exceptions
2021-03-01 11:46:44,782:INFO:Importing libraries
2021-03-01 11:46:44,782:INFO:Copying training dataset
2021-03-01 11:46:44,784:INFO:Defining folds
2021-03-01 11:46:44,784:INFO:Declaring metric variables
2021-03-01 11:46:44,790:INFO:Importing untrained model
2021-03-01 11:46:44,796:INFO:Extreme Gradient Boosting Imported succesfully
2021-03-01 11:46:44,810:INFO:Starting cross validation
2021-03-01 11:46:44,811:WARNING:create_model() for xgboost raised an exception or returned all 0.0, trying without fit_kwargs:
2021-03-01 11:46:47,477:WARNING:Traceback (most recent call last):
  File "C:\Users\LOKSUNDAR\anaconda3\lib\site-packages\pycaret\internal\pipeline.py", line 223, in add_estimator_to_pipeline
    assert hasattr(pipeline._final_estimator, "predict")
AssertionError

During handling of the above exception, another exception occurred:

Traceback (most recent call last):
  File "C:\Users\LOKSUNDAR\anaconda3\lib\site-packages\pycaret\internal\tabular.py", line 2163, in compare_models
    model, model_fit_time = create_model_supervised(
  File "C:\Users\LOKSUNDAR\anaconda3\lib\site-packages\pycaret\internal\tabular.py", line 3107, in create_model_supervised
    with estimator_pipeline(_internal_pipeline, model) as pipeline_with_model:
  File "C:\Users\LOKSUNDAR\anaconda3\lib\site-packages\pycaret\internal\pipeline.py", line 205, in __enter__
    add_estimator_to_pipeline(self.pipeline, self.estimator)
  File "C:\Users\LOKSUNDAR\anaconda3\lib\site-packages\pycaret\internal\pipeline.py", line 228, in add_estimator_to_pipeline
    pipeline._carry_over_final_estimator_fit_vars()
  File "C:\Users\LOKSUNDAR\anaconda3\lib\site-packages\pycaret\internal\pipeline.py", line 57, in _carry_over_final_estimator_fit_vars
    for k, v in get_all_object_vars_and_properties(
  File "C:\Users\LOKSUNDAR\anaconda3\lib\site-packages\pycaret\internal\utils.py", line 571, in get_all_object_vars_and_properties
    return {
  File "C:\Users\LOKSUNDAR\anaconda3\lib\site-packages\pycaret\internal\utils.py", line 574, in <dictcomp>
    if k[:2] != "__" and type(getattr(object, k, "")).__name__ != "method"
  File "C:\Users\LOKSUNDAR\anaconda3\lib\site-packages\xgboost\sklearn.py", line 687, in feature_importances_
    b = self.get_booster()
  File "C:\Users\LOKSUNDAR\anaconda3\lib\site-packages\xgboost\sklearn.py", line 261, in get_booster
    raise XGBoostError('need to call fit or load_model beforehand')
xgboost.core.XGBoostError: need to call fit or load_model beforehand

2021-03-01 11:46:47,709:INFO:Initializing create_model()
2021-03-01 11:46:47,709:INFO:create_model(estimator=xgboost, fold=StratifiedKFold(n_splits=10, random_state=None, shuffle=False), round=4, cross_validation=True, predict=True, fit_kwargs=None, groups=None, refit=False, verbose=False, system=False, metrics=None, display=<pycaret.internal.Display.Display object at 0x000001D818664190>, kwargs={})
2021-03-01 11:46:47,710:INFO:Checking exceptions
2021-03-01 11:46:47,710:INFO:Importing libraries
2021-03-01 11:46:47,710:INFO:Copying training dataset
2021-03-01 11:46:47,711:INFO:Defining folds
2021-03-01 11:46:47,711:INFO:Declaring metric variables
2021-03-01 11:46:47,718:INFO:Importing untrained model
2021-03-01 11:46:47,725:INFO:Extreme Gradient Boosting Imported succesfully
2021-03-01 11:46:47,737:INFO:Starting cross validation
2021-03-01 11:46:47,738:ERROR:create_model() for xgboost raised an exception:
2021-03-01 11:46:47,739:ERROR:Traceback (most recent call last):
  File "C:\Users\LOKSUNDAR\anaconda3\lib\site-packages\pycaret\internal\pipeline.py", line 223, in add_estimator_to_pipeline
    assert hasattr(pipeline._final_estimator, "predict")
AssertionError

During handling of the above exception, another exception occurred:

Traceback (most recent call last):
  File "C:\Users\LOKSUNDAR\anaconda3\lib\site-packages\pycaret\internal\tabular.py", line 2163, in compare_models
    model, model_fit_time = create_model_supervised(
  File "C:\Users\LOKSUNDAR\anaconda3\lib\site-packages\pycaret\internal\tabular.py", line 3107, in create_model_supervised
    with estimator_pipeline(_internal_pipeline, model) as pipeline_with_model:
  File "C:\Users\LOKSUNDAR\anaconda3\lib\site-packages\pycaret\internal\pipeline.py", line 205, in __enter__
    add_estimator_to_pipeline(self.pipeline, self.estimator)
  File "C:\Users\LOKSUNDAR\anaconda3\lib\site-packages\pycaret\internal\pipeline.py", line 228, in add_estimator_to_pipeline
    pipeline._carry_over_final_estimator_fit_vars()
  File "C:\Users\LOKSUNDAR\anaconda3\lib\site-packages\pycaret\internal\pipeline.py", line 57, in _carry_over_final_estimator_fit_vars
    for k, v in get_all_object_vars_and_properties(
  File "C:\Users\LOKSUNDAR\anaconda3\lib\site-packages\pycaret\internal\utils.py", line 571, in get_all_object_vars_and_properties
    return {
  File "C:\Users\LOKSUNDAR\anaconda3\lib\site-packages\pycaret\internal\utils.py", line 574, in <dictcomp>
    if k[:2] != "__" and type(getattr(object, k, "")).__name__ != "method"
  File "C:\Users\LOKSUNDAR\anaconda3\lib\site-packages\xgboost\sklearn.py", line 687, in feature_importances_
    b = self.get_booster()
  File "C:\Users\LOKSUNDAR\anaconda3\lib\site-packages\xgboost\sklearn.py", line 261, in get_booster
    raise XGBoostError('need to call fit or load_model beforehand')
xgboost.core.XGBoostError: need to call fit or load_model beforehand

During handling of the above exception, another exception occurred:

Traceback (most recent call last):
  File "C:\Users\LOKSUNDAR\anaconda3\lib\site-packages\pycaret\internal\pipeline.py", line 223, in add_estimator_to_pipeline
    assert hasattr(pipeline._final_estimator, "predict")
AssertionError

During handling of the above exception, another exception occurred:

Traceback (most recent call last):
  File "C:\Users\LOKSUNDAR\anaconda3\lib\site-packages\pycaret\internal\tabular.py", line 2183, in compare_models
    model, model_fit_time = create_model_supervised(
  File "C:\Users\LOKSUNDAR\anaconda3\lib\site-packages\pycaret\internal\tabular.py", line 3107, in create_model_supervised
    with estimator_pipeline(_internal_pipeline, model) as pipeline_with_model:
  File "C:\Users\LOKSUNDAR\anaconda3\lib\site-packages\pycaret\internal\pipeline.py", line 205, in __enter__
    add_estimator_to_pipeline(self.pipeline, self.estimator)
  File "C:\Users\LOKSUNDAR\anaconda3\lib\site-packages\pycaret\internal\pipeline.py", line 228, in add_estimator_to_pipeline
    pipeline._carry_over_final_estimator_fit_vars()
  File "C:\Users\LOKSUNDAR\anaconda3\lib\site-packages\pycaret\internal\pipeline.py", line 57, in _carry_over_final_estimator_fit_vars
    for k, v in get_all_object_vars_and_properties(
  File "C:\Users\LOKSUNDAR\anaconda3\lib\site-packages\pycaret\internal\utils.py", line 571, in get_all_object_vars_and_properties
    return {
  File "C:\Users\LOKSUNDAR\anaconda3\lib\site-packages\pycaret\internal\utils.py", line 574, in <dictcomp>
    if k[:2] != "__" and type(getattr(object, k, "")).__name__ != "method"
  File "C:\Users\LOKSUNDAR\anaconda3\lib\site-packages\xgboost\sklearn.py", line 687, in feature_importances_
    b = self.get_booster()
  File "C:\Users\LOKSUNDAR\anaconda3\lib\site-packages\xgboost\sklearn.py", line 261, in get_booster
    raise XGBoostError('need to call fit or load_model beforehand')
xgboost.core.XGBoostError: need to call fit or load_model beforehand

2021-03-01 11:46:47,739:INFO:Initializing Light Gradient Boosting Machine
2021-03-01 11:46:47,739:INFO:Total runtime is 3.6105290969212853 minutes
2021-03-01 11:46:47,746:INFO:SubProcess create_model() called ==================================
2021-03-01 11:46:47,746:INFO:Initializing create_model()
2021-03-01 11:46:47,746:INFO:create_model(estimator=lightgbm, fold=StratifiedKFold(n_splits=10, random_state=None, shuffle=False), round=4, cross_validation=True, predict=True, fit_kwargs={}, groups=None, refit=False, verbose=False, system=False, metrics=None, display=<pycaret.internal.Display.Display object at 0x000001D818664190>, kwargs={})
2021-03-01 11:46:47,746:INFO:Checking exceptions
2021-03-01 11:46:47,746:INFO:Importing libraries
2021-03-01 11:46:47,746:INFO:Copying training dataset
2021-03-01 11:46:47,747:INFO:Defining folds
2021-03-01 11:46:47,747:INFO:Declaring metric variables
2021-03-01 11:46:47,754:INFO:Importing untrained model
2021-03-01 11:46:47,761:INFO:Light Gradient Boosting Machine Imported succesfully
2021-03-01 11:46:47,784:INFO:Starting cross validation
2021-03-01 11:46:47,785:INFO:Cross validating with StratifiedKFold(n_splits=10, random_state=None, shuffle=False), n_jobs=-1
2021-03-01 11:47:02,860:INFO:Calculating mean and std
2021-03-01 11:47:02,861:INFO:Creating metrics dataframe
2021-03-01 11:47:02,864:INFO:Uploading results into container
2021-03-01 11:47:02,864:INFO:Uploading model into container now
2021-03-01 11:47:02,864:INFO:create_model_container: 13
2021-03-01 11:47:02,864:INFO:master_model_container: 13
2021-03-01 11:47:02,864:INFO:display_container: 2
2021-03-01 11:47:02,864:INFO:LGBMClassifier(boosting_type='gbdt', class_weight=None, colsample_bytree=1.0,
               importance_type='split', learning_rate=0.1, max_depth=-1,
               min_child_samples=20, min_child_weight=0.001, min_split_gain=0.0,
               n_estimators=100, n_jobs=-1, num_leaves=31, objective=None,
               random_state=123, reg_alpha=0.0, reg_lambda=0.0, silent=True,
               subsample=1.0, subsample_for_bin=200000, subsample_freq=0)
2021-03-01 11:47:02,864:INFO:create_model() succesfully completed......................................
2021-03-01 11:47:02,954:INFO:SubProcess create_model() end ==================================
2021-03-01 11:47:02,954:INFO:Creating metrics dataframe
2021-03-01 11:47:02,997:INFO:Initializing CatBoost Classifier
2021-03-01 11:47:02,997:INFO:Total runtime is 3.8648247838020326 minutes
2021-03-01 11:47:03,005:INFO:SubProcess create_model() called ==================================
2021-03-01 11:47:03,005:INFO:Initializing create_model()
2021-03-01 11:47:03,005:INFO:create_model(estimator=catboost, fold=StratifiedKFold(n_splits=10, random_state=None, shuffle=False), round=4, cross_validation=True, predict=True, fit_kwargs={}, groups=None, refit=False, verbose=False, system=False, metrics=None, display=<pycaret.internal.Display.Display object at 0x000001D818664190>, kwargs={})
2021-03-01 11:47:03,005:INFO:Checking exceptions
2021-03-01 11:47:03,005:INFO:Importing libraries
2021-03-01 11:47:03,006:INFO:Copying training dataset
2021-03-01 11:47:03,007:INFO:Defining folds
2021-03-01 11:47:03,007:INFO:Declaring metric variables
2021-03-01 11:47:03,013:INFO:Importing untrained model
2021-03-01 11:47:03,073:INFO:CatBoost Classifier Imported succesfully
2021-03-01 11:47:03,086:INFO:Starting cross validation
2021-03-01 11:47:03,087:INFO:Cross validating with StratifiedKFold(n_splits=10, random_state=None, shuffle=False), n_jobs=-1
2021-03-01 11:49:58,342:INFO:Calculating mean and std
2021-03-01 11:49:58,343:INFO:Creating metrics dataframe
2021-03-01 11:49:58,347:INFO:Uploading results into container
2021-03-01 11:49:58,347:INFO:Uploading model into container now
2021-03-01 11:49:58,348:INFO:create_model_container: 14
2021-03-01 11:49:58,348:INFO:master_model_container: 14
2021-03-01 11:49:58,348:INFO:display_container: 2
2021-03-01 11:49:58,348:INFO:<catboost.core.CatBoostClassifier object at 0x000001D864CA97C0>
2021-03-01 11:49:58,348:INFO:create_model() succesfully completed......................................
2021-03-01 11:49:58,418:INFO:SubProcess create_model() end ==================================
2021-03-01 11:49:58,419:INFO:Creating metrics dataframe
2021-03-01 11:49:58,472:INFO:Initializing create_model()
2021-03-01 11:49:58,473:INFO:create_model(estimator=LGBMClassifier(boosting_type='gbdt', class_weight=None, colsample_bytree=1.0,
               importance_type='split', learning_rate=0.1, max_depth=-1,
               min_child_samples=20, min_child_weight=0.001, min_split_gain=0.0,
               n_estimators=100, n_jobs=-1, num_leaves=31, objective=None,
               random_state=123, reg_alpha=0.0, reg_lambda=0.0, silent=True,
               subsample=1.0, subsample_for_bin=200000, subsample_freq=0), fold=StratifiedKFold(n_splits=10, random_state=None, shuffle=False), round=4, cross_validation=False, predict=False, fit_kwargs={}, groups=None, refit=True, verbose=False, system=False, metrics=None, display=None, kwargs={})
2021-03-01 11:49:58,473:INFO:Checking exceptions
2021-03-01 11:49:58,473:INFO:Importing libraries
2021-03-01 11:49:58,473:INFO:Copying training dataset
2021-03-01 11:49:58,474:INFO:Defining folds
2021-03-01 11:49:58,474:INFO:Declaring metric variables
2021-03-01 11:49:58,474:INFO:Importing untrained model
2021-03-01 11:49:58,474:INFO:Declaring custom model
2021-03-01 11:49:58,475:INFO:Light Gradient Boosting Machine Imported succesfully
2021-03-01 11:49:58,475:INFO:Cross validation set to False
2021-03-01 11:49:58,475:INFO:Fitting Model
2021-03-01 11:49:59,056:INFO:LGBMClassifier(boosting_type='gbdt', class_weight=None, colsample_bytree=1.0,
               importance_type='split', learning_rate=0.1, max_depth=-1,
               min_child_samples=20, min_child_weight=0.001, min_split_gain=0.0,
               n_estimators=100, n_jobs=-1, num_leaves=31, objective=None,
               random_state=123, reg_alpha=0.0, reg_lambda=0.0, silent=True,
               subsample=1.0, subsample_for_bin=200000, subsample_freq=0)
2021-03-01 11:49:59,056:INFO:create_models() succesfully completed......................................
2021-03-01 11:49:59,252:INFO:create_model_container: 14
2021-03-01 11:49:59,252:INFO:master_model_container: 14
2021-03-01 11:49:59,252:INFO:display_container: 2
2021-03-01 11:49:59,253:INFO:LGBMClassifier(boosting_type='gbdt', class_weight=None, colsample_bytree=1.0,
               importance_type='split', learning_rate=0.1, max_depth=-1,
               min_child_samples=20, min_child_weight=0.001, min_split_gain=0.0,
               n_estimators=100, n_jobs=-1, num_leaves=31, objective=None,
               random_state=123, reg_alpha=0.0, reg_lambda=0.0, silent=True,
               subsample=1.0, subsample_for_bin=200000, subsample_freq=0)
2021-03-01 11:49:59,253:INFO:compare_models() succesfully completed......................................
2021-03-01 11:52:58,720:INFO:Initializing create_model()
2021-03-01 11:52:58,720:INFO:create_model(estimator=lightgbm, fold=None, round=4, cross_validation=True, predict=True, fit_kwargs=None, groups=None, refit=True, verbose=True, system=True, metrics=None, display=None, kwargs={})
2021-03-01 11:52:58,720:INFO:Checking exceptions
2021-03-01 11:52:58,720:INFO:Preparing display monitor
2021-03-01 11:52:58,743:INFO:Importing libraries
2021-03-01 11:52:58,743:INFO:Copying training dataset
2021-03-01 11:52:58,745:INFO:Defining folds
2021-03-01 11:52:58,745:INFO:Declaring metric variables
2021-03-01 11:52:58,753:INFO:Importing untrained model
2021-03-01 11:52:58,764:INFO:Light Gradient Boosting Machine Imported succesfully
2021-03-01 11:52:58,785:INFO:Starting cross validation
2021-03-01 11:52:58,786:INFO:Cross validating with StratifiedKFold(n_splits=10, random_state=None, shuffle=False), n_jobs=-1
2021-03-01 11:53:00,880:INFO:Calculating mean and std
2021-03-01 11:53:00,883:INFO:Creating metrics dataframe
2021-03-01 11:53:00,904:INFO:Finalizing model
2021-03-01 11:53:01,377:INFO:Uploading results into container
2021-03-01 11:53:01,378:INFO:Uploading model into container now
2021-03-01 11:53:01,449:INFO:create_model_container: 15
2021-03-01 11:53:01,449:INFO:master_model_container: 15
2021-03-01 11:53:01,449:INFO:display_container: 3
2021-03-01 11:53:01,450:INFO:LGBMClassifier(boosting_type='gbdt', class_weight=None, colsample_bytree=1.0,
               importance_type='split', learning_rate=0.1, max_depth=-1,
               min_child_samples=20, min_child_weight=0.001, min_split_gain=0.0,
               n_estimators=100, n_jobs=-1, num_leaves=31, objective=None,
               random_state=123, reg_alpha=0.0, reg_lambda=0.0, silent=True,
               subsample=1.0, subsample_for_bin=200000, subsample_freq=0)
2021-03-01 11:53:01,450:INFO:create_model() succesfully completed......................................
